04-07-2022 10:38:12: app.py: INFO - table applicants already exists
04-07-2022 10:38:12: app.py: INFO - table experts already exists
04-07-2022 10:38:12: app.py: INFO - table meetings already exists
04-07-2022 10:38:12: app.py: INFO - table admins already exists
04-07-2022 10:38:12: app.py: INFO - Bot is running
04-07-2022 10:38:18: start.py: DEBUG - Applicant 1984327268 use /menu command
04-07-2022 10:38:29: applicant_menu.py: DEBUG - Applicant 1984327268 entered applicant_meetings handler but he doesn't have meetings yet
04-07-2022 10:38:31: applicant_menu.py: DEBUG - Applicant 1984327268 entered applicant_menu handler
04-07-2022 10:38:48: applicant_menu.py: DEBUG - Applicant 1984327268 entered search_experts handler
04-07-2022 10:39:27: start.py: DEBUG - User 1984327268 start the bot as an applicant
04-07-2022 10:39:30: applicant_form.py: DEBUG - Applicant 1984327268 entered applicant_start handler
04-07-2022 10:39:37: applicant_form.py: DEBUG - Applicant 1984327268 entered applicant_1 handler
04-07-2022 10:39:42: applicant_form.py: DEBUG - Applicant 1984327268 entered applicant_2 handler
04-07-2022 10:39:45: applicant_form.py: DEBUG - Applicant 1984327268 entered applicant_3 handler
04-07-2022 10:39:47: applicant_form.py: DEBUG - Applicant 1984327268 entered applicant_4 handler
04-07-2022 10:39:48: applicant_form.py: DEBUG - Applicant 1984327268 entered applicant_5 handler
04-07-2022 10:39:48: applicant_form.py: DEBUG - Applicant 1984327268 entered applicant_6 handler
04-07-2022 10:39:49: applicant_form.py: DEBUG - Applicant 1984327268 entered applicant_7 handler
04-07-2022 10:39:50: applicant_form.py: DEBUG - Applicant 1984327268 entered applicant_8 handler
04-07-2022 10:39:51: applicant_form.py: DEBUG - Applicant 1984327268 entered applicant_8_1 handler with cd 9 and sd {'list': [9]}
04-07-2022 10:39:52: applicant_form.py: DEBUG - Applicant 1984327268 entered applicant_8_1 handler with cd done and sd {'list': [9]}
04-07-2022 10:39:53: applicant_form.py: DEBUG - Applicant 1984327268 entered applicant_9 handler
04-07-2022 10:39:55: applicant_profile.py: DEBUG - Applicant 1984327268 entered check_profile_a handler
04-07-2022 10:39:56: applicant_menu.py: DEBUG - Applicant 1984327268 entered applicant_menu handler
04-07-2022 10:39:58: applicant_menu.py: DEBUG - Applicant 1984327268 entered add_photo handler
04-07-2022 10:39:59: applicant_menu.py: DEBUG - Applicant 1984327268 entered update_photo handler
04-07-2022 10:40:18: applicant_menu.py: DEBUG - Applicant 1984327268 entered uploading_photo handler
04-07-2022 10:40:20: applicant_menu.py: DEBUG - Applicant 1984327268 entered add_photo handler
04-07-2022 10:40:23: applicant_menu.py: DEBUG - Applicant 1984327268 entered applicant_menu handler
04-07-2022 10:40:24: applicant_menu.py: DEBUG - Applicant 1984327268 entered search_experts handler
04-07-2022 10:40:24: applicant_menu.py: DEBUG - Search_expert function shows that expert 1984327268 have 0 suitable experts
04-07-2022 10:40:24: applicant_menu.py: DEBUG - Applicant 1984327268 entered search_experts handler but don't have any suitable applicants
04-07-2022 10:40:25: applicant_menu.py: DEBUG - Applicant 1984327268 entered applicant_menu handler
04-07-2022 10:40:54: start.py: DEBUG - User 259733823 start the bot as an expert
04-07-2022 10:40:56: expert_form.py: DEBUG - Expert 259733823 entered expert_start handler
04-07-2022 10:41:05: expert_form.py: DEBUG - Expert 259733823 entered expert_1 handler
04-07-2022 10:41:07: expert_form.py: DEBUG - Expert 259733823 entered expert_2 handler
04-07-2022 10:41:09: expert_form.py: DEBUG - Expert 259733823 entered expert_2_1 handler with cd 12
04-07-2022 10:41:19: expert_form.py: DEBUG - Expert 259733823 entered expert_5 handler
04-07-2022 10:41:28: expert_form.py: DEBUG - Expert 259733823 entered expert_6 handler
04-07-2022 10:41:30: expert_form.py: DEBUG - Expert 259733823 entered expert_6_1 handler with cd 9 and sd {'list': [9]}
04-07-2022 10:41:31: expert_form.py: DEBUG - Expert 259733823 entered expert_6_1 handler with cd done and sd {'list': [9]}
04-07-2022 10:41:34: expert_profile.py: DEBUG - Expert 259733823 entered check_profile_e handler
04-07-2022 10:41:36: expert_menu.py: DEBUG - Expert 259733823 entered expert_menu handler
04-07-2022 10:41:39: expert_menu.py: DEBUG - Expert 259733823 entered add_photo handler
04-07-2022 10:41:42: expert_menu.py: DEBUG - Expert 259733823 entered update_photo handler
04-07-2022 10:42:15: expert_menu.py: DEBUG - Expert 259733823 entered uploading_photo handler
04-07-2022 10:42:17: expert_menu.py: DEBUG - Expert 259733823 entered update_timetable handler
04-07-2022 10:42:18: expert_menu.py: DEBUG - Expert 259733823 entered expert_menu handler
04-07-2022 10:42:21: expert_menu.py: DEBUG - Expert 259733823 entered search_applicants handler
04-07-2022 10:42:22: expert_menu.py: DEBUG - Search_applicant function shows that expert 259733823 have 3 suitable applicants
04-07-2022 10:42:25: expert_menu.py: DEBUG - Search_applicant function shows that expert 259733823 have 3 suitable applicants
04-07-2022 10:42:25: expert_menu.py: DEBUG - Expert 259733823 entered page_click_expert handler with page 2
04-07-2022 10:42:27: expert_menu.py: DEBUG - Search_applicant function shows that expert 259733823 have 3 suitable applicants
04-07-2022 10:42:27: expert_menu.py: DEBUG - Expert 259733823 entered page_click_expert handler with page 3
04-07-2022 10:42:31: expert_menu.py: DEBUG - Search_applicant function shows that expert 259733823 have 3 suitable applicants
04-07-2022 10:42:31: expert_menu.py: DEBUG - Expert 259733823 entered page_click_expert handler with page 2
04-07-2022 10:42:32: expert_menu.py: DEBUG - Search_applicant function shows that expert 259733823 have 3 suitable applicants
04-07-2022 10:42:32: expert_menu.py: DEBUG - Expert 259733823 entered page_click_expert handler with page 1
04-07-2022 10:42:33: expert_menu.py: DEBUG - Expert 259733823 entered expert_menu handler
04-07-2022 10:42:36: expert_menu.py: DEBUG - Expert 259733823 entered add_photo handler
04-07-2022 10:42:38: expert_menu.py: DEBUG - Expert 259733823 entered expert_menu handler
04-07-2022 10:44:11: applicant_profile.py: DEBUG - Applicant 567213956 entered change_profile_a handler
04-07-2022 10:44:15: applicant_profile.py: DEBUG - Applicant 567213956 entered check_profile_a handler
04-07-2022 10:44:17: start.py: DEBUG - Applicant 567213956 use /menu command
04-07-2022 10:44:18: applicant_menu.py: DEBUG - Applicant 567213956 entered add_photo handler
04-07-2022 10:44:20: applicant_menu.py: DEBUG - Applicant 567213956 entered update_photo handler
04-07-2022 10:44:55: applicant_menu.py: DEBUG - Applicant 567213956 entered uploading_photo handler
04-07-2022 10:44:57: applicant_menu.py: DEBUG - Applicant 567213956 entered add_photo handler
04-07-2022 10:45:00: applicant_menu.py: DEBUG - Applicant 567213956 entered applicant_menu handler
04-07-2022 10:45:02: applicant_menu.py: DEBUG - Applicant 567213956 entered search_experts handler
04-07-2022 10:45:02: applicant_menu.py: DEBUG - Search_expert function shows that expert 567213956 have 1 suitable experts
04-07-2022 10:50:08: app.py: INFO - table applicants already exists
04-07-2022 10:50:08: app.py: INFO - table experts already exists
04-07-2022 10:50:08: app.py: INFO - table meetings already exists
04-07-2022 10:50:08: app.py: INFO - table admins already exists
04-07-2022 10:50:08: app.py: INFO - Bot is running
04-07-2022 11:03:24: start.py: DEBUG - Applicant 567213956 use /menu command
04-07-2022 11:03:26: applicant_profile.py: DEBUG - Applicant 567213956 entered check_profile_a handler
04-07-2022 11:03:29: applicant_menu.py: DEBUG - Applicant 567213956 entered applicant_menu handler
04-07-2022 11:03:32: applicant_menu.py: DEBUG - Applicant 567213956 entered applicant_meetings handler but he doesn't have meetings yet
04-07-2022 11:03:33: applicant_menu.py: DEBUG - Applicant 567213956 entered applicant_menu handler
04-07-2022 11:11:35: start.py: DEBUG - User 767028281 start the bot as an expert
04-07-2022 11:11:37: expert_form.py: DEBUG - Expert 767028281 entered expert_start handler
04-07-2022 11:11:40: expert_form.py: DEBUG - Expert 767028281 entered expert_1 handler
04-07-2022 11:11:42: expert_form.py: DEBUG - Expert 767028281 entered expert_2 handler
04-07-2022 11:13:27: expert_form.py: DEBUG - Expert 767028281 entered expert_2_1 handler with cd 6
04-07-2022 11:13:32: expert_form.py: DEBUG - Expert 767028281 entered expert_5 handler
04-07-2022 11:13:43: expert_form.py: DEBUG - Expert 767028281 entered expert_6 handler but write incorrect slot: Почему тут январь?
04-07-2022 11:13:58: expert_form.py: DEBUG - Expert 767028281 entered expert_6 handler
04-07-2022 11:14:01: expert_form.py: DEBUG - Expert 767028281 entered expert_6_1 handler with cd 7 and sd {'list': [7]}
04-07-2022 11:14:04: expert_form.py: DEBUG - Expert 767028281 entered expert_6_1 handler with cd done and sd {'list': [7]}
04-07-2022 11:14:09: expert_menu.py: DEBUG - Expert 767028281 entered add_photo handler
04-07-2022 11:14:11: expert_menu.py: DEBUG - Expert 767028281 entered update_photo handler
04-07-2022 11:14:18: expert_menu.py: DEBUG - Expert 767028281 entered uploading_photo handler
04-07-2022 11:14:27: expert_menu.py: DEBUG - Expert 767028281 entered search_applicants handler
04-07-2022 11:14:27: expert_menu.py: DEBUG - Search_applicant function shows that expert 767028281 have 2 suitable applicants
04-07-2022 11:14:37: expert_menu.py: DEBUG - Search_applicant function shows that expert 767028281 have 2 suitable applicants
04-07-2022 11:14:37: expert_menu.py: DEBUG - Expert 767028281 entered page_click_expert handler with page 2
04-07-2022 11:14:43: expert_menu.py: DEBUG - Expert 767028281 entered expert_menu handler
04-07-2022 11:14:45: expert_menu.py: DEBUG - Expert 767028281 entered search_applicants handler
04-07-2022 11:14:45: expert_menu.py: DEBUG - Search_applicant function shows that expert 767028281 have 2 suitable applicants
04-07-2022 11:14:49: expert_menu.py: DEBUG - Search_applicant function shows that expert 767028281 have 2 suitable applicants
04-07-2022 11:14:49: expert_menu.py: DEBUG - Expert 767028281 entered page_click_expert handler with page 2
04-07-2022 11:14:56: expert_menu.py: DEBUG - Expert 767028281 entered applicant_chosen handler with applicant 655469564 and 0 free slots
04-07-2022 11:15:00: expert_menu.py: DEBUG - Expert 767028281 entered exert_meetings handler but he doesn't have meetings yet
04-07-2022 11:15:04: expert_menu.py: DEBUG - Expert 767028281 entered expert_menu handler
04-07-2022 11:53:33: expert_menu.py: DEBUG - Expert 259733823 entered exert_meetings handler but he doesn't have meetings yet
04-07-2022 11:53:34: expert_menu.py: DEBUG - Expert 259733823 entered expert_menu handler
04-07-2022 11:53:35: expert_menu.py: DEBUG - Expert 259733823 entered search_applicants handler
04-07-2022 11:53:36: expert_menu.py: DEBUG - Search_applicant function shows that expert 259733823 have 3 suitable applicants
04-07-2022 11:53:37: expert_menu.py: DEBUG - Search_applicant function shows that expert 259733823 have 3 suitable applicants
04-07-2022 11:53:38: expert_menu.py: DEBUG - Expert 259733823 entered page_click_expert handler with page 2
04-07-2022 11:53:42: expert_menu.py: DEBUG - Search_applicant function shows that expert 259733823 have 3 suitable applicants
04-07-2022 11:53:43: expert_menu.py: DEBUG - Expert 259733823 entered page_click_expert handler with page 3
04-07-2022 11:53:50: expert_menu.py: DEBUG - Search_applicant function shows that expert 259733823 have 3 suitable applicants
04-07-2022 11:53:50: expert_menu.py: DEBUG - Expert 259733823 entered page_click_expert handler with page 2
04-07-2022 11:53:50: expert_menu.py: DEBUG - Search_applicant function shows that expert 259733823 have 3 suitable applicants
04-07-2022 11:53:51: expert_menu.py: DEBUG - Expert 259733823 entered page_click_expert handler with page 1
04-07-2022 11:53:52: expert_menu.py: DEBUG - Expert 259733823 entered expert_menu handler
04-07-2022 12:15:50: start.py: DEBUG - Applicant 360694993 use /menu command
04-07-2022 12:15:53: applicant_menu.py: DEBUG - Applicant 360694993 entered search_experts handler
04-07-2022 12:15:55: applicant_menu.py: DEBUG - Applicant 360694993 entered search_experts handler
04-07-2022 12:15:55: applicant_menu.py: DEBUG - Applicant 360694993 entered search_experts handler
04-07-2022 12:15:56: applicant_menu.py: DEBUG - Applicant 360694993 entered applicant_meetings handler but he doesn't have meetings yet
04-07-2022 12:15:58: applicant_menu.py: DEBUG - Applicant 360694993 entered applicant_menu handler
04-07-2022 12:16:00: applicant_menu.py: DEBUG - Applicant 360694993 entered add_photo handler
04-07-2022 12:16:02: applicant_menu.py: DEBUG - Applicant 360694993 entered update_photo handler
04-07-2022 12:16:08: applicant_menu.py: DEBUG - Applicant 360694993 entered uploading_photo_msg handler
04-07-2022 12:16:10: applicant_menu.py: DEBUG - Applicant 360694993 entered applicant_menu handler
04-07-2022 12:16:12: applicant_menu.py: DEBUG - Applicant 360694993 entered search_experts handler
04-07-2022 12:16:14: applicant_menu.py: DEBUG - Applicant 360694993 entered search_experts handler
04-07-2022 12:16:14: applicant_menu.py: DEBUG - Applicant 360694993 entered search_experts handler
04-07-2022 12:16:16: applicant_menu.py: DEBUG - Applicant 567213956 entered applicant_meetings handler but he doesn't have meetings yet
04-07-2022 12:24:20: start.py: DEBUG - Applicant 567213956 use /menu command
04-07-2022 19:12:59: applicant_menu.py: DEBUG - Applicant 360694993 entered search_experts handler
04-07-2022 19:13:27: applicant_menu.py: DEBUG - Applicant 360694993 entered search_experts handler
04-07-2022 19:13:29: start.py: DEBUG - User 360694993 start the bot as an expert
04-07-2022 19:13:31: expert_form.py: DEBUG - Expert 360694993 entered expert_start handler
04-07-2022 19:13:37: expert_form.py: DEBUG - Expert 360694993 entered expert_1 handler
04-07-2022 19:13:49: expert_form.py: DEBUG - Expert 360694993 entered expert_2 handler
04-07-2022 19:14:10: expert_form.py: DEBUG - Expert 360694993 entered expert_2_1 handler with cd other
04-07-2022 19:14:18: expert_form.py: DEBUG - Expert 360694993 entered expert_3 handler
04-07-2022 19:14:25: expert_form.py: DEBUG - Expert 360694993 entered expert_5 handler
04-07-2022 19:14:32: expert_form.py: DEBUG - Expert 360694993 entered expert_6 handler but write incorrect slot: 25.01
04-07-2022 19:14:40: expert_form.py: DEBUG - Expert 360694993 entered expert_6 handler but write incorrect slot: 25.01.2022
04-07-2022 19:14:54: expert_form.py: DEBUG - Expert 360694993 entered expert_6 handler
04-07-2022 19:15:01: expert_form.py: DEBUG - Expert 360694993 entered expert_6_1 handler with cd 7 and sd {'list': [7]}
04-07-2022 19:15:03: start.py: DEBUG - User 655469564 start the bot as an expert
04-07-2022 19:15:04: expert_form.py: DEBUG - Expert 360694993 entered expert_6_1 handler with cd 4 and sd {'list': [7, 4]}
04-07-2022 19:15:06: expert_form.py: DEBUG - Expert 655469564 entered expert_start handler
04-07-2022 19:15:07: expert_form.py: DEBUG - Expert 360694993 entered expert_6_1 handler with cd done and sd {'list': [7, 4]}
04-07-2022 19:15:09: expert_form.py: DEBUG - Expert 655469564 entered expert_1 handler
04-07-2022 19:15:11: expert_form.py: DEBUG - Expert 655469564 entered expert_2 handler
04-07-2022 19:15:12: expert_menu.py: DEBUG - Expert 360694993 entered exert_meetings handler but he doesn't have meetings yet
04-07-2022 19:16:25: start.py: WARNING - User 360694993 entered bot with unknown start args: ZXhwZXJ0, and got exception: UNIQUE constraint failed: experts.user_id
04-07-2022 19:16:29: start.py: DEBUG - Expert 360694993 use /menu command
04-07-2022 19:16:36: expert_menu.py: DEBUG - Expert 360694993 entered search_applicants handler
04-07-2022 19:16:36: expert_menu.py: DEBUG - Search_applicant function shows that expert 360694993 have 3 suitable applicants
04-07-2022 19:16:39: expert_menu.py: DEBUG - Search_applicant function shows that expert 360694993 have 3 suitable applicants
04-07-2022 19:16:39: expert_menu.py: DEBUG - Expert 360694993 entered page_click_expert handler with page 2
04-07-2022 19:16:42: expert_menu.py: DEBUG - Expert 360694993 entered applicant_chosen handler with applicant 655469564 and 0 free slots
04-07-2022 19:17:33: expert_profile.py: DEBUG - Expert 360694993 entered check_profile_e handler
04-07-2022 19:17:37: expert_profile.py: DEBUG - Expert 360694993 entered change_profile_e handler
04-07-2022 19:17:43: expert_profile.py: DEBUG - Expert 360694993 entered che_topics handler
04-07-2022 19:17:45: expert_profile.py: DEBUG - Expert 360694993 entered che_topics2 handler with cd 2
04-07-2022 19:17:49: expert_profile.py: DEBUG - Expert 360694993 entered che_topics2 handler with cd 3
04-07-2022 19:17:51: expert_profile.py: DEBUG - Expert 360694993 entered che_topics2 handler with cd 3
04-07-2022 19:17:52: expert_profile.py: DEBUG - Expert 360694993 entered che_topics2 handler with cd 3
04-07-2022 19:17:54: expert_profile.py: DEBUG - Expert 360694993 entered che_topics2 handler with cd done
04-07-2022 19:18:12: expert_profile.py: DEBUG - Expert 360694993 entered che_topics handler
05-07-2022 04:40:11: applicant_profile.py: DEBUG - Applicant 567213956 entered check_profile_a handler
05-07-2022 04:40:13: applicant_profile.py: DEBUG - Applicant 567213956 entered change_profile_a handler
05-07-2022 04:40:18: applicant_profile.py: DEBUG - Applicant 567213956 entered cha_topics handler
05-07-2022 04:40:27: applicant_profile.py: DEBUG - Applicant 567213956 entered cha_topics2 handler with cd done
05-07-2022 06:29:05: expert_menu.py: DEBUG - Expert 767028281 entered update_timetable handler
05-07-2022 06:29:17: expert_menu.py: DEBUG - Expert 767028281 entered update_timetable2 handler
05-07-2022 06:29:23: expert_menu.py: DEBUG - Expert 767028281 entered expert_changing_tt but write incorrect slot: 06.07.2022
05-07-2022 06:29:41: expert_menu.py: DEBUG - Expert 767028281 entered expert_changing_tt and changed timetable
05-07-2022 06:29:44: expert_menu.py: DEBUG - Expert 767028281 entered expert_menu handler
05-07-2022 06:29:46: expert_menu.py: DEBUG - Expert 767028281 entered search_applicants handler
05-07-2022 06:29:46: expert_menu.py: DEBUG - Search_applicant function shows that expert 767028281 have 2 suitable applicants
05-07-2022 06:29:49: expert_menu.py: DEBUG - Search_applicant function shows that expert 767028281 have 2 suitable applicants
05-07-2022 06:29:49: expert_menu.py: DEBUG - Expert 767028281 entered page_click_expert handler with page 2
05-07-2022 06:29:52: expert_menu.py: DEBUG - Expert 767028281 entered expert_menu handler
05-07-2022 06:30:07: expert_menu.py: DEBUG - Expert 767028281 entered update_timetable handler
05-07-2022 06:30:09: expert_menu.py: DEBUG - Expert 767028281 entered update_timetable2 handler
05-07-2022 06:30:19: expert_menu.py: DEBUG - Expert 767028281 entered expert_changing_tt and changed timetable
05-07-2022 06:30:21: expert_menu.py: DEBUG - Expert 767028281 entered expert_menu handler
05-07-2022 06:30:23: expert_menu.py: DEBUG - Expert 767028281 entered search_applicants handler
05-07-2022 06:30:23: expert_menu.py: DEBUG - Search_applicant function shows that expert 767028281 have 2 suitable applicants
05-07-2022 06:30:25: expert_menu.py: DEBUG - Search_applicant function shows that expert 767028281 have 2 suitable applicants
05-07-2022 06:30:25: expert_menu.py: DEBUG - Expert 767028281 entered page_click_expert handler with page 2
05-07-2022 06:30:27: expert_menu.py: DEBUG - Expert 767028281 entered applicant_chosen handler with applicant 655469564 and 1 free slots
05-07-2022 06:30:29: notifications.py: DEBUG - Applicant 655469564 got notif_init_applicant notification
05-07-2022 06:30:29: expert_menu.py: DEBUG - Expert 767028281 entered choosing_time handler with applicant 655469564 and 06.07.2022 15:00 slot
05-07-2022 06:30:33: expert_menu.py: DEBUG - Expert 767028281 entered expert_menu handler
05-07-2022 06:30:34: expert_menu.py: DEBUG - Expert 767028281 entered exert_meetings handler and got 1 his meetings
05-07-2022 06:30:37: expert_menu.py: DEBUG - Expert 767028281 entered expert_menu handler
05-07-2022 06:32:14: applicant_profile.py: DEBUG - Applicant 567213956 entered cha_topics2 handler with cd 9
05-07-2022 06:32:15: applicant_profile.py: DEBUG - Applicant 567213956 entered cha_topics2 handler with cd 7
05-07-2022 06:32:16: applicant_profile.py: DEBUG - Applicant 567213956 entered cha_topics2 handler with cd 6
05-07-2022 06:32:16: applicant_profile.py: DEBUG - Applicant 567213956 entered cha_topics2 handler with cd 5
05-07-2022 06:32:17: applicant_profile.py: DEBUG - Applicant 567213956 entered cha_topics2 handler with cd 4
05-07-2022 06:32:19: applicant_profile.py: DEBUG - Applicant 567213956 entered cha_topics2 handler with cd done
05-07-2022 06:32:23: applicant_profile.py: DEBUG - Applicant 567213956 entered check_profile_a handler
05-07-2022 06:32:25: applicant_menu.py: DEBUG - Applicant 567213956 entered applicant_menu handler
05-07-2022 06:32:30: applicant_profile.py: DEBUG - Applicant 567213956 entered check_profile_a handler
05-07-2022 06:32:30: applicant_menu.py: DEBUG - Applicant 567213956 entered search_experts handler
05-07-2022 06:32:30: applicant_menu.py: DEBUG - Search_expert function shows that expert 567213956 have 2 suitable experts
05-07-2022 06:32:36: applicant_menu.py: DEBUG - Search_expert function shows that expert 567213956 have 2 suitable experts
05-07-2022 06:32:36: applicant_menu.py: DEBUG - Applicant 567213956 entered page_click_applicant handler with page 2
05-07-2022 06:32:38: applicant_menu.py: DEBUG - Applicant 567213956 entered expert_chosen handler with applicant 767028281 and 1 free slots
05-07-2022 06:32:42: notifications.py: DEBUG - Expert 767028281 got notif_init_expert notification about meeting 10
05-07-2022 06:32:42: applicant_menu.py: DEBUG - Applicant 567213956 entered choosing_time handler with expert 767028281 and 06.07.2022 15:00 slot
05-07-2022 06:32:47: applicant_menu.py: DEBUG - Applicant 567213956 entered applicant_menu handler
05-07-2022 06:33:28: expert_menu.py: DEBUG - Expert 767028281 entered notif_init_applicant_result with meeting 10 and cd approved_e_10
05-07-2022 06:34:48: applicant_menu.py: DEBUG - Applicant 567213956 entered applicant_meetings handler and got 1 his meetings
05-07-2022 06:34:48: applicant_menu.py: DEBUG - Applicant 567213956 entered applicant_meetings handler but he doesn't have meetings yet
05-07-2022 06:34:50: applicant_menu.py: DEBUG - Applicant 567213956 entered check_meeting handler with meeting 10
05-07-2022 06:34:52: start.py: DEBUG - Expert 767028281 use /menu command
05-07-2022 06:34:54: expert_menu.py: DEBUG - Expert 767028281 entered exert_meetings handler and got 2 his meetings
05-07-2022 06:34:58: expert_menu.py: DEBUG - Expert 767028281 entered check_meeting handler with meeting 9
05-07-2022 06:35:00: notifications.py: DEBUG - Applicant 655469564 got notif_cancel_to_applicant notification of 06.07.2022 15:00 meeting
05-07-2022 06:35:00: expert_menu.py: DEBUG - Expert 767028281 entered meeting_cancelation handler with meeting 9
05-07-2022 06:36:14: expert_form.py: DEBUG - Expert 655469564 entered expert_2_1 handler with cd approved_a_9
05-07-2022 06:39:31: expert_menu.py: DEBUG - Expert 767028281 entered expert_menu handler
05-07-2022 06:39:33: expert_menu.py: DEBUG - Expert 767028281 entered exert_meetings handler and got 1 his meetings
05-07-2022 06:39:38: expert_menu.py: DEBUG - Expert 767028281 entered expert_menu handler
05-07-2022 06:39:40: expert_menu.py: DEBUG - Expert 767028281 entered update_timetable handler
05-07-2022 06:39:41: expert_menu.py: DEBUG - Expert 767028281 entered update_timetable2 handler
05-07-2022 06:40:21: expert_menu.py: DEBUG - Expert 767028281 entered expert_changing_tt and changed timetable
05-07-2022 06:40:23: expert_menu.py: DEBUG - Expert 767028281 entered expert_menu handler
05-07-2022 06:40:36: expert_menu.py: DEBUG - Expert 767028281 entered search_applicants handler
05-07-2022 06:40:36: expert_menu.py: DEBUG - Search_applicant function shows that expert 767028281 have 2 suitable applicants
05-07-2022 06:40:37: expert_menu.py: DEBUG - Search_applicant function shows that expert 767028281 have 2 suitable applicants
05-07-2022 06:40:38: expert_menu.py: DEBUG - Expert 767028281 entered page_click_expert handler with page 2
05-07-2022 06:40:43: expert_menu.py: DEBUG - Expert 767028281 entered applicant_chosen handler with applicant 655469564 and 5 free slots
05-07-2022 06:40:49: expert_menu.py: DEBUG - Expert 767028281 entered search_applicants handler
05-07-2022 06:40:49: expert_menu.py: DEBUG - Search_applicant function shows that expert 767028281 have 2 suitable applicants
05-07-2022 06:40:52: expert_menu.py: DEBUG - Expert 767028281 entered expert_menu handler
05-07-2022 06:50:20: expert_menu.py: DEBUG - Expert 767028281 entered search_applicants handler
05-07-2022 06:50:20: expert_menu.py: DEBUG - Search_applicant function shows that expert 767028281 have 2 suitable applicants
05-07-2022 06:50:57: expert_menu.py: DEBUG - Expert 767028281 entered expert_menu handler
05-07-2022 06:51:01: expert_menu.py: DEBUG - Expert 767028281 entered search_applicants handler
05-07-2022 06:51:01: expert_menu.py: DEBUG - Search_applicant function shows that expert 767028281 have 2 suitable applicants
05-07-2022 06:51:03: expert_menu.py: DEBUG - Search_applicant function shows that expert 767028281 have 2 suitable applicants
05-07-2022 06:51:03: expert_menu.py: DEBUG - Expert 767028281 entered page_click_expert handler with page 2
05-07-2022 06:51:10: expert_menu.py: DEBUG - Expert 767028281 entered applicant_chosen handler with applicant 655469564 and 5 free slots
05-07-2022 06:51:15: notifications.py: DEBUG - Applicant 655469564 got notif_init_applicant notification
05-07-2022 06:51:15: expert_menu.py: DEBUG - Expert 767028281 entered choosing_time handler with applicant 655469564 and 05.07.2022 13:30 slot
05-07-2022 06:56:40: start.py: DEBUG - Applicant 567213956 use /menu command
05-07-2022 07:03:37: expert_menu.py: DEBUG - Expert 767028281 entered expert_menu handler
05-07-2022 07:03:39: expert_menu.py: DEBUG - Expert 767028281 entered exert_meetings handler and got 1 his meetings
05-07-2022 07:03:40: expert_menu.py: DEBUG - Expert 767028281 entered check_meeting handler with meeting 11
05-07-2022 07:03:43: notifications.py: DEBUG - Applicant 655469564 got notif_cancel_to_applicant notification of 05.07.2022 13:30 meeting
05-07-2022 07:03:43: expert_menu.py: DEBUG - Expert 767028281 entered meeting_cancelation handler with meeting 11
05-07-2022 07:03:44: expert_menu.py: DEBUG - Expert 767028281 entered expert_menu handler
05-07-2022 07:03:46: expert_menu.py: DEBUG - Expert 767028281 entered search_applicants handler
05-07-2022 07:03:46: expert_menu.py: DEBUG - Search_applicant function shows that expert 767028281 have 1 suitable applicants
05-07-2022 07:03:50: expert_menu.py: DEBUG - Expert 767028281 entered applicant_chosen handler with applicant 655469564 and 5 free slots
05-07-2022 07:03:52: notifications.py: DEBUG - Applicant 655469564 got notif_init_applicant notification
05-07-2022 07:03:52: expert_menu.py: DEBUG - Expert 767028281 entered choosing_time handler with applicant 655469564 and 05.07.2022 16:00 slot
05-07-2022 07:10:12: start.py: DEBUG - Applicant 567213956 use /menu command
05-07-2022 07:12:19: start.py: DEBUG - Applicant 567213956 use /menu command
05-07-2022 07:13:01: start.py: DEBUG - User 567213956 start the bot as an applicant
05-07-2022 07:13:24: applicant_form.py: DEBUG - Applicant 567213956 entered applicant_start handler
05-07-2022 07:13:27: applicant_form.py: DEBUG - Applicant 567213956 entered applicant_1 handler
05-07-2022 07:13:29: applicant_form.py: DEBUG - Applicant 567213956 entered applicant_2 handler
05-07-2022 07:13:38: applicant_form.py: DEBUG - Applicant 567213956 entered applicant_3 handler
05-07-2022 07:14:16: applicant_form.py: DEBUG - Applicant 567213956 entered applicant_4 handler
05-07-2022 07:14:35: applicant_form.py: DEBUG - Applicant 567213956 entered applicant_5 handler
05-07-2022 07:14:37: applicant_form.py: DEBUG - Applicant 567213956 entered applicant_6 handler
05-07-2022 07:14:40: applicant_form.py: DEBUG - Applicant 567213956 entered applicant_7 handler
05-07-2022 07:17:57: applicant_form.py: DEBUG - Applicant 567213956 entered applicant_8 handler
05-07-2022 07:18:25: applicant_form.py: DEBUG - Applicant 567213956 entered applicant_8_1 handler with cd 1 and sd {'list': [1]}
05-07-2022 07:18:25: applicant_form.py: DEBUG - Applicant 567213956 entered applicant_8_1 handler with cd 2 and sd {'list': [1, 2]}
05-07-2022 07:18:26: applicant_form.py: DEBUG - Applicant 567213956 entered applicant_8_1 handler with cd 3 and sd {'list': [1, 2, 3]}
05-07-2022 07:18:28: applicant_form.py: DEBUG - Applicant 567213956 entered applicant_8_1 handler with cd done and sd {'list': [1, 2, 3]}
05-07-2022 07:18:42: applicant_form.py: DEBUG - Applicant 567213956 entered applicant_9 handler
05-07-2022 07:18:44: applicant_menu.py: DEBUG - Applicant 567213956 entered add_photo handler
05-07-2022 07:18:45: applicant_menu.py: DEBUG - Applicant 567213956 entered update_photo handler
05-07-2022 07:19:00: applicant_menu.py: DEBUG - Applicant 567213956 entered uploading_photo handler
05-07-2022 12:00:00: notifications.py: DEBUG - Applicant 567213956 got notif_1day notification
06-07-2022 08:05:57: start.py: DEBUG - Applicant 567213956 use /menu command
06-07-2022 08:05:58: applicant_menu.py: DEBUG - Applicant 567213956 entered applicant_meetings handler but he doesn't have meetings yet
06-07-2022 08:06:05: applicant_menu.py: DEBUG - Applicant 567213956 entered applicant_menu handler
06-07-2022 08:06:06: applicant_menu.py: DEBUG - Applicant 567213956 entered search_experts handler
06-07-2022 08:06:06: applicant_menu.py: DEBUG - Search_expert function shows that expert 567213956 have 0 suitable experts
06-07-2022 08:06:07: applicant_menu.py: DEBUG - Applicant 567213956 entered search_experts handler but don't have any suitable applicants
06-07-2022 08:06:12: applicant_menu.py: DEBUG - Applicant 567213956 entered applicant_menu handler
06-07-2022 08:06:40: applicant_profile.py: DEBUG - Applicant 567213956 entered check_profile_a handler
06-07-2022 08:06:41: applicant_profile.py: DEBUG - Applicant 567213956 entered change_profile_a handler
06-07-2022 08:06:45: applicant_profile.py: DEBUG - Applicant 567213956 entered cha_topics handler
06-07-2022 08:06:46: applicant_profile.py: DEBUG - Applicant 567213956 entered cha_topics2 handler with cd 1
06-07-2022 08:06:47: applicant_profile.py: DEBUG - Applicant 567213956 entered cha_topics2 handler with cd 2
06-07-2022 08:06:47: applicant_profile.py: DEBUG - Applicant 567213956 entered cha_topics2 handler with cd 3
06-07-2022 08:06:48: applicant_profile.py: DEBUG - Applicant 567213956 entered cha_topics2 handler with cd 4
06-07-2022 08:06:50: applicant_profile.py: DEBUG - Applicant 567213956 entered cha_topics2 handler with cd 9
06-07-2022 08:06:51: applicant_profile.py: DEBUG - Applicant 567213956 entered cha_topics2 handler with cd 8
06-07-2022 08:06:52: applicant_profile.py: DEBUG - Applicant 567213956 entered cha_topics2 handler with cd 2
06-07-2022 08:06:56: applicant_profile.py: DEBUG - Applicant 567213956 entered cha_topics2 handler with cd 6
06-07-2022 08:06:56: applicant_profile.py: DEBUG - Applicant 567213956 entered cha_topics2 handler with cd 8
06-07-2022 08:06:56: applicant_profile.py: DEBUG - Applicant 567213956 entered cha_topics2 handler with cd 7
06-07-2022 08:06:56: applicant_profile.py: DEBUG - Applicant 567213956 entered cha_topics2 handler with cd 5
06-07-2022 08:06:56: applicant_profile.py: DEBUG - Applicant 567213956 entered cha_topics2 handler with cd 7
06-07-2022 08:07:01: applicant_profile.py: DEBUG - Applicant 567213956 entered cha_topics2 handler with cd 6
06-07-2022 08:07:02: applicant_profile.py: DEBUG - Applicant 567213956 entered cha_topics2 handler with cd 7
06-07-2022 08:07:03: applicant_profile.py: DEBUG - Applicant 567213956 entered cha_topics2 handler with cd 4
06-07-2022 08:07:03: applicant_profile.py: DEBUG - Applicant 567213956 entered cha_topics2 handler with cd 5
06-07-2022 08:07:03: applicant_profile.py: DEBUG - Applicant 567213956 entered cha_topics2 handler with cd 3
06-07-2022 08:07:07: applicant_profile.py: DEBUG - Applicant 567213956 entered cha_topics2 handler with cd 1
06-07-2022 08:07:07: applicant_profile.py: DEBUG - Applicant 567213956 entered cha_topics2 handler with cd 8
06-07-2022 08:07:07: applicant_profile.py: DEBUG - Applicant 567213956 entered cha_topics2 handler with cd 9
06-07-2022 08:07:08: applicant_profile.py: DEBUG - Applicant 567213956 entered cha_topics2 handler with cd 6
06-07-2022 08:07:13: applicant_profile.py: DEBUG - Applicant 567213956 entered cha_topics2 handler with cd 6
06-07-2022 08:07:14: applicant_profile.py: DEBUG - Applicant 567213956 entered cha_topics2 handler with cd 1
06-07-2022 08:07:15: applicant_profile.py: DEBUG - Applicant 567213956 entered cha_topics2 handler with cd 2
06-07-2022 08:07:17: applicant_profile.py: DEBUG - Applicant 567213956 entered cha_topics2 handler with cd 6
06-07-2022 08:07:19: applicant_profile.py: DEBUG - Applicant 567213956 entered cha_topics2 handler with cd 6
06-07-2022 08:07:21: applicant_profile.py: DEBUG - Applicant 567213956 entered cha_topics2 handler with cd 6
06-07-2022 08:07:22: applicant_profile.py: DEBUG - Applicant 567213956 entered cha_topics2 handler with cd 4
06-07-2022 08:07:24: applicant_profile.py: DEBUG - Applicant 567213956 entered cha_topics2 handler with cd done
06-07-2022 08:07:26: applicant_profile.py: DEBUG - Applicant 567213956 entered check_profile_a handler
06-07-2022 08:07:27: applicant_menu.py: DEBUG - Applicant 567213956 entered applicant_menu handler
06-07-2022 08:07:29: applicant_menu.py: DEBUG - Applicant 567213956 entered search_experts handler
06-07-2022 08:07:29: applicant_menu.py: DEBUG - Search_expert function shows that expert 567213956 have 0 suitable experts
06-07-2022 08:07:29: applicant_menu.py: DEBUG - Applicant 567213956 entered search_experts handler but don't have any suitable applicants
06-07-2022 08:07:33: applicant_menu.py: DEBUG - Applicant 567213956 entered applicant_menu handler
06-07-2022 08:09:51: start.py: DEBUG - User 567213956 start the bot as an applicant
06-07-2022 08:09:52: applicant_form.py: DEBUG - Applicant 567213956 entered applicant_start handler
06-07-2022 08:10:19: applicant_form.py: DEBUG - Applicant 567213956 entered applicant_1 handler
06-07-2022 08:10:20: applicant_form.py: DEBUG - Applicant 567213956 entered applicant_2 handler
06-07-2022 08:10:21: applicant_form.py: DEBUG - Applicant 567213956 entered applicant_3 handler
06-07-2022 08:10:25: applicant_form.py: DEBUG - Applicant 567213956 entered applicant_4 handler
06-07-2022 08:10:27: applicant_form.py: DEBUG - Applicant 567213956 entered applicant_5 handler
06-07-2022 08:10:28: applicant_form.py: DEBUG - Applicant 567213956 entered applicant_6 handler
06-07-2022 08:10:29: applicant_form.py: DEBUG - Applicant 567213956 entered applicant_7 handler
06-07-2022 08:10:31: applicant_form.py: DEBUG - Applicant 567213956 entered applicant_8 handler
06-07-2022 08:10:33: applicant_form.py: DEBUG - Applicant 567213956 entered applicant_8_1 handler with cd 1 and sd {'list': [1]}
06-07-2022 08:10:34: applicant_form.py: DEBUG - Applicant 567213956 entered applicant_8_1 handler with cd 6 and sd {'list': [1, 6]}
06-07-2022 08:10:35: applicant_form.py: DEBUG - Applicant 567213956 entered applicant_8_1 handler with cd 8 and sd {'list': [1, 6, 8]}
06-07-2022 08:10:35: applicant_form.py: DEBUG - Applicant 567213956 entered applicant_8_1 handler with cd 9 and sd {'list': [1, 6, 8, 9]}
06-07-2022 08:10:36: applicant_form.py: DEBUG - Applicant 567213956 entered applicant_8_1 handler with cd done and sd {'list': [1, 6, 8, 9]}
06-07-2022 08:10:38: applicant_form.py: DEBUG - Applicant 567213956 entered applicant_9 handler
06-07-2022 08:10:40: applicant_menu.py: DEBUG - Applicant 567213956 entered search_experts handler
06-07-2022 08:10:40: applicant_menu.py: DEBUG - Search_expert function shows that expert 567213956 have 1 suitable experts
06-07-2022 08:11:39: start.py: DEBUG - User 567213956 start the bot as an expert
06-07-2022 08:11:42: expert_form.py: DEBUG - Expert 567213956 entered expert_start handler
06-07-2022 08:11:47: expert_form.py: DEBUG - Expert 567213956 entered expert_1 handler
06-07-2022 08:11:55: expert_form.py: DEBUG - Expert 567213956 entered expert_2 handler
06-07-2022 08:12:02: expert_form.py: DEBUG - Expert 567213956 entered expert_2_1 handler with cd other
06-07-2022 08:12:08: expert_form.py: DEBUG - Expert 567213956 entered expert_3 handler
06-07-2022 08:12:19: expert_form.py: DEBUG - Expert 567213956 entered expert_5 handler
06-07-2022 08:13:15: expert_form.py: DEBUG - Expert 567213956 entered expert_6 handler
06-07-2022 08:13:17: expert_form.py: DEBUG - Expert 567213956 entered expert_6_1 handler with cd 2 and sd {'list': [2]}
06-07-2022 08:13:18: expert_form.py: DEBUG - Expert 567213956 entered expert_6_1 handler with cd 5 and sd {'list': [2, 5]}
06-07-2022 08:13:19: expert_form.py: DEBUG - Expert 567213956 entered expert_6_1 handler with cd 6 and sd {'list': [2, 5, 6]}
06-07-2022 08:13:20: expert_form.py: DEBUG - Expert 567213956 entered expert_6_1 handler with cd 7 and sd {'list': [2, 5, 6, 7]}
06-07-2022 08:13:21: expert_form.py: DEBUG - Expert 567213956 entered expert_6_1 handler with cd 9 and sd {'list': [2, 5, 6, 7, 9]}
06-07-2022 08:13:25: expert_form.py: DEBUG - Expert 567213956 entered expert_6_1 handler with cd done and sd {'list': [2, 5, 6, 7, 9]}
06-07-2022 08:13:28: expert_menu.py: DEBUG - Expert 567213956 entered search_applicants handler
06-07-2022 08:13:28: expert_menu.py: DEBUG - Search_applicant function shows that expert 567213956 have 3 suitable applicants
06-07-2022 08:13:31: expert_menu.py: DEBUG - Search_applicant function shows that expert 567213956 have 3 suitable applicants
06-07-2022 08:13:31: expert_menu.py: DEBUG - Expert 567213956 entered page_click_expert handler with page 2
06-07-2022 08:13:33: expert_menu.py: DEBUG - Search_applicant function shows that expert 567213956 have 3 suitable applicants
06-07-2022 08:13:33: expert_menu.py: DEBUG - Expert 567213956 entered page_click_expert handler with page 3
06-07-2022 08:13:38: expert_menu.py: DEBUG - Search_applicant function shows that expert 567213956 have 3 suitable applicants
06-07-2022 08:13:39: expert_menu.py: DEBUG - Expert 567213956 entered page_click_expert handler with page 2
06-07-2022 08:13:40: expert_menu.py: DEBUG - Expert 567213956 entered applicant_chosen handler with applicant 655469564 and 7 free slots
06-07-2022 08:13:49: notifications.py: DEBUG - Applicant 655469564 got notif_init_applicant notification
06-07-2022 08:13:49: expert_menu.py: DEBUG - Expert 567213956 entered choosing_time handler with applicant 655469564 and 07.07.2022 14:40 slot
06-07-2022 08:13:56: expert_menu.py: DEBUG - Expert 567213956 entered expert_menu handler
06-07-2022 09:00:00: notifications.py: DEBUG - Applicant 567213956 got notif_3hours notification about 10 meeting
06-07-2022 12:03:43: start.py: DEBUG - Applicant 567213956 use /menu command
06-07-2022 12:05:19: start.py: DEBUG - User 567213956 start the bot as an applicant
07-07-2022 15:52:12: applicant_form.py: DEBUG - Applicant 567213956 entered applicant_start handler
07-07-2022 15:52:15: applicant_form.py: DEBUG - Applicant 567213956 entered applicant_1 handler
07-07-2022 15:52:24: applicant_form.py: DEBUG - Applicant 567213956 entered applicant_2 handler
07-07-2022 15:52:25: applicant_form.py: DEBUG - Applicant 567213956 entered applicant_3 handler
07-07-2022 15:52:28: applicant_form.py: DEBUG - Applicant 567213956 entered applicant_4 handler
07-07-2022 15:52:29: applicant_form.py: DEBUG - Applicant 567213956 entered applicant_5 handler
07-07-2022 15:52:30: applicant_form.py: DEBUG - Applicant 567213956 entered applicant_6 handler
07-07-2022 15:52:31: applicant_form.py: DEBUG - Applicant 567213956 entered applicant_7 handler
07-07-2022 15:52:32: applicant_form.py: DEBUG - Applicant 567213956 entered applicant_8 handler
07-07-2022 15:52:35: applicant_form.py: DEBUG - Applicant 567213956 entered applicant_8_1 handler with cd 9 and sd {'list': [9]}
07-07-2022 15:52:35: applicant_form.py: DEBUG - Applicant 567213956 entered applicant_8_1 handler with cd 8 and sd {'list': [9, 8]}
07-07-2022 15:52:36: applicant_form.py: DEBUG - Applicant 567213956 entered applicant_8_1 handler with cd 7 and sd {'list': [9, 8, 7]}
07-07-2022 15:52:36: applicant_form.py: DEBUG - Applicant 567213956 entered applicant_8_1 handler with cd 6 and sd {'list': [9, 8, 7, 6]}
07-07-2022 15:52:36: applicant_form.py: DEBUG - Applicant 567213956 entered applicant_8_1 handler with cd 5 and sd {'list': [9, 8, 7, 6, 5]}
07-07-2022 15:52:43: applicant_form.py: DEBUG - Applicant 567213956 entered applicant_8_1 handler with cd done and sd {'list': [9, 8, 7, 6, 5]}
07-07-2022 15:52:46: applicant_form.py: DEBUG - Applicant 567213956 entered applicant_9 handler
07-07-2022 15:52:49: applicant_menu.py: DEBUG - Applicant 567213956 entered search_experts handler
07-07-2022 15:52:49: applicant_menu.py: DEBUG - Search_expert function shows that expert 567213956 have 1 suitable experts
07-07-2022 15:52:55: applicant_menu.py: DEBUG - Applicant 567213956 entered expert_chosen handler with applicant 259733823 and 1 free slots
07-07-2022 15:53:45: expert_menu.py: DEBUG - Expert 259733823 entered search_applicants handler
07-07-2022 15:53:45: expert_menu.py: DEBUG - Search_applicant function shows that expert 259733823 have 3 suitable applicants
07-07-2022 15:53:48: expert_menu.py: DEBUG - Search_applicant function shows that expert 259733823 have 3 suitable applicants
07-07-2022 15:53:48: expert_menu.py: DEBUG - Expert 259733823 entered page_click_expert handler with page 2
07-07-2022 15:53:55: expert_menu.py: DEBUG - Search_applicant function shows that expert 259733823 have 3 suitable applicants
07-07-2022 15:53:55: expert_menu.py: DEBUG - Expert 259733823 entered page_click_expert handler with page 3
07-07-2022 15:53:57: expert_menu.py: DEBUG - Search_applicant function shows that expert 259733823 have 3 suitable applicants
07-07-2022 15:53:57: expert_menu.py: DEBUG - Expert 259733823 entered page_click_expert handler with page 2
07-07-2022 15:53:59: expert_menu.py: DEBUG - Expert 259733823 entered applicant_chosen handler with applicant 567213956 and 1 free slots
07-07-2022 15:54:02: expert_menu.py: DEBUG - Expert 259733823 entered search_applicants handler
07-07-2022 15:54:03: expert_menu.py: DEBUG - Search_applicant function shows that expert 259733823 have 3 suitable applicants
07-07-2022 15:54:04: expert_menu.py: DEBUG - Expert 259733823 entered expert_menu handler
07-07-2022 15:54:06: expert_menu.py: DEBUG - Expert 259733823 entered update_timetable handler
07-07-2022 15:54:08: expert_menu.py: DEBUG - Expert 259733823 entered update_timetable2 handler
07-07-2022 15:54:22: expert_menu.py: DEBUG - Expert 259733823 entered expert_changing_tt and changed timetable
07-07-2022 15:54:24: expert_menu.py: DEBUG - Expert 259733823 entered expert_menu handler
07-07-2022 15:54:26: expert_menu.py: DEBUG - Expert 259733823 entered search_applicants handler
07-07-2022 15:54:26: expert_menu.py: DEBUG - Search_applicant function shows that expert 259733823 have 3 suitable applicants
07-07-2022 15:54:27: expert_menu.py: DEBUG - Search_applicant function shows that expert 259733823 have 3 suitable applicants
07-07-2022 15:54:27: expert_menu.py: DEBUG - Expert 259733823 entered page_click_expert handler with page 2
07-07-2022 15:54:29: expert_menu.py: DEBUG - Expert 259733823 entered applicant_chosen handler with applicant 567213956 and 1 free slots
07-07-2022 15:54:30: notifications.py: DEBUG - Applicant 567213956 got notif_init_applicant notification
07-07-2022 15:54:30: expert_menu.py: DEBUG - Expert 259733823 entered choosing_time handler with applicant 567213956 and 07.07.2022 23:00 slot
07-07-2022 15:54:32: expert_menu.py: DEBUG - Expert 259733823 entered expert_menu handler
07-07-2022 15:54:40: applicant_menu.py: DEBUG - Applicant 567213956 entered notif_init_expert_result with meeting 14 and cd approved_a_14
07-07-2022 15:59:31: expert_menu.py: DEBUG - Expert 259733823 entered exert_meetings handler and got 1 his meetings
07-07-2022 15:59:33: expert_menu.py: DEBUG - Expert 259733823 entered check_meeting handler with meeting 14
07-07-2022 15:59:35: expert_menu.py: DEBUG - Expert 259733823 entered exert_meetings handler and got 1 his meetings
07-07-2022 15:59:37: expert_menu.py: DEBUG - Expert 259733823 entered expert_menu handler
07-07-2022 17:00:00: notifications.py: DEBUG - Applicant 567213956 got notif_3hours notification about 14 meeting
07-07-2022 18:16:47: zoom.py: DEBUG - Script generated new zoom meeting link arranged at 2022-07-07T23:00:00
07-07-2022 18:16:48: notifications.py: DEBUG - Expert 259733823 got notif_approved_3hours_to_expert notification
07-07-2022 18:16:48: applicant_menu.py: DEBUG - Applicant 567213956 entered approved_3hours handler with meeting 14
07-07-2022 19:00:00: notifications.py: DEBUG - Applicant 567213956 got notif_1hour notification
07-07-2022 19:55:00: notifications.py: DEBUG - Applicant 567213956 got notif_5min notification
08-07-2022 09:30:09: expert_menu.py: DEBUG - Expert 259733823 entered exert_meetings handler but he doesn't have meetings yet
08-07-2022 09:30:11: expert_menu.py: DEBUG - Expert 259733823 entered expert_menu handler
08-07-2022 20:00:00: notifications.py: DEBUG - Applicant 567213956 got feedback_notif_applicant notification about meeting 14
08-07-2022 20:00:00: notifications.py: DEBUG - Expert 259733823 got feedback_notif_applicant notification about meeting 14
08-07-2022 20:02:21: applicant_menu.py: DEBUG - Applicant 567213956 entered applicant_menu handler
08-07-2022 20:02:23: applicant_menu.py: DEBUG - Applicant 567213956 entered applicant_meetings handler but he doesn't have meetings yet
08-07-2022 22:32:04: expert_menu.py: DEBUG - Expert 259733823 entered expert_menu handler
15-07-2022 07:33:20: start.py: DEBUG - Applicant 567213956 use /menu command
15-07-2022 07:33:21: applicant_menu.py: DEBUG - Applicant 567213956 entered search_experts handler
15-07-2022 07:33:21: applicant_menu.py: DEBUG - Search_expert function shows that expert 567213956 have 0 suitable experts
15-07-2022 07:33:21: applicant_menu.py: DEBUG - Applicant 567213956 entered search_experts handler but don't have any suitable applicants
15-07-2022 07:49:32: start.py: DEBUG - Applicant 567213956 use /menu command
15-07-2022 08:00:26: applicant_profile.py: DEBUG - Applicant 567213956 entered check_profile_a handler
15-07-2022 08:00:34: applicant_menu.py: DEBUG - Applicant 567213956 entered applicant_menu handler
15-07-2022 10:29:40: start.py: DEBUG - Applicant 787297524 use /menu command
15-07-2022 10:29:50: applicant_menu.py: DEBUG - Applicant 787297524 entered search_experts handler
15-07-2022 10:29:53: applicant_menu.py: DEBUG - Applicant 787297524 entered search_experts handler
15-07-2022 10:29:54: applicant_menu.py: DEBUG - Applicant 787297524 entered search_experts handler
15-07-2022 10:29:54: applicant_menu.py: DEBUG - Applicant 787297524 entered search_experts handler
15-07-2022 10:29:55: applicant_menu.py: DEBUG - Applicant 787297524 entered applicant_meetings handler but he doesn't have meetings yet
15-07-2022 10:29:57: applicant_menu.py: DEBUG - Applicant 787297524 entered applicant_menu handler
17-07-2022 18:18:02: applicant_menu.py: DEBUG - Applicant 1083031420 entered applicant_meetings handler but he doesn't have meetings yet
17-07-2022 18:18:05: applicant_menu.py: DEBUG - Applicant 1083031420 entered applicant_menu handler
17-07-2022 18:18:07: start.py: DEBUG - Applicant 1083031420 use /menu command
17-07-2022 18:18:12: applicant_menu.py: DEBUG - Applicant 1083031420 entered search_experts handler
17-07-2022 18:18:30: applicant_menu.py: DEBUG - Applicant 1083031420 entered search_experts handler
17-07-2022 18:18:33: applicant_menu.py: DEBUG - Applicant 1083031420 entered add_photo handler
17-07-2022 18:18:35: applicant_menu.py: DEBUG - Applicant 1083031420 entered applicant_menu handler
19-07-2022 12:07:14: start.py: DEBUG - User 767028281 start the bot as an applicant
19-07-2022 12:07:18: applicant_form.py: DEBUG - Applicant 767028281 entered applicant_start handler
19-07-2022 12:07:39: applicant_form.py: DEBUG - Applicant 767028281 entered applicant_1 handler
19-07-2022 12:07:40: start.py: DEBUG - Applicant 2558025 use /menu command
19-07-2022 12:07:43: applicant_form.py: DEBUG - Applicant 767028281 entered applicant_2 handler
19-07-2022 12:07:50: applicant_form.py: DEBUG - Applicant 767028281 entered applicant_3 handler
19-07-2022 12:08:26: applicant_form.py: DEBUG - Applicant 767028281 entered applicant_4 handler
19-07-2022 12:08:40: start.py: DEBUG - Applicant 2558025 use /menu command
19-07-2022 12:08:55: applicant_form.py: DEBUG - Applicant 767028281 entered applicant_5 handler
19-07-2022 12:08:58: applicant_form.py: DEBUG - Applicant 767028281 entered applicant_6 handler
19-07-2022 12:09:02: applicant_form.py: DEBUG - Applicant 767028281 entered applicant_7 handler
19-07-2022 12:09:12: start.py: DEBUG - Applicant 2558025 use /menu command
19-07-2022 12:09:19: applicant_form.py: DEBUG - Applicant 767028281 entered applicant_8 handler
19-07-2022 12:09:23: applicant_form.py: DEBUG - Applicant 767028281 entered applicant_8_1 handler with cd 1 and sd {'list': [1]}
19-07-2022 12:09:28: applicant_form.py: DEBUG - Applicant 767028281 entered applicant_8_1 handler with cd 2 and sd {'list': [1, 2]}
19-07-2022 12:09:29: applicant_form.py: DEBUG - Applicant 767028281 entered applicant_8_1 handler with cd 7 and sd {'list': [1, 2, 7]}
19-07-2022 12:09:32: start.py: DEBUG - User 832046540 start the bot as an applicant
19-07-2022 12:09:34: applicant_form.py: DEBUG - Applicant 767028281 entered applicant_8_1 handler with cd done and sd {'list': [1, 2, 7]}
19-07-2022 12:09:48: expert_form.py: DEBUG - Expert 655469564 entered expert_5 handler
19-07-2022 12:09:48: applicant_form.py: DEBUG - Applicant 832046540 entered applicant_start handler
19-07-2022 12:09:52: applicant_menu.py: DEBUG - Applicant 2558025 entered add_photo handler
19-07-2022 12:09:54: applicant_menu.py: DEBUG - Applicant 2558025 entered update_photo handler
19-07-2022 12:09:55: applicant_form.py: DEBUG - Applicant 832046540 entered applicant_1 handler
19-07-2022 12:10:00: applicant_form.py: DEBUG - Applicant 832046540 entered applicant_2 handler
19-07-2022 12:10:02: applicant_menu.py: DEBUG - Applicant 2558025 entered uploading_photo handler
19-07-2022 12:10:04: expert_form.py: DEBUG - Expert 655469564 entered expert_6 handler but write incorrect slot: /start
19-07-2022 12:10:08: expert_form.py: DEBUG - Expert 655469564 entered expert_6 handler but write incorrect slot: /start ZXhwZXJ0
19-07-2022 12:10:21: applicant_menu.py: DEBUG - Applicant 2558025 entered add_photo handler
19-07-2022 12:10:23: applicant_menu.py: DEBUG - Applicant 2558025 entered update_photo handler
19-07-2022 12:10:31: applicant_menu.py: DEBUG - Applicant 2558025 entered uploading_photo handler
19-07-2022 12:10:42: applicant_menu.py: DEBUG - Applicant 2558025 entered search_experts handler
19-07-2022 12:10:48: start.py: DEBUG - Applicant 2558025 use /menu command
19-07-2022 12:10:52: expert_form.py: DEBUG - Expert 655469564 entered expert_6 handler but write incorrect slot: /start
19-07-2022 12:10:55: expert_form.py: DEBUG - Expert 655469564 entered expert_6 handler but write incorrect slot: /start ZXhwZXJ0
19-07-2022 12:10:57: expert_form.py: DEBUG - Expert 655469564 entered expert_6 handler but write incorrect slot: /menu
19-07-2022 12:10:58: applicant_form.py: DEBUG - Applicant 767028281 entered applicant_9 handler
19-07-2022 12:11:09: expert_form.py: DEBUG - Expert 655469564 entered expert_6 handler but write incorrect slot: /menu
19-07-2022 12:11:13: start.py: DEBUG - Applicant 2558025 use /menu command
19-07-2022 12:11:14: expert_form.py: DEBUG - Expert 655469564 entered expert_6 handler but write incorrect slot: /menu
19-07-2022 12:11:41: applicant_menu.py: DEBUG - Applicant 767028281 entered search_experts handler
19-07-2022 12:11:41: applicant_menu.py: DEBUG - Search_expert function shows that expert 767028281 have 0 suitable experts
19-07-2022 12:11:41: applicant_menu.py: DEBUG - Applicant 767028281 entered search_experts handler but don't have any suitable applicants
19-07-2022 12:12:02: applicant_form.py: DEBUG - Applicant 832046540 entered applicant_3 handler
19-07-2022 12:12:23: expert_form.py: DEBUG - Expert 655469564 entered expert_6 handler but write incorrect slot: /start
19-07-2022 12:12:25: expert_form.py: DEBUG - Expert 655469564 entered expert_6 handler but write incorrect slot: /menu
19-07-2022 12:13:51: applicant_menu.py: DEBUG - Applicant 567213956 entered applicant_meetings handler but he doesn't have meetings yet
19-07-2022 12:13:53: applicant_menu.py: DEBUG - Applicant 567213956 entered applicant_menu handler
19-07-2022 12:13:56: applicant_profile.py: DEBUG - Applicant 567213956 entered check_profile_a handler
19-07-2022 12:14:01: expert_form.py: DEBUG - Expert 655469564 entered expert_6 handler but write incorrect slot: /start
19-07-2022 12:14:02: expert_form.py: DEBUG - Expert 655469564 entered expert_6 handler but write incorrect slot: /start ZXhwZXJ0
19-07-2022 12:15:43: expert_form.py: DEBUG - Expert 655469564 entered expert_6 handler but write incorrect slot: /start ZXhwZXJ0
19-07-2022 12:15:54: expert_form.py: DEBUG - Expert 655469564 entered expert_6 handler
19-07-2022 12:16:12: expert_form.py: DEBUG - Expert 655469564 entered expert_6_1 handler with cd 4 and sd {'list': [4]}
19-07-2022 12:16:15: expert_form.py: DEBUG - Expert 655469564 entered expert_6_1 handler with cd 9 and sd {'list': [4, 9]}
19-07-2022 12:16:37: expert_form.py: DEBUG - Expert 655469564 entered expert_6_1 handler with cd 8 and sd {'list': [4, 9, 8]}
19-07-2022 12:16:41: expert_form.py: DEBUG - Expert 655469564 entered expert_6_1 handler with cd 1 and sd {'list': [4, 9, 8, 1]}
19-07-2022 12:16:43: expert_form.py: DEBUG - Expert 655469564 entered expert_6_1 handler with cd 2 and sd {'list': [4, 9, 8, 1, 2]}
19-07-2022 12:17:15: start.py: DEBUG - Applicant 767028281 use /menu command
19-07-2022 12:18:16: applicant_form.py: DEBUG - Applicant 832046540 entered applicant_4 handler
19-07-2022 12:18:33: applicant_form.py: DEBUG - Applicant 832046540 entered applicant_5 handler
19-07-2022 12:19:09: applicant_form.py: DEBUG - Applicant 832046540 entered applicant_6 handler
19-07-2022 12:19:25: applicant_form.py: DEBUG - Applicant 832046540 entered applicant_7 handler
19-07-2022 12:20:04: applicant_form.py: DEBUG - Applicant 832046540 entered applicant_8 handler
19-07-2022 12:20:58: start.py: DEBUG - User 767028281 start the bot as an expert
19-07-2022 12:21:03: expert_form.py: DEBUG - Expert 767028281 entered expert_start handler
19-07-2022 12:21:07: expert_form.py: DEBUG - Expert 767028281 entered expert_1 handler
19-07-2022 12:21:13: expert_form.py: DEBUG - Expert 767028281 entered expert_2 handler
19-07-2022 12:21:17: expert_form.py: DEBUG - Expert 767028281 entered expert_2_1 handler with cd other
19-07-2022 12:21:23: expert_form.py: DEBUG - Expert 767028281 entered expert_3 handler
19-07-2022 12:22:04: expert_form.py: DEBUG - Expert 767028281 entered expert_5 handler
19-07-2022 12:22:19: applicant_form.py: DEBUG - Applicant 832046540 entered applicant_8_1 handler with cd 1 and sd {'list': [1]}
19-07-2022 12:22:20: expert_form.py: DEBUG - Expert 767028281 entered expert_6 handler but write incorrect slot: 19.07.2022
19-07-2022 12:22:22: applicant_form.py: DEBUG - Applicant 832046540 entered applicant_8_1 handler with cd 2 and sd {'list': [1, 2]}
19-07-2022 12:22:23: applicant_form.py: DEBUG - Applicant 832046540 entered applicant_8_1 handler with cd 3 and sd {'list': [1, 2, 3]}
19-07-2022 12:22:27: applicant_form.py: DEBUG - Applicant 832046540 entered applicant_8_1 handler with cd done and sd {'list': [1, 2, 3]}
19-07-2022 12:22:32: expert_form.py: DEBUG - Expert 767028281 entered expert_6 handler
19-07-2022 12:22:35: expert_form.py: DEBUG - Expert 767028281 entered expert_6_1 handler with cd 7 and sd {'list': [7]}
19-07-2022 12:22:37: expert_form.py: DEBUG - Expert 767028281 entered expert_6_1 handler with cd done and sd {'list': [7]}
19-07-2022 12:22:42: expert_menu.py: DEBUG - Expert 767028281 entered search_applicants handler
19-07-2022 12:22:42: expert_menu.py: DEBUG - Search_applicant function shows that expert 767028281 have 2 suitable applicants
19-07-2022 12:22:52: applicant_form.py: DEBUG - Applicant 832046540 entered applicant_9 handler
19-07-2022 12:23:10: applicant_menu.py: DEBUG - Applicant 832046540 entered search_experts handler
19-07-2022 12:23:10: applicant_menu.py: DEBUG - Search_expert function shows that expert 832046540 have 0 suitable experts
19-07-2022 12:23:10: applicant_menu.py: DEBUG - Applicant 832046540 entered search_experts handler but don't have any suitable applicants
19-07-2022 12:23:16: applicant_menu.py: DEBUG - Applicant 832046540 entered applicant_menu handler
19-07-2022 12:23:19: start.py: DEBUG - User 767028281 tried to use /start command again
19-07-2022 12:23:21: applicant_menu.py: DEBUG - Applicant 832046540 entered add_photo handler
19-07-2022 12:23:23: applicant_menu.py: DEBUG - Applicant 832046540 entered update_photo handler
19-07-2022 12:23:45: start.py: DEBUG - User 767028281 tried to use /start command again
19-07-2022 12:23:47: start.py: WARNING - User 767028281 entered bot with unknown start args: ZXhwZXJ0, and got exception: UNIQUE constraint failed: experts.user_id
19-07-2022 12:23:50: start.py: DEBUG - Expert 767028281 use /menu command
19-07-2022 12:23:52: expert_profile.py: DEBUG - Expert 767028281 entered check_profile_e handler
19-07-2022 12:23:55: expert_profile.py: DEBUG - Expert 767028281 entered change_profile_e handler
19-07-2022 12:23:57: expert_profile.py: DEBUG - Expert 767028281 entered che_direction handler
19-07-2022 12:23:59: expert_profile.py: DEBUG - Expert 767028281 entered che_direction2 handler
19-07-2022 12:24:14: expert_profile.py: DEBUG - Expert 767028281 entered che_division handler
19-07-2022 12:24:21: expert_profile.py: DEBUG - Expert 767028281 entered che_division2 handler with cd 6
19-07-2022 12:24:24: applicant_menu.py: DEBUG - Applicant 832046540 entered uploading_photo handler
19-07-2022 12:24:28: expert_profile.py: DEBUG - Expert 767028281 entered che_division handler
19-07-2022 12:24:30: expert_profile.py: DEBUG - Expert 767028281 entered che_division2 handler with cd 8
19-07-2022 12:24:34: expert_profile.py: DEBUG - Expert 767028281 entered che_topics handler
19-07-2022 12:24:38: applicant_profile.py: DEBUG - Applicant 832046540 entered check_profile_a handler
19-07-2022 12:24:39: expert_profile.py: DEBUG - Expert 767028281 entered che_topics2 handler with cd 4
19-07-2022 12:24:40: expert_profile.py: DEBUG - Expert 767028281 entered che_topics2 handler with cd done
19-07-2022 12:24:44: expert_profile.py: DEBUG - Expert 767028281 entered che_topics handler
19-07-2022 12:24:46: expert_profile.py: DEBUG - Expert 767028281 entered che_topics2 handler with cd 7
19-07-2022 12:24:48: expert_profile.py: DEBUG - Expert 767028281 entered che_topics2 handler with cd done
19-07-2022 12:24:50: expert_profile.py: DEBUG - Expert 767028281 entered check_profile_e handler
19-07-2022 12:24:53: expert_menu.py: DEBUG - Expert 767028281 entered expert_menu handler
19-07-2022 12:24:55: applicant_profile.py: DEBUG - Applicant 832046540 entered change_profile_a handler
19-07-2022 12:25:00: applicant_profile.py: DEBUG - Applicant 832046540 entered check_profile_a handler
19-07-2022 12:25:02: expert_menu.py: DEBUG - Expert 767028281 entered add_photo handler
19-07-2022 12:25:03: applicant_menu.py: DEBUG - Applicant 832046540 entered applicant_menu handler
19-07-2022 12:25:04: expert_menu.py: DEBUG - Expert 767028281 entered update_photo handler
19-07-2022 12:25:08: applicant_menu.py: DEBUG - Applicant 832046540 entered search_experts handler
19-07-2022 12:25:08: applicant_menu.py: DEBUG - Search_expert function shows that expert 832046540 have 0 suitable experts
19-07-2022 12:25:08: applicant_menu.py: DEBUG - Applicant 832046540 entered search_experts handler but don't have any suitable applicants
19-07-2022 12:25:13: expert_menu.py: DEBUG - Expert 767028281 entered uploading_photo handler
19-07-2022 12:25:18: expert_menu.py: DEBUG - Expert 767028281 entered search_applicants handler
19-07-2022 12:25:18: expert_menu.py: DEBUG - Search_applicant function shows that expert 767028281 have 2 suitable applicants
19-07-2022 12:25:22: expert_menu.py: DEBUG - Search_applicant function shows that expert 767028281 have 2 suitable applicants
19-07-2022 12:25:22: expert_menu.py: DEBUG - Expert 767028281 entered page_click_expert handler with page 2
19-07-2022 12:25:35: expert_menu.py: DEBUG - Expert 767028281 entered applicant_chosen handler with applicant 767028281 and 1 free slots
19-07-2022 12:25:38: notifications.py: DEBUG - Applicant 767028281 got notif_init_applicant notification
19-07-2022 12:25:38: expert_menu.py: DEBUG - Expert 767028281 entered choosing_time handler with applicant 767028281 and 19.07.2022 17:00 slot
19-07-2022 12:25:42: applicant_menu.py: DEBUG - Applicant 832046540 entered applicant_menu handler
19-07-2022 12:25:48: applicant_menu.py: DEBUG - Applicant 832046540 entered applicant_meetings handler but he doesn't have meetings yet
19-07-2022 12:25:50: applicant_menu.py: DEBUG - Applicant 832046540 entered applicant_menu handler
19-07-2022 12:26:04: start.py: DEBUG - Applicant 832046540 use /menu command
27-07-2022 06:33:28: start.py: DEBUG - User 973575680 start the bot as an expert
27-07-2022 06:33:33: expert_form.py: DEBUG - Expert 973575680 entered expert_start handler
27-07-2022 06:33:39: expert_form.py: DEBUG - Expert 973575680 entered expert_1 handler
27-07-2022 06:34:13: expert_form.py: DEBUG - Expert 973575680 entered expert_2 handler
27-07-2022 06:34:19: expert_form.py: DEBUG - Expert 973575680 entered expert_2_1 handler with cd 10
27-07-2022 06:34:28: start.py: DEBUG - User 973040497 start the bot as an expert
27-07-2022 06:34:33: expert_form.py: DEBUG - Expert 973040497 entered expert_start handler
27-07-2022 06:34:40: expert_form.py: DEBUG - Expert 973040497 entered expert_1 handler
27-07-2022 06:39:44: expert_form.py: DEBUG - Expert 973575680 entered expert_5 handler
27-07-2022 06:41:37: expert_form.py: DEBUG - Expert 973575680 entered expert_6 handler
27-07-2022 06:41:49: expert_form.py: DEBUG - Expert 973575680 entered expert_6_1 handler with cd 9 and sd {'list': [9]}
27-07-2022 06:41:53: expert_form.py: DEBUG - Expert 973575680 entered expert_6_1 handler with cd 4 and sd {'list': [9, 4]}
27-07-2022 06:41:53: expert_form.py: DEBUG - Expert 973575680 entered expert_6_1 handler with cd 1 and sd {'list': [9, 4, 1]}
27-07-2022 06:42:27: expert_form.py: DEBUG - Expert 973575680 entered expert_6_1 handler with cd done and sd {'list': [9, 4, 1]}
27-07-2022 06:42:42: expert_menu.py: DEBUG - Expert 973575680 entered search_applicants handler
27-07-2022 06:42:42: expert_menu.py: DEBUG - Search_applicant function shows that expert 973575680 have 5 suitable applicants
27-07-2022 06:42:48: expert_menu.py: DEBUG - Search_applicant function shows that expert 973575680 have 5 suitable applicants
27-07-2022 06:42:48: expert_menu.py: DEBUG - Expert 973575680 entered page_click_expert handler with page 2
27-07-2022 06:42:51: expert_menu.py: DEBUG - Search_applicant function shows that expert 973575680 have 5 suitable applicants
27-07-2022 06:42:51: expert_menu.py: DEBUG - Expert 973575680 entered page_click_expert handler with page 3
27-07-2022 06:42:52: expert_menu.py: DEBUG - Search_applicant function shows that expert 973575680 have 5 suitable applicants
27-07-2022 06:42:52: expert_menu.py: DEBUG - Expert 973575680 entered page_click_expert handler with page 4
27-07-2022 06:46:01: start.py: DEBUG - User 396486405 start the bot as an expert
27-07-2022 06:54:00: expert_form.py: DEBUG - Expert 396486405 entered expert_start handler
27-07-2022 06:54:05: expert_form.py: DEBUG - Expert 396486405 entered expert_1 handler
27-07-2022 06:54:16: expert_form.py: DEBUG - Expert 396486405 entered expert_2 handler
27-07-2022 06:54:25: expert_form.py: DEBUG - Expert 396486405 entered expert_2_1 handler with cd 4
27-07-2022 06:55:40: expert_menu.py: DEBUG - Search_applicant function shows that expert 973575680 have 5 suitable applicants
27-07-2022 06:55:41: expert_menu.py: DEBUG - Expert 973575680 entered page_click_expert handler with page 5
27-07-2022 06:55:47: start.py: DEBUG - Expert 973575680 use /menu command
27-07-2022 06:55:52: expert_profile.py: DEBUG - Expert 973575680 entered check_profile_e handler
27-07-2022 06:56:16: expert_profile.py: DEBUG - Expert 973575680 entered change_profile_e handler
27-07-2022 06:56:18: expert_profile.py: DEBUG - Expert 973575680 entered che_topics handler
27-07-2022 06:56:25: expert_profile.py: DEBUG - Expert 973575680 entered che_topics2 handler with cd 3
27-07-2022 06:56:28: expert_profile.py: DEBUG - Expert 973575680 entered che_topics2 handler with cd 3
27-07-2022 06:56:29: expert_profile.py: DEBUG - Expert 973575680 entered che_topics2 handler with cd 4
27-07-2022 06:56:29: expert_profile.py: DEBUG - Expert 973575680 entered che_topics2 handler with cd 3
27-07-2022 06:56:30: expert_profile.py: DEBUG - Expert 973575680 entered che_topics2 handler with cd 2
27-07-2022 06:56:32: expert_profile.py: DEBUG - Expert 973575680 entered che_topics2 handler with cd 1
27-07-2022 06:56:33: expert_profile.py: DEBUG - Expert 973575680 entered che_topics2 handler with cd 3
27-07-2022 06:56:34: expert_profile.py: DEBUG - Expert 973575680 entered che_topics2 handler with cd 5
27-07-2022 06:56:34: expert_profile.py: DEBUG - Expert 973575680 entered che_topics2 handler with cd 6
27-07-2022 06:56:35: expert_profile.py: DEBUG - Expert 973575680 entered che_topics2 handler with cd 7
27-07-2022 06:56:37: expert_profile.py: DEBUG - Expert 973575680 entered che_topics2 handler with cd 8
27-07-2022 06:56:38: expert_profile.py: DEBUG - Expert 973575680 entered che_topics2 handler with cd 9
27-07-2022 06:56:39: expert_profile.py: DEBUG - Expert 973575680 entered che_topics2 handler with cd done
27-07-2022 06:56:43: expert_profile.py: DEBUG - Expert 973575680 entered check_profile_e handler
27-07-2022 07:44:45: start.py: DEBUG - User 980074306 start the bot as an expert
27-07-2022 07:44:49: expert_form.py: DEBUG - Expert 980074306 entered expert_start handler
27-07-2022 07:44:54: expert_form.py: DEBUG - Expert 980074306 entered expert_1 handler
27-07-2022 07:45:07: expert_form.py: DEBUG - Expert 980074306 entered expert_2 handler
27-07-2022 07:45:17: expert_form.py: DEBUG - Expert 980074306 entered expert_2_1 handler with cd 10
27-07-2022 08:41:09: start.py: DEBUG - User 259733823 tried to use /start command again
27-07-2022 08:41:14: start.py: DEBUG - Expert 259733823 use /menu command
