05-09-2022 14:06:03: app.py: INFO - table applicants already exists
05-09-2022 14:06:03: app.py: INFO - table experts already exists
05-09-2022 14:06:03: app.py: INFO - table meetings already exists
05-09-2022 14:06:03: app.py: INFO - table admins already exists
05-09-2022 14:06:03: app.py: INFO - Bot is running
05-09-2022 14:06:06: applicant_menu.py: DEBUG - Applicant 259733823 entered applicant_meetings handler but he doesn't have meetings yet
05-09-2022 14:06:08: applicant_menu.py: DEBUG - Applicant 259733823 entered applicant_menu handler
05-09-2022 14:06:09: applicant_menu.py: DEBUG - Applicant 259733823 entered search_experts handler
05-09-2022 14:08:30: app.py: INFO - table applicants already exists
05-09-2022 14:08:30: app.py: INFO - table experts already exists
05-09-2022 14:08:30: app.py: INFO - table meetings already exists
05-09-2022 14:08:30: app.py: INFO - table admins already exists
05-09-2022 14:08:30: app.py: INFO - Bot is running
05-09-2022 14:08:40: app.py: INFO - table applicants already exists
05-09-2022 14:08:40: app.py: INFO - table experts already exists
05-09-2022 14:08:40: app.py: INFO - table meetings already exists
05-09-2022 14:08:40: app.py: INFO - table admins already exists
05-09-2022 14:08:40: app.py: INFO - Bot is running
05-09-2022 14:08:54: applicant_menu.py: DEBUG - Applicant 259733823 entered applicant_meetings handler but he doesn't have meetings yet
05-09-2022 14:08:56: applicant_menu.py: DEBUG - Applicant 259733823 entered applicant_menu handler
05-09-2022 14:08:58: applicant_menu.py: DEBUG - Applicant 259733823 entered search_experts handler
05-09-2022 14:11:45: start.py: DEBUG - User 739983994 start bot
05-09-2022 14:11:52: applicant_form.py: DEBUG - Applicant 739983994 entered applicant_start handler
05-09-2022 14:11:53: applicant_form.py: DEBUG - Applicant 739983994 entered applicant_start handler
05-09-2022 14:11:53: applicant_form.py: DEBUG - Applicant 739983994 was not recorded as a new user: UNIQUE constraint failed: applicants.user_id
05-09-2022 14:12:51: app.py: INFO - table applicants already exists
05-09-2022 14:12:51: app.py: INFO - table experts already exists
05-09-2022 14:12:51: app.py: INFO - table meetings already exists
05-09-2022 14:12:51: app.py: INFO - table admins already exists
05-09-2022 14:12:51: app.py: INFO - Bot is running
05-09-2022 14:12:56: applicant_menu.py: DEBUG - Applicant 259733823 entered add_photo handler
05-09-2022 14:12:58: applicant_menu.py: DEBUG - Applicant 259733823 entered applicant_menu handler
05-09-2022 14:13:00: applicant_menu.py: DEBUG - Applicant 259733823 entered search_experts handler
05-09-2022 14:14:23: applicant_menu.py: DEBUG - Applicant 259733823 entered search_experts handler
05-09-2022 14:15:47: applicant_menu.py: DEBUG - Applicant 259733823 entered applicant_meetings handler but he doesn't have meetings yet
05-09-2022 14:15:49: applicant_menu.py: DEBUG - Applicant 259733823 entered applicant_menu handler
05-09-2022 14:15:50: applicant_menu.py: DEBUG - Applicant 259733823 entered search_experts handler
05-09-2022 14:16:17: applicant_profile.py: DEBUG - Applicant 259733823 entered check_profile_a handler
05-09-2022 14:16:35: start.py: DEBUG - Expert 1984327268 use /menu command
05-09-2022 14:16:37: expert_menu.py: DEBUG - Expert 1984327268 entered update_timetable handler
05-09-2022 14:16:39: expert_menu.py: DEBUG - Expert 1984327268 entered update_timetable2 handler
05-09-2022 14:16:49: expert_menu.py: DEBUG - Expert 1984327268 entered expert_changing_tt and changed timetable
05-09-2022 14:16:56: expert_menu.py: DEBUG - Expert 1984327268 entered expert_menu handler
05-09-2022 14:16:59: expert_menu.py: DEBUG - Expert 1984327268 entered update_timetable handler
05-09-2022 14:17:10: expert_menu.py: DEBUG - Expert 1984327268 entered update_timetable2 handler
05-09-2022 14:17:23: expert_menu.py: DEBUG - Expert 1984327268 entered expert_changing_tt and changed timetable
05-09-2022 14:23:30: app.py: INFO - table applicants already exists
05-09-2022 14:23:30: app.py: INFO - table experts already exists
05-09-2022 14:23:30: app.py: INFO - table meetings already exists
05-09-2022 14:23:30: app.py: INFO - table admins already exists
05-09-2022 14:23:30: app.py: INFO - Bot is running
05-09-2022 14:23:39: app.py: INFO - table applicants already exists
05-09-2022 14:23:39: app.py: INFO - table experts already exists
05-09-2022 14:23:39: app.py: INFO - table meetings already exists
05-09-2022 14:23:39: app.py: INFO - table admins already exists
05-09-2022 14:23:39: app.py: INFO - Bot is running
05-09-2022 14:23:44: expert_menu.py: DEBUG - Expert 1984327268 entered expert_menu handler
05-09-2022 14:23:52: applicant_menu.py: DEBUG - Applicant 259733823 entered applicant_menu handler
05-09-2022 14:23:54: applicant_menu.py: DEBUG - Applicant 259733823 entered applicant_meetings handler but he doesn't have meetings yet
05-09-2022 14:23:55: applicant_menu.py: DEBUG - Applicant 259733823 entered applicant_menu handler
05-09-2022 14:23:57: applicant_menu.py: DEBUG - Applicant 259733823 entered search_experts handler
05-09-2022 14:23:57: applicant_menu.py: DEBUG - Search_expert function shows that expert 259733823 have 4 suitable experts
05-09-2022 14:23:59: applicant_menu.py: DEBUG - Search_expert function shows that expert 259733823 have 4 suitable experts
05-09-2022 14:23:59: applicant_menu.py: DEBUG - Applicant 259733823 entered page_click_applicant handler with page 2
05-09-2022 14:24:02: applicant_menu.py: DEBUG - Search_expert function shows that expert 259733823 have 4 suitable experts
05-09-2022 14:24:02: applicant_menu.py: DEBUG - Applicant 259733823 entered page_click_applicant handler with page 3
05-09-2022 14:24:05: applicant_menu.py: DEBUG - Search_expert function shows that expert 259733823 have 4 suitable experts
05-09-2022 14:24:06: applicant_menu.py: DEBUG - Applicant 259733823 entered page_click_applicant handler with page 4
05-09-2022 14:24:08: applicant_menu.py: DEBUG - Search_expert function shows that expert 259733823 have 4 suitable experts
05-09-2022 14:24:08: applicant_menu.py: DEBUG - Applicant 259733823 entered page_click_applicant handler with page 3
05-09-2022 14:24:10: applicant_menu.py: DEBUG - Applicant 259733823 entered applicant_menu handler
05-09-2022 14:40:53: app.py: INFO - table applicants already exists
05-09-2022 14:40:53: app.py: INFO - table experts already exists
05-09-2022 14:40:53: app.py: INFO - table meetings already exists
05-09-2022 14:40:53: app.py: INFO - table admins already exists
05-09-2022 14:40:53: app.py: INFO - Bot is running
05-09-2022 14:41:01: start.py: DEBUG - Applicant 259733823 use /menu command
05-09-2022 14:41:03: applicant_menu.py: DEBUG - Applicant 259733823 entered faq_a handler
05-09-2022 14:41:27: applicant_menu.py: DEBUG - Applicant 259733823 entered applicant_menu handler
05-09-2022 14:41:36: applicant_menu.py: DEBUG - Applicant 259733823 entered search_experts handler
05-09-2022 14:41:36: applicant_menu.py: DEBUG - Search_expert function shows that expert 259733823 have 4 suitable experts
05-09-2022 14:41:37: applicant_menu.py: DEBUG - Search_expert function shows that expert 259733823 have 4 suitable experts
05-09-2022 14:41:38: applicant_menu.py: DEBUG - Applicant 259733823 entered page_click_applicant handler with page 2
05-09-2022 14:41:39: applicant_menu.py: DEBUG - Applicant 259733823 entered applicant_menu handler
05-09-2022 14:45:49: applicant_menu.py: DEBUG - Applicant 567213956 entered search_experts handler
05-09-2022 14:45:49: applicant_menu.py: DEBUG - Search_expert function shows that expert 567213956 have 5 suitable experts
05-09-2022 14:45:51: applicant_menu.py: DEBUG - Search_expert function shows that expert 567213956 have 5 suitable experts
05-09-2022 14:45:51: applicant_menu.py: DEBUG - Applicant 567213956 entered page_click_applicant handler with page 2
05-09-2022 14:45:53: applicant_menu.py: DEBUG - Search_expert function shows that expert 567213956 have 5 suitable experts
05-09-2022 14:45:53: applicant_menu.py: DEBUG - Applicant 567213956 entered page_click_applicant handler with page 3
05-09-2022 14:45:54: applicant_menu.py: DEBUG - Search_expert function shows that expert 567213956 have 5 suitable experts
05-09-2022 14:45:54: applicant_menu.py: DEBUG - Applicant 567213956 entered page_click_applicant handler with page 4
05-09-2022 14:45:55: applicant_menu.py: DEBUG - Search_expert function shows that expert 567213956 have 5 suitable experts
05-09-2022 14:45:55: applicant_menu.py: DEBUG - Applicant 567213956 entered page_click_applicant handler with page 5
05-09-2022 14:45:58: applicant_menu.py: DEBUG - Applicant 567213956 entered applicant_menu handler
05-09-2022 14:46:30: applicant_menu.py: DEBUG - Applicant 567213956 entered faq_a handler
05-09-2022 14:48:40: start.py: DEBUG - User 1141388343 tried to use /start command again
05-09-2022 14:48:44: start.py: DEBUG - Applicant 1141388343 use /menu command
05-09-2022 14:49:04: notifications.py: DEBUG - Expert 238439082 got notif_cancel_to_expert2 notification
05-09-2022 14:49:04: applicant_menu.py: DEBUG - Job 8ec69afd46ba4b54bd0c55a6b4df9fe3 was removed from job storage
05-09-2022 14:49:04: applicant_menu.py: DEBUG - Job 8617941355b045318b47a0cd37494843 was removed from job storage
05-09-2022 14:49:04: applicant_menu.py: DEBUG - Applicant 670735742 entered canceled_3hours handler with meeting 28
05-09-2022 14:49:06: applicant_menu.py: DEBUG - Applicant 670735742 entered search_experts handler
05-09-2022 14:49:06: applicant_menu.py: DEBUG - Search_expert function shows that expert 670735742 have 5 suitable experts
05-09-2022 14:49:09: applicant_menu.py: DEBUG - Applicant 567213956 entered applicant_menu handler
05-09-2022 14:49:11: applicant_menu.py: DEBUG - Search_expert function shows that expert 670735742 have 5 suitable experts
05-09-2022 14:49:12: applicant_menu.py: DEBUG - Applicant 670735742 entered page_click_applicant handler with page 2
05-09-2022 14:49:36: applicant_menu.py: DEBUG - Search_expert function shows that expert 670735742 have 5 suitable experts
05-09-2022 14:49:36: applicant_menu.py: DEBUG - Applicant 670735742 entered page_click_applicant handler with page 3
05-09-2022 14:49:40: applicant_menu.py: DEBUG - Applicant 670735742 entered expert_chosen handler with applicant 238439082 and 5 free slots
05-09-2022 14:49:53: notifications.py: DEBUG - Expert 238439082 got notif_init_expert notification about meeting 31
05-09-2022 14:49:53: applicant_menu.py: DEBUG - Applicant 670735742 entered choosing_time handler with expert 238439082 and 6.09.2022 18:00 slot
05-09-2022 14:49:58: applicant_menu.py: DEBUG - Applicant 670735742 entered applicant_menu handler
05-09-2022 14:50:00: applicant_menu.py: DEBUG - Applicant 670735742 entered search_experts handler
05-09-2022 14:50:00: applicant_menu.py: DEBUG - Search_expert function shows that expert 670735742 have 5 suitable experts
05-09-2022 14:50:02: applicant_menu.py: DEBUG - Search_expert function shows that expert 670735742 have 5 suitable experts
05-09-2022 14:50:02: applicant_menu.py: DEBUG - Applicant 670735742 entered page_click_applicant handler with page 2
05-09-2022 14:50:05: applicant_menu.py: DEBUG - Search_expert function shows that expert 670735742 have 5 suitable experts
05-09-2022 14:50:06: applicant_menu.py: DEBUG - Applicant 670735742 entered page_click_applicant handler with page 3
05-09-2022 14:50:07: applicant_menu.py: DEBUG - Search_expert function shows that expert 670735742 have 5 suitable experts
05-09-2022 14:50:07: applicant_menu.py: DEBUG - Applicant 670735742 entered page_click_applicant handler with page 4
05-09-2022 14:50:28: applicant_menu.py: DEBUG - Search_expert function shows that expert 670735742 have 5 suitable experts
05-09-2022 14:50:28: applicant_menu.py: DEBUG - Applicant 670735742 entered page_click_applicant handler with page 5
05-09-2022 14:50:31: applicant_menu.py: DEBUG - Search_expert function shows that expert 670735742 have 5 suitable experts
05-09-2022 14:50:31: applicant_menu.py: DEBUG - Applicant 670735742 entered page_click_applicant handler with page 4
05-09-2022 14:50:32: applicant_menu.py: DEBUG - Search_expert function shows that expert 670735742 have 5 suitable experts
05-09-2022 14:50:33: applicant_menu.py: DEBUG - Applicant 670735742 entered page_click_applicant handler with page 3
05-09-2022 14:50:34: applicant_menu.py: DEBUG - Search_expert function shows that expert 670735742 have 5 suitable experts
05-09-2022 14:50:34: applicant_menu.py: DEBUG - Applicant 670735742 entered page_click_applicant handler with page 4
05-09-2022 14:50:35: applicant_menu.py: DEBUG - Applicant 670735742 entered expert_chosen handler with applicant 986338948 and 2 free slots
05-09-2022 14:50:41: notifications.py: DEBUG - Expert 986338948 got notif_init_expert notification about meeting 32
05-09-2022 14:50:41: applicant_menu.py: DEBUG - Applicant 670735742 entered choosing_time handler with expert 986338948 and 05.09.2022 19:00 slot
05-09-2022 14:51:05: applicant_menu.py: DEBUG - Applicant 1141388343 entered search_experts handler
05-09-2022 14:51:07: applicant_menu.py: DEBUG - Applicant 1141388343 entered faq_a handler
05-09-2022 14:51:46: start.py: DEBUG - Applicant 1141388343 use /menu command
05-09-2022 14:51:48: applicant_menu.py: DEBUG - Applicant 1141388343 entered applicant_meetings handler but he doesn't have meetings yet
05-09-2022 14:54:44: start.py: DEBUG - User 1758738812 start bot
05-09-2022 14:59:17: expert_menu.py: DEBUG - Expert 238439082 entered notif_init_applicant_result with meeting 31 and cd approved_e_31
05-09-2022 15:00:00: notifications.py: DEBUG - Applicant 670735742 got notif_1day notification
05-09-2022 15:03:58: start.py: DEBUG - User 1750820123 start bot
05-09-2022 15:23:14: start.py: DEBUG - User 782167336 start bot
05-09-2022 15:24:42: start.py: DEBUG - User 1370894939 start bot
05-09-2022 15:24:47: applicant_form.py: DEBUG - Applicant 1370894939 entered applicant_start handler
05-09-2022 15:24:55: applicant_form.py: DEBUG - Applicant 1370894939 entered applicant_1 handler
05-09-2022 15:25:02: applicant_form.py: DEBUG - Applicant 1370894939 entered applicant_2 handler
05-09-2022 15:36:09: applicant_form.py: DEBUG - Applicant 782167336 entered applicant_start handler
05-09-2022 15:54:59: applicant_menu.py: DEBUG - Applicant 670735742 entered applicant_menu handler
05-09-2022 15:55:02: applicant_menu.py: DEBUG - Applicant 670735742 entered applicant_meetings handler and got 2 his meetings
05-09-2022 15:55:02: applicant_menu.py: DEBUG - Applicant 670735742 entered applicant_meetings handler but he doesn't have meetings yet
05-09-2022 15:55:08: applicant_menu.py: DEBUG - Applicant 670735742 entered check_meeting handler with meeting 32
05-09-2022 16:02:09: applicant_menu.py: DEBUG - Applicant 670735742 entered applicant_meetings handler and got 2 his meetings
05-09-2022 16:02:09: applicant_menu.py: DEBUG - Applicant 670735742 entered applicant_meetings handler but he doesn't have meetings yet
05-09-2022 16:02:11: applicant_menu.py: DEBUG - Applicant 670735742 entered applicant_menu handler
05-09-2022 16:02:15: applicant_menu.py: DEBUG - Applicant 670735742 entered faq_a handler
05-09-2022 16:03:44: applicant_menu.py: DEBUG - Applicant 670735742 entered applicant_menu handler
05-09-2022 16:03:47: applicant_menu.py: DEBUG - Applicant 670735742 entered applicant_meetings handler and got 2 his meetings
05-09-2022 16:03:47: applicant_menu.py: DEBUG - Applicant 670735742 entered applicant_meetings handler but he doesn't have meetings yet
05-09-2022 16:03:50: applicant_menu.py: DEBUG - Applicant 670735742 entered check_meeting handler with meeting 32
05-09-2022 16:03:56: start.py: DEBUG - Applicant 670735742 use /menu command
05-09-2022 16:06:35: applicant_menu.py: DEBUG - Applicant 670735742 entered search_experts handler
05-09-2022 16:06:35: applicant_menu.py: DEBUG - Search_expert function shows that expert 670735742 have 5 suitable experts
05-09-2022 16:06:43: applicant_menu.py: DEBUG - Search_expert function shows that expert 670735742 have 5 suitable experts
05-09-2022 16:06:43: applicant_menu.py: DEBUG - Applicant 670735742 entered page_click_applicant handler with page 2
05-09-2022 16:07:07: applicant_menu.py: DEBUG - Search_expert function shows that expert 670735742 have 5 suitable experts
05-09-2022 16:07:08: applicant_menu.py: DEBUG - Applicant 670735742 entered page_click_applicant handler with page 3
05-09-2022 16:07:11: applicant_menu.py: DEBUG - Search_expert function shows that expert 670735742 have 5 suitable experts
05-09-2022 16:07:11: applicant_menu.py: DEBUG - Applicant 670735742 entered page_click_applicant handler with page 4
05-09-2022 16:07:13: applicant_menu.py: DEBUG - Search_expert function shows that expert 670735742 have 5 suitable experts
05-09-2022 16:07:14: applicant_menu.py: DEBUG - Applicant 670735742 entered page_click_applicant handler with page 5
05-09-2022 16:07:29: applicant_menu.py: DEBUG - Applicant 670735742 entered applicant_menu handler
05-09-2022 16:07:31: applicant_menu.py: DEBUG - Applicant 670735742 entered applicant_meetings handler and got 2 his meetings
05-09-2022 16:07:31: applicant_menu.py: DEBUG - Applicant 670735742 entered applicant_meetings handler but he doesn't have meetings yet
05-09-2022 16:07:36: applicant_menu.py: DEBUG - Applicant 670735742 entered check_meeting handler with meeting 32
05-09-2022 16:07:59: start.py: DEBUG - Applicant 670735742 use /menu command
05-09-2022 16:08:01: applicant_menu.py: DEBUG - Applicant 670735742 entered faq_a handler
05-09-2022 16:12:52: applicant_menu.py: DEBUG - Applicant 670735742 entered applicant_menu handler
05-09-2022 16:12:56: applicant_menu.py: DEBUG - Applicant 670735742 entered applicant_meetings handler and got 2 his meetings
05-09-2022 16:12:56: applicant_menu.py: DEBUG - Applicant 670735742 entered applicant_meetings handler but he doesn't have meetings yet
05-09-2022 16:13:03: applicant_menu.py: DEBUG - Applicant 670735742 entered check_meeting handler with meeting 32
05-09-2022 17:48:57: start.py: DEBUG - User 1999595148 start bot
05-09-2022 17:49:01: applicant_form.py: DEBUG - Applicant 1999595148 entered applicant_start handler
05-09-2022 17:49:06: applicant_form.py: DEBUG - Applicant 1999595148 entered applicant_1 handler
05-09-2022 17:49:32: applicant_form.py: DEBUG - Applicant 1999595148 entered applicant_2 handler
05-09-2022 19:25:18: start.py: DEBUG - Expert 220966336 use /menu command
05-09-2022 19:25:20: expert_menu.py: DEBUG - Expert 220966336 entered search_applicants handler
05-09-2022 19:25:20: expert_menu.py: DEBUG - Search_applicant function shows that expert 220966336 have 37 suitable applicants
05-09-2022 19:25:22: expert_menu.py: DEBUG - Search_applicant function shows that expert 220966336 have 37 suitable applicants
05-09-2022 19:25:38: expert_menu.py: DEBUG - Expert 220966336 entered expert_menu handler
06-09-2022 06:10:47: start.py: DEBUG - User 894029625 start bot
06-09-2022 06:10:53: expert_form.py: DEBUG - Expert 894029625 entered expert_start handler
06-09-2022 06:11:00: expert_form.py: DEBUG - Expert 894029625 entered expert_1 handler
06-09-2022 06:11:31: expert_form.py: DEBUG - Expert 894029625 entered expert_2 handler
06-09-2022 06:12:05: expert_form.py: DEBUG - Expert 894029625 entered expert_2_1 handler with cd 4
06-09-2022 06:14:17: expert_form.py: DEBUG - Expert 894029625 entered expert_5 handler
06-09-2022 06:16:56: expert_form.py: DEBUG - Expert 894029625 entered expert_6 handler but write incorrect slot: 06.09.2022 14.00
06-09-2022 06:18:22: expert_form.py: DEBUG - Expert 894029625 entered expert_6 handler but write incorrect slot: 07.09.2022 14.0007.09.2022 10.00
06-09-2022 06:18:57: expert_form.py: DEBUG - Expert 894029625 entered expert_6 handler but write incorrect slot: 07.09.2022 14.00
06-09-2022 06:19:39: expert_form.py: DEBUG - Expert 894029625 entered expert_6 handler but write incorrect slot: 07.09.2022 10.00
06-09-2022 06:20:52: expert_form.py: DEBUG - Expert 894029625 entered expert_6 handler
06-09-2022 06:21:10: expert_form.py: DEBUG - Expert 894029625 entered expert_6_1 handler with cd 9 and sd {'list': [9]}
06-09-2022 06:21:18: expert_form.py: DEBUG - Expert 894029625 entered expert_6_1 handler with cd 1 and sd {'list': [9, 1]}
06-09-2022 06:21:24: expert_form.py: DEBUG - Expert 894029625 entered expert_6_1 handler with cd done and sd {'list': [9, 1]}
06-09-2022 06:21:35: expert_menu.py: DEBUG - Expert 894029625 entered search_applicants handler
06-09-2022 06:21:35: expert_menu.py: DEBUG - Search_applicant function shows that expert 894029625 have 35 suitable applicants
06-09-2022 06:22:04: expert_menu.py: DEBUG - Search_applicant function shows that expert 894029625 have 35 suitable applicants
06-09-2022 06:22:11: expert_menu.py: DEBUG - Search_applicant function shows that expert 894029625 have 35 suitable applicants
06-09-2022 06:22:21: expert_menu.py: DEBUG - Expert 894029625 entered expert_menu handler
06-09-2022 07:26:33: start.py: DEBUG - User 1766373066 start bot
06-09-2022 07:26:37: applicant_form.py: DEBUG - Applicant 1766373066 entered applicant_start handler
06-09-2022 07:26:46: applicant_form.py: DEBUG - Applicant 1766373066 entered applicant_1 handler
06-09-2022 07:26:46: start.py: DEBUG - User 1888632232 start bot
06-09-2022 07:26:51: applicant_form.py: DEBUG - Applicant 1766373066 entered applicant_2 handler
06-09-2022 07:26:54: applicant_form.py: DEBUG - Applicant 1888632232 entered applicant_start handler
06-09-2022 07:27:00: applicant_form.py: DEBUG - Applicant 1888632232 entered applicant_1 handler
06-09-2022 07:27:05: applicant_form.py: DEBUG - Applicant 1888632232 entered applicant_2 handler
06-09-2022 07:27:21: applicant_form.py: DEBUG - Applicant 1888632232 entered applicant_3 handler
06-09-2022 07:27:22: applicant_form.py: DEBUG - Applicant 1766373066 entered applicant_3 handler
06-09-2022 07:27:37: applicant_form.py: DEBUG - Applicant 1888632232 entered applicant_4 handler
06-09-2022 07:27:53: applicant_form.py: DEBUG - Applicant 1888632232 entered applicant_5 handler
06-09-2022 07:28:01: applicant_form.py: DEBUG - Applicant 1888632232 entered applicant_6 handler
06-09-2022 07:28:08: applicant_form.py: DEBUG - Applicant 1888632232 entered applicant_7 handler
06-09-2022 07:28:33: applicant_form.py: DEBUG - Applicant 1888632232 entered applicant_8 handler
06-09-2022 07:28:49: applicant_form.py: DEBUG - Applicant 1888632232 entered applicant_8_1 handler with cd 1 and sd {'list': [1]}
06-09-2022 07:29:16: applicant_form.py: DEBUG - Applicant 1888632232 entered applicant_8_1 handler with cd 2 and sd {'list': [1, 2]}
06-09-2022 07:29:19: applicant_form.py: DEBUG - Applicant 1888632232 entered applicant_8_1 handler with cd 9 and sd {'list': [1, 2, 9]}
06-09-2022 07:29:27: applicant_form.py: DEBUG - Applicant 1766373066 entered applicant_4 handler
06-09-2022 07:29:46: applicant_form.py: DEBUG - Applicant 1766373066 entered applicant_5 handler
06-09-2022 07:29:53: applicant_form.py: DEBUG - Applicant 1766373066 entered applicant_6 handler
06-09-2022 07:30:00: applicant_form.py: DEBUG - Applicant 1766373066 entered applicant_7 handler
06-09-2022 07:30:11: applicant_form.py: DEBUG - Applicant 1888632232 entered applicant_8_1 handler with cd 8 and sd {'list': [1, 2, 9, 8]}
06-09-2022 07:30:13: applicant_form.py: DEBUG - Applicant 1888632232 entered applicant_8_1 handler with cd done and sd {'list': [1, 2, 9, 8]}
06-09-2022 07:52:49: start.py: DEBUG - User 1789039555 start bot
06-09-2022 07:52:53: applicant_form.py: DEBUG - Applicant 1789039555 entered applicant_start handler
06-09-2022 07:53:03: applicant_form.py: DEBUG - Applicant 1789039555 entered applicant_1 handler
06-09-2022 07:53:08: applicant_form.py: DEBUG - Applicant 1789039555 entered applicant_2 handler
06-09-2022 07:53:25: applicant_form.py: DEBUG - Applicant 1789039555 entered applicant_3 handler
06-09-2022 08:31:27: start.py: DEBUG - User 1245098052 start bot
06-09-2022 08:33:47: start.py: DEBUG - User 1908268448 start bot
06-09-2022 08:33:56: applicant_form.py: DEBUG - Applicant 1908268448 entered applicant_start handler
06-09-2022 08:33:56: applicant_form.py: DEBUG - Applicant 1908268448 entered applicant_start handler
06-09-2022 08:33:56: applicant_form.py: DEBUG - Applicant 1908268448 was not recorded as a new user: UNIQUE constraint failed: applicants.user_id
06-09-2022 08:33:56: applicant_form.py: DEBUG - Applicant 1908268448 entered applicant_start handler
06-09-2022 08:33:56: applicant_form.py: DEBUG - Applicant 1908268448 was not recorded as a new user: UNIQUE constraint failed: applicants.user_id
06-09-2022 08:34:02: start.py: DEBUG - User 1087430384 start bot
06-09-2022 08:44:08: start.py: DEBUG - User 865995606 start bot
06-09-2022 08:44:11: expert_form.py: DEBUG - Expert 865995606 entered expert_start handler
06-09-2022 08:44:17: expert_form.py: DEBUG - Expert 865995606 entered expert_1 handler
06-09-2022 08:44:21: expert_form.py: DEBUG - Expert 865995606 entered expert_2 handler
06-09-2022 08:45:17: expert_form.py: DEBUG - Expert 865995606 entered expert_2_1 handler with cd 6
06-09-2022 08:51:19: expert_menu.py: DEBUG - Expert 894029625 entered exert_meetings handler but he doesn't have meetings yet
06-09-2022 08:54:40: expert_form.py: DEBUG - Expert 865995606 entered expert_5 handler
06-09-2022 08:56:16: expert_form.py: DEBUG - Expert 865995606 entered expert_6 handler
06-09-2022 08:56:30: expert_form.py: DEBUG - Expert 865995606 entered expert_6_1 handler with cd 4 and sd {'list': [4]}
06-09-2022 08:57:04: expert_form.py: DEBUG - Expert 865995606 entered expert_6_1 handler with cd 2 and sd {'list': [4, 2]}
06-09-2022 08:57:05: expert_form.py: DEBUG - Expert 865995606 entered expert_6_1 handler with cd 1 and sd {'list': [4, 2, 1]}
06-09-2022 08:57:13: expert_form.py: DEBUG - Expert 865995606 entered expert_6_1 handler with cd done and sd {'list': [4, 2, 1]}
06-09-2022 09:22:34: start.py: DEBUG - User 1204259799 start bot
06-09-2022 09:22:38: applicant_form.py: DEBUG - Applicant 1204259799 entered applicant_start handler
06-09-2022 09:22:45: applicant_form.py: DEBUG - Applicant 1204259799 entered applicant_1 handler
06-09-2022 09:22:50: applicant_form.py: DEBUG - Applicant 1204259799 entered applicant_2 handler
06-09-2022 09:23:18: applicant_form.py: DEBUG - Applicant 1204259799 entered applicant_3 handler
06-09-2022 09:50:23: applicant_form.py: DEBUG - Applicant 1766373066 entered applicant_8 handler
06-09-2022 11:10:18: start.py: DEBUG - User 1113438373 start bot
06-09-2022 11:32:50: start.py: DEBUG - User 1419001005 start bot
06-09-2022 11:33:08: applicant_form.py: DEBUG - Applicant 1419001005 entered applicant_start handler
06-09-2022 11:43:43: start.py: DEBUG - User 1041762337 start bot
06-09-2022 11:45:44: applicant_form.py: DEBUG - Applicant 1041762337 entered applicant_start handler
06-09-2022 11:45:52: applicant_form.py: DEBUG - Applicant 1041762337 entered applicant_1 handler
06-09-2022 11:45:57: applicant_form.py: DEBUG - Applicant 1041762337 entered applicant_2 handler
06-09-2022 11:46:08: applicant_form.py: DEBUG - Applicant 1041762337 entered applicant_3 handler
06-09-2022 12:00:00: notifications.py: DEBUG - Applicant 670735742 got notif_3hours notification about 31 meeting
06-09-2022 12:07:24: start.py: DEBUG - User 1478820266 start bot
06-09-2022 12:12:52: start.py: DEBUG - User 1305944548 start bot
06-09-2022 12:13:09: applicant_form.py: DEBUG - Applicant 1305944548 entered applicant_start handler
06-09-2022 12:13:17: applicant_form.py: DEBUG - Applicant 1305944548 entered applicant_1 handler
06-09-2022 12:13:23: applicant_form.py: DEBUG - Applicant 1305944548 entered applicant_2 handler
06-09-2022 12:33:35: zoom.py: DEBUG - Script generated new zoom meeting link arranged at 2022-09-06T18:00:00
06-09-2022 12:33:36: notifications.py: DEBUG - Expert 238439082 got notif_approved_3hours_to_expert notification
06-09-2022 12:33:36: applicant_menu.py: DEBUG - Applicant 670735742 entered approved_3hours handler with meeting 31
06-09-2022 12:33:44: start.py: DEBUG - Applicant 670735742 use /menu command
06-09-2022 12:33:49: applicant_menu.py: DEBUG - Applicant 670735742 entered applicant_meetings handler and got 1 his meetings
06-09-2022 12:33:49: applicant_menu.py: DEBUG - Applicant 670735742 entered applicant_meetings handler but he doesn't have meetings yet
06-09-2022 12:34:19: applicant_menu.py: DEBUG - Applicant 670735742 entered check_meeting handler with meeting 32
06-09-2022 12:45:20: start.py: DEBUG - User 724739953 start bot
06-09-2022 12:55:52: start.py: DEBUG - User 999002340 start bot
06-09-2022 12:55:56: applicant_form.py: DEBUG - Applicant 999002340 entered applicant_start handler
06-09-2022 13:00:45: start.py: DEBUG - User 5081201309 start bot
06-09-2022 13:05:17: start.py: DEBUG - User 852315329 start bot
06-09-2022 13:05:21: applicant_form.py: DEBUG - Applicant 852315329 entered applicant_start handler
06-09-2022 13:05:29: applicant_form.py: DEBUG - Applicant 852315329 entered applicant_1 handler
06-09-2022 13:05:36: applicant_form.py: DEBUG - Applicant 852315329 entered applicant_2 handler
06-09-2022 13:05:48: applicant_form.py: DEBUG - Applicant 852315329 entered applicant_3 handler
06-09-2022 13:07:14: applicant_form.py: DEBUG - Applicant 852315329 entered applicant_4 handler
06-09-2022 13:07:40: applicant_form.py: DEBUG - Applicant 852315329 entered applicant_5 handler
06-09-2022 13:07:49: applicant_form.py: DEBUG - Applicant 852315329 entered applicant_6 handler
06-09-2022 13:08:21: applicant_form.py: DEBUG - Applicant 852315329 entered applicant_7 handler
06-09-2022 13:08:45: applicant_form.py: DEBUG - Applicant 852315329 entered applicant_8 handler
06-09-2022 13:08:56: applicant_form.py: DEBUG - Applicant 852315329 entered applicant_8_1 handler with cd 9 and sd {'list': [9]}
06-09-2022 13:09:01: applicant_form.py: DEBUG - Applicant 852315329 entered applicant_8_1 handler with cd 8 and sd {'list': [9, 8]}
06-09-2022 13:09:04: applicant_form.py: DEBUG - Applicant 852315329 entered applicant_8_1 handler with cd 6 and sd {'list': [9, 8, 6]}
06-09-2022 13:09:07: applicant_form.py: DEBUG - Applicant 852315329 entered applicant_8_1 handler with cd 5 and sd {'list': [9, 8, 6, 5]}
06-09-2022 13:09:09: applicant_form.py: DEBUG - Applicant 852315329 entered applicant_8_1 handler with cd 4 and sd {'list': [9, 8, 6, 5, 4]}
06-09-2022 13:09:12: applicant_form.py: DEBUG - Applicant 852315329 entered applicant_8_1 handler with cd done and sd {'list': [9, 8, 6, 5, 4]}
06-09-2022 13:09:30: applicant_form.py: DEBUG - Applicant 852315329 entered applicant_9 handler
06-09-2022 14:00:00: notifications.py: DEBUG - Applicant 670735742 got notif_1hour notification
06-09-2022 14:55:00: notifications.py: DEBUG - Applicant 670735742 got notif_5min notification
06-09-2022 15:21:02: start.py: DEBUG - Applicant 670735742 use /menu command
06-09-2022 15:21:06: applicant_menu.py: DEBUG - Applicant 670735742 entered applicant_meetings handler and got 1 his meetings
06-09-2022 15:21:06: applicant_menu.py: DEBUG - Applicant 670735742 entered applicant_meetings handler but he doesn't have meetings yet
06-09-2022 15:21:09: applicant_menu.py: DEBUG - Applicant 670735742 entered check_meeting handler with meeting 32
06-09-2022 15:21:11: notifications.py: DEBUG - Expert 986338948 got notif_cancel_to_expert notification about 05.09.2022 19:00 meeting
06-09-2022 15:21:11: applicant_menu.py: DEBUG - Applicant 670735742 entered meeting_cancelation handler with meeting 32
06-09-2022 15:21:13: start.py: DEBUG - Applicant 670735742 use /menu command
06-09-2022 15:21:15: applicant_menu.py: DEBUG - Applicant 670735742 entered search_experts handler
06-09-2022 15:21:15: applicant_menu.py: DEBUG - Search_expert function shows that expert 670735742 have 7 suitable experts
06-09-2022 15:21:17: applicant_menu.py: DEBUG - Search_expert function shows that expert 670735742 have 7 suitable experts
06-09-2022 15:21:17: applicant_menu.py: DEBUG - Applicant 670735742 entered page_click_applicant handler with page 2
06-09-2022 15:21:21: applicant_menu.py: DEBUG - Search_expert function shows that expert 670735742 have 7 suitable experts
06-09-2022 15:21:21: applicant_menu.py: DEBUG - Applicant 670735742 entered page_click_applicant handler with page 3
06-09-2022 15:21:23: applicant_menu.py: DEBUG - Applicant 670735742 entered expert_chosen handler with applicant 238439082 and 4 free slots
06-09-2022 15:21:32: notifications.py: DEBUG - Expert 238439082 got notif_init_expert notification about meeting 33
06-09-2022 15:21:32: applicant_menu.py: DEBUG - Applicant 670735742 entered choosing_time handler with expert 238439082 and 7.09.2022 18:00 slot
06-09-2022 15:21:36: applicant_menu.py: DEBUG - Applicant 670735742 entered applicant_menu handler
06-09-2022 15:21:37: applicant_menu.py: DEBUG - Applicant 670735742 entered applicant_meetings handler and got 1 his meetings
06-09-2022 15:21:37: applicant_menu.py: DEBUG - Applicant 670735742 entered applicant_meetings handler but he doesn't have meetings yet
06-09-2022 15:21:38: applicant_menu.py: DEBUG - Applicant 670735742 entered check_meeting handler with meeting 33
06-09-2022 15:21:40: notifications.py: DEBUG - Expert 238439082 got notif_cancel_to_expert notification about 7.09.2022 18:00 meeting
06-09-2022 15:21:40: applicant_menu.py: DEBUG - Applicant 670735742 entered meeting_cancelation handler with meeting 33
06-09-2022 15:21:43: start.py: DEBUG - Applicant 670735742 use /menu command
06-09-2022 15:21:44: applicant_menu.py: DEBUG - Applicant 670735742 entered search_experts handler
06-09-2022 15:21:44: applicant_menu.py: DEBUG - Search_expert function shows that expert 670735742 have 7 suitable experts
06-09-2022 15:21:46: applicant_menu.py: DEBUG - Search_expert function shows that expert 670735742 have 7 suitable experts
06-09-2022 15:21:46: applicant_menu.py: DEBUG - Applicant 670735742 entered page_click_applicant handler with page 2
06-09-2022 15:21:47: applicant_menu.py: DEBUG - Search_expert function shows that expert 670735742 have 7 suitable experts
06-09-2022 15:21:47: applicant_menu.py: DEBUG - Applicant 670735742 entered page_click_applicant handler with page 3
06-09-2022 15:21:49: applicant_menu.py: DEBUG - Applicant 670735742 entered expert_chosen handler with applicant 238439082 and 4 free slots
06-09-2022 15:22:02: notifications.py: DEBUG - Expert 238439082 got notif_init_expert notification about meeting 34
06-09-2022 15:22:02: applicant_menu.py: DEBUG - Applicant 670735742 entered choosing_time handler with expert 238439082 and 8.09.2022 18:00 slot
06-09-2022 15:22:32: expert_menu.py: DEBUG - Expert 238439082 entered notif_init_applicant_result with meeting 34 and cd approved_e_34
06-09-2022 15:22:58: start.py: DEBUG - Applicant 670735742 use /menu command
06-09-2022 15:23:02: applicant_menu.py: DEBUG - Applicant 670735742 entered search_experts handler
06-09-2022 15:23:02: applicant_menu.py: DEBUG - Search_expert function shows that expert 670735742 have 7 suitable experts
06-09-2022 15:23:05: applicant_menu.py: DEBUG - Search_expert function shows that expert 670735742 have 7 suitable experts
06-09-2022 15:23:06: applicant_menu.py: DEBUG - Applicant 670735742 entered page_click_applicant handler with page 2
06-09-2022 15:23:09: applicant_menu.py: DEBUG - Search_expert function shows that expert 670735742 have 7 suitable experts
06-09-2022 15:23:09: applicant_menu.py: DEBUG - Applicant 670735742 entered page_click_applicant handler with page 3
06-09-2022 15:23:11: applicant_menu.py: DEBUG - Search_expert function shows that expert 670735742 have 7 suitable experts
06-09-2022 15:23:11: applicant_menu.py: DEBUG - Applicant 670735742 entered page_click_applicant handler with page 4
06-09-2022 15:23:22: applicant_menu.py: DEBUG - Search_expert function shows that expert 670735742 have 7 suitable experts
06-09-2022 15:23:22: applicant_menu.py: DEBUG - Applicant 670735742 entered page_click_applicant handler with page 5
06-09-2022 15:23:31: applicant_menu.py: DEBUG - Search_expert function shows that expert 670735742 have 7 suitable experts
06-09-2022 15:23:32: applicant_menu.py: DEBUG - Applicant 670735742 entered page_click_applicant handler with page 6
06-09-2022 15:23:36: applicant_menu.py: DEBUG - Applicant 670735742 entered expert_chosen handler with applicant 986338948 and 1 free slots
06-09-2022 15:23:41: notifications.py: DEBUG - Expert 986338948 got notif_init_expert notification about meeting 35
06-09-2022 15:23:41: applicant_menu.py: DEBUG - Applicant 670735742 entered choosing_time handler with expert 986338948 and 06.09.2022 18:30 slot
06-09-2022 15:23:48: applicant_menu.py: DEBUG - Applicant 670735742 entered applicant_menu handler
06-09-2022 15:23:50: applicant_menu.py: DEBUG - Applicant 670735742 entered search_experts handler
06-09-2022 15:23:50: applicant_menu.py: DEBUG - Search_expert function shows that expert 670735742 have 7 suitable experts
06-09-2022 15:23:52: applicant_menu.py: DEBUG - Search_expert function shows that expert 670735742 have 7 suitable experts
06-09-2022 15:23:52: applicant_menu.py: DEBUG - Applicant 670735742 entered page_click_applicant handler with page 2
06-09-2022 15:24:00: applicant_menu.py: DEBUG - Search_expert function shows that expert 670735742 have 7 suitable experts
06-09-2022 15:24:00: applicant_menu.py: DEBUG - Applicant 670735742 entered page_click_applicant handler with page 1
06-09-2022 15:24:03: applicant_menu.py: DEBUG - Search_expert function shows that expert 670735742 have 7 suitable experts
06-09-2022 15:24:03: applicant_menu.py: DEBUG - Applicant 670735742 entered page_click_applicant handler with page 2
06-09-2022 15:24:07: applicant_menu.py: DEBUG - Applicant 670735742 entered applicant_menu handler
06-09-2022 15:24:13: applicant_menu.py: DEBUG - Applicant 670735742 entered applicant_meetings handler and got 2 his meetings
06-09-2022 15:24:13: applicant_menu.py: DEBUG - Applicant 670735742 entered applicant_meetings handler but he doesn't have meetings yet
06-09-2022 15:24:21: applicant_menu.py: DEBUG - Applicant 670735742 entered check_meeting handler with meeting 35
06-09-2022 15:24:26: start.py: DEBUG - Applicant 670735742 use /menu command
06-09-2022 15:24:28: applicant_menu.py: DEBUG - Applicant 670735742 entered search_experts handler
06-09-2022 15:24:28: applicant_menu.py: DEBUG - Search_expert function shows that expert 670735742 have 7 suitable experts
06-09-2022 15:24:30: applicant_menu.py: DEBUG - Search_expert function shows that expert 670735742 have 7 suitable experts
06-09-2022 15:24:30: applicant_menu.py: DEBUG - Applicant 670735742 entered page_click_applicant handler with page 2
06-09-2022 15:24:34: applicant_menu.py: DEBUG - Search_expert function shows that expert 670735742 have 7 suitable experts
06-09-2022 15:24:35: applicant_menu.py: DEBUG - Applicant 670735742 entered page_click_applicant handler with page 3
06-09-2022 15:24:36: applicant_menu.py: DEBUG - Search_expert function shows that expert 670735742 have 7 suitable experts
06-09-2022 15:24:36: applicant_menu.py: DEBUG - Applicant 670735742 entered page_click_applicant handler with page 4
06-09-2022 15:24:39: applicant_menu.py: DEBUG - Search_expert function shows that expert 670735742 have 7 suitable experts
06-09-2022 15:24:39: applicant_menu.py: DEBUG - Applicant 670735742 entered page_click_applicant handler with page 5
06-09-2022 15:24:40: applicant_menu.py: DEBUG - Search_expert function shows that expert 670735742 have 7 suitable experts
06-09-2022 15:24:41: applicant_menu.py: DEBUG - Applicant 670735742 entered page_click_applicant handler with page 6
06-09-2022 15:24:44: applicant_menu.py: DEBUG - Applicant 670735742 entered expert_chosen handler with applicant 986338948 and 1 free slots
06-09-2022 15:24:47: notifications.py: DEBUG - Expert 986338948 got notif_init_expert notification about meeting 36
06-09-2022 15:24:47: applicant_menu.py: DEBUG - Applicant 670735742 entered choosing_time handler with expert 986338948 and 06.09.2022 18:30 slot
06-09-2022 15:25:18: applicant_menu.py: DEBUG - Applicant 670735742 entered applicant_menu handler
06-09-2022 15:25:20: applicant_menu.py: DEBUG - Applicant 670735742 entered search_experts handler
06-09-2022 15:25:20: applicant_menu.py: DEBUG - Search_expert function shows that expert 670735742 have 7 suitable experts
06-09-2022 15:25:21: applicant_menu.py: DEBUG - Search_expert function shows that expert 670735742 have 7 suitable experts
06-09-2022 15:25:22: applicant_menu.py: DEBUG - Applicant 670735742 entered page_click_applicant handler with page 2
06-09-2022 15:25:25: applicant_menu.py: DEBUG - Applicant 670735742 entered applicant_menu handler
06-09-2022 15:25:29: applicant_menu.py: DEBUG - Applicant 670735742 entered search_experts handler
06-09-2022 15:25:29: applicant_menu.py: DEBUG - Search_expert function shows that expert 670735742 have 7 suitable experts
06-09-2022 15:25:31: applicant_menu.py: DEBUG - Search_expert function shows that expert 670735742 have 7 suitable experts
06-09-2022 15:25:31: applicant_menu.py: DEBUG - Applicant 670735742 entered page_click_applicant handler with page 2
06-09-2022 15:25:32: applicant_menu.py: DEBUG - Search_expert function shows that expert 670735742 have 7 suitable experts
06-09-2022 15:25:32: applicant_menu.py: DEBUG - Applicant 670735742 entered page_click_applicant handler with page 3
06-09-2022 15:25:34: applicant_menu.py: DEBUG - Search_expert function shows that expert 670735742 have 7 suitable experts
06-09-2022 15:25:35: applicant_menu.py: DEBUG - Applicant 670735742 entered page_click_applicant handler with page 4
06-09-2022 15:25:45: applicant_menu.py: DEBUG - Search_expert function shows that expert 670735742 have 7 suitable experts
06-09-2022 15:25:46: applicant_menu.py: DEBUG - Applicant 670735742 entered page_click_applicant handler with page 5
06-09-2022 15:25:54: applicant_menu.py: DEBUG - Search_expert function shows that expert 670735742 have 7 suitable experts
06-09-2022 15:25:55: applicant_menu.py: DEBUG - Applicant 670735742 entered page_click_applicant handler with page 6
06-09-2022 15:25:57: applicant_menu.py: DEBUG - Search_expert function shows that expert 670735742 have 7 suitable experts
06-09-2022 15:25:57: applicant_menu.py: DEBUG - Applicant 670735742 entered page_click_applicant handler with page 7
06-09-2022 15:26:05: applicant_menu.py: DEBUG - Applicant 670735742 entered applicant_menu handler
06-09-2022 15:26:06: applicant_menu.py: DEBUG - Applicant 670735742 entered applicant_meetings handler and got 3 his meetings
06-09-2022 15:26:06: applicant_menu.py: DEBUG - Applicant 670735742 entered applicant_meetings handler but he doesn't have meetings yet
06-09-2022 15:26:12: applicant_menu.py: DEBUG - Applicant 670735742 entered check_meeting handler with meeting 35
06-09-2022 15:26:14: applicant_menu.py: DEBUG - Applicant 670735742 entered applicant_meetings handler and got 3 his meetings
06-09-2022 15:26:14: applicant_menu.py: DEBUG - Applicant 670735742 entered applicant_meetings handler but he doesn't have meetings yet
06-09-2022 17:00:59: start.py: DEBUG - User 406176840 start bot
06-09-2022 17:01:03: applicant_form.py: DEBUG - Applicant 406176840 entered applicant_start handler
06-09-2022 17:01:09: applicant_form.py: DEBUG - Applicant 406176840 entered applicant_1 handler
06-09-2022 17:01:13: applicant_form.py: DEBUG - Applicant 406176840 entered applicant_2 handler
06-09-2022 17:01:21: applicant_form.py: DEBUG - Applicant 406176840 entered applicant_3 handler
06-09-2022 17:02:27: applicant_form.py: DEBUG - Applicant 406176840 entered applicant_4 handler
06-09-2022 17:02:44: applicant_form.py: DEBUG - Applicant 406176840 entered applicant_5 handler
06-09-2022 17:02:51: applicant_form.py: DEBUG - Applicant 406176840 entered applicant_6 handler
06-09-2022 17:02:55: applicant_form.py: DEBUG - Applicant 406176840 entered applicant_7 handler
06-09-2022 17:03:30: applicant_form.py: DEBUG - Applicant 406176840 entered applicant_8 handler
06-09-2022 17:03:38: applicant_form.py: DEBUG - Applicant 406176840 entered applicant_8_1 handler with cd 9 and sd {'list': [9]}
06-09-2022 17:03:40: applicant_form.py: DEBUG - Applicant 406176840 entered applicant_8_1 handler with cd 7 and sd {'list': [9, 7]}
06-09-2022 17:03:41: applicant_form.py: DEBUG - Applicant 406176840 entered applicant_8_1 handler with cd 4 and sd {'list': [9, 7, 4]}
06-09-2022 17:03:42: applicant_form.py: DEBUG - Applicant 406176840 entered applicant_8_1 handler with cd 1 and sd {'list': [9, 7, 4, 1]}
06-09-2022 17:03:43: applicant_form.py: DEBUG - Applicant 406176840 entered applicant_8_1 handler with cd 2 and sd {'list': [9, 7, 4, 1, 2]}
06-09-2022 17:03:47: applicant_form.py: DEBUG - Applicant 406176840 entered applicant_8_1 handler with cd 6 and sd {'list': [9, 7, 4, 1, 2, 6]}
06-09-2022 17:03:48: applicant_form.py: DEBUG - Applicant 406176840 entered applicant_8_1 handler with cd 6 and sd {'list': [9, 7, 4, 1, 2]}
06-09-2022 17:03:48: applicant_form.py: DEBUG - Applicant 406176840 entered applicant_8_1 handler with cd 6 and sd {'list': [9, 7, 4, 1, 2, 6]}
06-09-2022 17:03:51: applicant_form.py: DEBUG - Applicant 406176840 entered applicant_8_1 handler with cd 1 and sd {'list': [9, 7, 4, 2, 6]}
06-09-2022 17:03:51: applicant_form.py: DEBUG - Applicant 406176840 entered applicant_8_1 handler with cd 6 and sd {'list': [9, 7, 4, 2]}
06-09-2022 17:03:53: applicant_form.py: DEBUG - Applicant 406176840 entered applicant_8_1 handler with cd 6 and sd {'list': [9, 7, 4, 2, 6]}
06-09-2022 17:03:53: applicant_form.py: DEBUG - Applicant 406176840 entered applicant_8_1 handler with cd 6 and sd {'list': [9, 7, 4, 2]}
06-09-2022 17:03:54: applicant_form.py: DEBUG - Applicant 406176840 entered applicant_8_1 handler with cd 1 and sd {'list': [9, 7, 4, 2, 1]}
06-09-2022 17:03:55: applicant_form.py: DEBUG - Applicant 406176840 entered applicant_8_1 handler with cd 1 and sd {'list': [9, 7, 4, 2]}
06-09-2022 17:03:55: applicant_form.py: DEBUG - Applicant 406176840 entered applicant_8_1 handler with cd 6 and sd {'list': [9, 7, 4, 2, 6]}
06-09-2022 17:03:56: applicant_form.py: DEBUG - Applicant 406176840 entered applicant_8_1 handler with cd 6 and sd {'list': [9, 7, 4, 2]}
06-09-2022 17:03:56: applicant_form.py: DEBUG - Applicant 406176840 entered applicant_8_1 handler with cd 6 and sd {'list': [9, 7, 4, 2, 6]}
06-09-2022 17:04:01: applicant_form.py: DEBUG - Applicant 406176840 entered applicant_8_1 handler with cd done and sd {'list': [9, 7, 4, 2, 6]}
06-09-2022 17:05:21: applicant_form.py: DEBUG - Applicant 406176840 entered applicant_9 handler
06-09-2022 17:05:35: applicant_menu.py: DEBUG - Applicant 406176840 entered search_experts handler
06-09-2022 17:05:35: applicant_menu.py: DEBUG - Search_expert function shows that expert 406176840 have 7 suitable experts
06-09-2022 17:05:41: applicant_menu.py: DEBUG - Applicant 406176840 entered applicant_menu handler
06-09-2022 17:05:44: applicant_menu.py: DEBUG - Applicant 406176840 entered search_experts handler
06-09-2022 17:05:44: applicant_menu.py: DEBUG - Search_expert function shows that expert 406176840 have 7 suitable experts
06-09-2022 17:05:45: applicant_menu.py: DEBUG - Search_expert function shows that expert 406176840 have 7 suitable experts
06-09-2022 17:05:45: applicant_menu.py: DEBUG - Applicant 406176840 entered page_click_applicant handler with page 2
06-09-2022 17:05:57: applicant_menu.py: DEBUG - Search_expert function shows that expert 406176840 have 7 suitable experts
06-09-2022 17:05:58: applicant_menu.py: DEBUG - Applicant 406176840 entered page_click_applicant handler with page 3
06-09-2022 17:05:59: applicant_menu.py: DEBUG - Search_expert function shows that expert 406176840 have 7 suitable experts
06-09-2022 17:06:00: applicant_menu.py: DEBUG - Applicant 406176840 entered page_click_applicant handler with page 4
06-09-2022 17:06:04: applicant_menu.py: DEBUG - Search_expert function shows that expert 406176840 have 7 suitable experts
06-09-2022 17:06:04: applicant_menu.py: DEBUG - Applicant 406176840 entered page_click_applicant handler with page 5
06-09-2022 17:06:09: applicant_menu.py: DEBUG - Search_expert function shows that expert 406176840 have 7 suitable experts
06-09-2022 17:06:09: applicant_menu.py: DEBUG - Applicant 406176840 entered page_click_applicant handler with page 6
06-09-2022 17:06:10: applicant_menu.py: DEBUG - Search_expert function shows that expert 406176840 have 7 suitable experts
06-09-2022 17:06:11: applicant_menu.py: DEBUG - Applicant 406176840 entered page_click_applicant handler with page 7
06-09-2022 17:06:25: start.py: DEBUG - Applicant 406176840 use /menu command
06-09-2022 17:06:27: applicant_menu.py: DEBUG - Applicant 406176840 entered applicant_meetings handler but he doesn't have meetings yet
06-09-2022 17:06:29: applicant_menu.py: DEBUG - Applicant 406176840 entered applicant_menu handler
06-09-2022 17:06:31: applicant_menu.py: DEBUG - Applicant 406176840 entered add_photo handler
06-09-2022 17:47:26: applicant_form.py: DEBUG - Applicant 1758738812 entered applicant_start handler
06-09-2022 17:47:30: applicant_form.py: DEBUG - Applicant 1758738812 entered applicant_1 handler
06-09-2022 17:47:34: applicant_form.py: DEBUG - Applicant 1758738812 entered applicant_2 handler
06-09-2022 17:47:42: applicant_form.py: DEBUG - Applicant 1758738812 entered applicant_3 handler
06-09-2022 17:47:51: applicant_form.py: DEBUG - Applicant 1758738812 entered applicant_4 handler
06-09-2022 17:47:55: applicant_form.py: DEBUG - Applicant 1758738812 entered applicant_5 handler
06-09-2022 17:47:58: applicant_form.py: DEBUG - Applicant 1758738812 entered applicant_6 handler
06-09-2022 17:48:01: applicant_form.py: DEBUG - Applicant 1758738812 entered applicant_7 handler
06-09-2022 17:48:06: start.py: DEBUG - User 1330749369 start bot
06-09-2022 17:48:08: applicant_form.py: DEBUG - Applicant 1758738812 entered applicant_8 handler
06-09-2022 17:48:30: applicant_form.py: DEBUG - Applicant 1758738812 entered applicant_8_1 handler with cd 8 and sd {'list': [8]}
06-09-2022 17:48:38: applicant_form.py: DEBUG - Applicant 1758738812 entered applicant_8_1 handler with cd 2 and sd {'list': [8, 2]}
06-09-2022 17:48:40: applicant_form.py: DEBUG - Applicant 1758738812 entered applicant_8_1 handler with cd 1 and sd {'list': [8, 2, 1]}
06-09-2022 17:48:42: applicant_form.py: DEBUG - Applicant 1758738812 entered applicant_8_1 handler with cd done and sd {'list': [8, 2, 1]}
06-09-2022 17:48:46: applicant_form.py: DEBUG - Applicant 1758738812 entered applicant_9 handler
06-09-2022 17:50:11: start.py: DEBUG - User 922586707 start bot
07-09-2022 06:09:10: applicant_form.py: DEBUG - Applicant 922586707 entered applicant_start handler
07-09-2022 06:09:16: applicant_form.py: DEBUG - Applicant 922586707 entered applicant_1 handler
07-09-2022 06:09:22: applicant_form.py: DEBUG - Applicant 922586707 entered applicant_2 handler
07-09-2022 06:09:35: applicant_form.py: DEBUG - Applicant 922586707 entered applicant_3 handler
07-09-2022 08:11:31: start.py: DEBUG - User 516841050 start bot
07-09-2022 08:11:35: applicant_form.py: DEBUG - Applicant 516841050 entered applicant_start handler
07-09-2022 08:11:40: applicant_form.py: DEBUG - Applicant 516841050 entered applicant_1 handler
07-09-2022 08:11:49: applicant_form.py: DEBUG - Applicant 516841050 entered applicant_2 handler
07-09-2022 08:12:06: applicant_form.py: DEBUG - Applicant 516841050 entered applicant_3 handler
07-09-2022 08:12:27: applicant_form.py: DEBUG - Applicant 516841050 entered applicant_4 handler
07-09-2022 08:13:09: applicant_form.py: DEBUG - Applicant 516841050 entered applicant_5 handler
07-09-2022 08:13:13: applicant_form.py: DEBUG - Applicant 516841050 entered applicant_6 handler
07-09-2022 08:13:20: applicant_form.py: DEBUG - Applicant 516841050 entered applicant_7 handler
07-09-2022 08:14:15: applicant_form.py: DEBUG - Applicant 516841050 entered applicant_8 handler
07-09-2022 08:14:25: applicant_form.py: DEBUG - Applicant 516841050 entered applicant_8_1 handler with cd 9 and sd {'list': [9]}
07-09-2022 08:43:28: start.py: DEBUG - Expert 894029625 use /menu command
07-09-2022 15:00:00: notifications.py: DEBUG - Expert 238439082 got feedback_notif_applicant notification about meeting 31
07-09-2022 15:00:00: notifications.py: DEBUG - Applicant 670735742 got feedback_notif_applicant notification about meeting 31
07-09-2022 15:00:00: notifications.py: DEBUG - Applicant 670735742 got notif_1day notification
07-09-2022 15:40:20: expert_menu.py: DEBUG - Expert 238439082 entered expert_fb_agree with meeting 31
07-09-2022 15:40:34: expert_menu.py: DEBUG - Expert 238439082 entered expert_writing_feedback with meeting 31
07-09-2022 15:40:37: expert_menu.py: DEBUG - Expert 238439082 entered exert_meetings handler and got 1 his meetings
08-09-2022 12:00:00: notifications.py: DEBUG - Applicant 670735742 got notif_3hours notification about 34 meeting
08-09-2022 16:40:51: start.py: DEBUG - Expert 733833846 use /menu command
08-09-2022 16:43:08: expert_menu.py: DEBUG - Expert 733833846 entered search_applicants handler
08-09-2022 16:43:08: expert_menu.py: DEBUG - Search_applicant function shows that expert 733833846 have 41 suitable applicants
08-09-2022 16:43:18: expert_menu.py: DEBUG - Search_applicant function shows that expert 733833846 have 41 suitable applicants
08-09-2022 16:43:19: expert_menu.py: DEBUG - Search_applicant function shows that expert 733833846 have 41 suitable applicants
08-09-2022 16:43:20: expert_menu.py: DEBUG - Search_applicant function shows that expert 733833846 have 41 suitable applicants
08-09-2022 16:43:21: expert_menu.py: DEBUG - Search_applicant function shows that expert 733833846 have 41 suitable applicants
08-09-2022 16:43:21: expert_menu.py: DEBUG - Search_applicant function shows that expert 733833846 have 41 suitable applicants
08-09-2022 16:51:48: expert_menu.py: DEBUG - Expert 733833846 entered applicant_chosen handler with applicant 128105410 and 0 free slots
08-09-2022 16:51:53: expert_menu.py: DEBUG - Expert 733833846 entered exert_meetings handler but he doesn't have meetings yet
08-09-2022 16:51:56: expert_menu.py: DEBUG - Expert 733833846 entered expert_menu handler
08-09-2022 16:51:59: expert_profile.py: DEBUG - Expert 733833846 entered check_profile_e handler
08-09-2022 16:52:19: expert_menu.py: DEBUG - Expert 733833846 entered expert_menu handler
08-09-2022 16:53:20: start.py: DEBUG - Expert 733833846 use /menu command
08-09-2022 16:53:42: applicant_menu.py: DEBUG - Applicant 832046540 entered search_experts handler
08-09-2022 16:53:42: applicant_menu.py: DEBUG - Search_expert function shows that expert 832046540 have 5 suitable experts
09-09-2022 09:44:47: expert_menu.py: DEBUG - Search_applicant function shows that expert 2114771511 have 33 suitable applicants
09-09-2022 10:17:31: applicant_menu.py: DEBUG - Applicant 567213956 entered search_experts handler
09-09-2022 10:17:31: applicant_menu.py: DEBUG - Search_expert function shows that expert 567213956 have 5 suitable experts
09-09-2022 10:18:10: start.py: DEBUG - User 567213956 start bot
09-09-2022 10:18:13: applicant_form.py: DEBUG - Applicant 567213956 entered applicant_start handler
09-09-2022 10:18:28: applicant_form.py: DEBUG - Applicant 567213956 entered applicant_1 handler
09-09-2022 10:18:30: applicant_form.py: DEBUG - Applicant 567213956 entered applicant_2 handler
09-09-2022 10:19:33: applicant_form.py: DEBUG - Applicant 567213956 entered applicant_3 handler
09-09-2022 10:20:35: applicant_form.py: DEBUG - Applicant 567213956 entered applicant_4 handler
09-09-2022 10:20:44: applicant_form.py: DEBUG - Applicant 567213956 entered applicant_5 handler
09-09-2022 10:20:47: applicant_form.py: DEBUG - Applicant 567213956 entered applicant_6 handler
09-09-2022 10:20:49: applicant_form.py: DEBUG - Applicant 567213956 entered applicant_7 handler
09-09-2022 10:20:55: applicant_form.py: DEBUG - Applicant 567213956 entered applicant_8 handler
09-09-2022 10:21:52: applicant_form.py: DEBUG - Applicant 567213956 entered applicant_8_1 handler with cd 6 and sd {'list': [6]}
09-09-2022 10:21:52: applicant_form.py: DEBUG - Applicant 567213956 entered applicant_8_1 handler with cd 7 and sd {'list': [6, 7]}
09-09-2022 10:21:53: applicant_form.py: DEBUG - Applicant 567213956 entered applicant_8_1 handler with cd 8 and sd {'list': [6, 7, 8]}
09-09-2022 10:21:53: applicant_form.py: DEBUG - Applicant 567213956 entered applicant_8_1 handler with cd 9 and sd {'list': [6, 7, 8, 9]}
09-09-2022 10:21:54: applicant_form.py: DEBUG - Applicant 567213956 entered applicant_8_1 handler with cd done and sd {'list': [6, 7, 8, 9]}
09-09-2022 10:21:57: applicant_form.py: DEBUG - Applicant 567213956 entered applicant_9 handler
09-09-2022 19:10:13: applicant_form.py: DEBUG - Applicant 1766373066 entered applicant_8_1 handler with cd 4 and sd {'list': [4]}
09-09-2022 19:10:28: applicant_form.py: DEBUG - Applicant 1766373066 entered applicant_8_1 handler with cd done and sd {'list': [4]}
09-09-2022 19:10:34: applicant_form.py: DEBUG - Applicant 1766373066 entered applicant_9 handler
09-09-2022 19:11:00: applicant_menu.py: DEBUG - Applicant 1766373066 entered faq_a handler
10-09-2022 00:19:34: start.py: DEBUG - User 330641277 tried to use /start command again
10-09-2022 07:19:51: start.py: DEBUG - User 1049418185 start bot
10-09-2022 07:19:56: applicant_form.py: DEBUG - Applicant 1049418185 entered applicant_start handler
10-09-2022 07:20:04: applicant_form.py: DEBUG - Applicant 1049418185 entered applicant_1 handler
10-09-2022 07:20:12: applicant_form.py: DEBUG - Applicant 1049418185 entered applicant_2 handler
10-09-2022 07:20:36: applicant_form.py: DEBUG - Applicant 1049418185 entered applicant_3 handler
10-09-2022 07:21:21: applicant_form.py: DEBUG - Applicant 1049418185 entered applicant_4 handler
10-09-2022 07:21:36: applicant_form.py: DEBUG - Applicant 1049418185 entered applicant_5 handler
10-09-2022 07:22:10: applicant_form.py: DEBUG - Applicant 1049418185 entered applicant_6 handler
10-09-2022 07:22:20: applicant_form.py: DEBUG - Applicant 1049418185 entered applicant_7 handler
10-09-2022 07:22:57: applicant_form.py: DEBUG - Applicant 1049418185 entered applicant_8 handler
10-09-2022 07:23:12: applicant_form.py: DEBUG - Applicant 1049418185 entered applicant_8_1 handler with cd 6 and sd {'list': [6]}
10-09-2022 11:21:56: notifications.py: DEBUG - Expert 238439082 got notif_cancel_to_expert2 notification
10-09-2022 11:21:57: applicant_menu.py: DEBUG - Job c7afbeecd0b345f996088294339f4c71 was removed from job storage
10-09-2022 11:21:57: applicant_menu.py: DEBUG - Job b8591538b4804f35afc6c6d9d64c2466 was removed from job storage
10-09-2022 11:21:57: applicant_menu.py: DEBUG - Applicant 670735742 entered canceled_3hours handler with meeting 34
10-09-2022 11:22:14: start.py: DEBUG - Expert 238439082 use /menu command
10-09-2022 11:22:16: expert_menu.py: DEBUG - Expert 238439082 entered search_applicants handler
10-09-2022 11:22:16: expert_menu.py: DEBUG - Search_applicant function shows that expert 238439082 have 39 suitable applicants
10-09-2022 11:22:20: expert_menu.py: DEBUG - Search_applicant function shows that expert 238439082 have 39 suitable applicants
10-09-2022 11:22:23: expert_menu.py: DEBUG - Search_applicant function shows that expert 238439082 have 39 suitable applicants
10-09-2022 11:22:25: expert_menu.py: DEBUG - Search_applicant function shows that expert 238439082 have 39 suitable applicants
10-09-2022 13:36:14: start.py: DEBUG - User 1261014161 start bot
10-09-2022 13:36:18: applicant_form.py: DEBUG - Applicant 1261014161 entered applicant_start handler
10-09-2022 13:36:25: applicant_form.py: DEBUG - Applicant 1261014161 entered applicant_1 handler
10-09-2022 13:36:32: applicant_form.py: DEBUG - Applicant 1261014161 entered applicant_2 handler
10-09-2022 13:36:51: applicant_form.py: DEBUG - Applicant 1261014161 entered applicant_3 handler
10-09-2022 13:37:09: applicant_form.py: DEBUG - Applicant 1261014161 entered applicant_4 handler
11-09-2022 09:45:48: applicant_menu.py: DEBUG - Applicant 722133631 entered search_experts handler
11-09-2022 09:45:48: applicant_menu.py: DEBUG - Search_expert function shows that expert 722133631 have 3 suitable experts
11-09-2022 09:46:40: applicant_menu.py: DEBUG - Search_expert function shows that expert 722133631 have 3 suitable experts
11-09-2022 09:46:40: applicant_menu.py: DEBUG - Applicant 722133631 entered page_click_applicant handler with page 2
11-09-2022 09:46:55: applicant_menu.py: DEBUG - Search_expert function shows that expert 722133631 have 3 suitable experts
11-09-2022 09:46:56: applicant_menu.py: DEBUG - Applicant 722133631 entered page_click_applicant handler with page 3
11-09-2022 09:47:33: applicant_menu.py: DEBUG - Search_expert function shows that expert 722133631 have 3 suitable experts
11-09-2022 09:47:33: applicant_menu.py: DEBUG - Applicant 722133631 entered page_click_applicant handler with page 2
11-09-2022 09:48:37: applicant_menu.py: DEBUG - Applicant 722133631 entered expert_chosen handler with applicant 865995606 and 5 free slots
11-09-2022 09:49:19: notifications.py: DEBUG - Expert 865995606 got notif_init_expert notification about meeting 37
11-09-2022 09:49:19: applicant_menu.py: DEBUG - Applicant 722133631 entered choosing_time handler with expert 865995606 and 18.09.2022 17:00 slot
11-09-2022 11:53:52: expert_menu.py: DEBUG - Expert 865995606 entered search_applicants handler
11-09-2022 11:53:52: expert_menu.py: DEBUG - Search_applicant function shows that expert 865995606 have 37 suitable applicants
11-09-2022 11:54:02: expert_menu.py: DEBUG - Search_applicant function shows that expert 865995606 have 37 suitable applicants
11-09-2022 11:54:07: expert_menu.py: DEBUG - Search_applicant function shows that expert 865995606 have 37 suitable applicants
11-09-2022 11:54:21: expert_menu.py: DEBUG - Search_applicant function shows that expert 865995606 have 37 suitable applicants
11-09-2022 11:54:25: expert_menu.py: DEBUG - Expert 865995606 entered expert_menu handler
11-09-2022 11:54:39: expert_menu.py: DEBUG - Expert 865995606 entered exert_meetings handler and got 1 his meetings
11-09-2022 11:54:42: expert_menu.py: DEBUG - Expert 865995606 entered check_meeting handler with meeting 37
11-09-2022 11:54:47: expert_menu.py: DEBUG - Expert 865995606 entered notif_init_applicant_result with meeting 37 and cd approved_e_37
11-09-2022 13:59:12: expert_menu.py: DEBUG - Expert 865995606 entered exert_meetings handler and got 1 his meetings
11-09-2022 13:59:16: expert_menu.py: DEBUG - Expert 865995606 entered check_meeting handler with meeting 37
11-09-2022 13:59:18: expert_menu.py: DEBUG - Expert 865995606 entered exert_meetings handler and got 1 his meetings
11-09-2022 13:59:21: expert_menu.py: DEBUG - Expert 865995606 entered expert_menu handler
11-09-2022 14:00:40: expert_menu.py: DEBUG - Expert 865995606 entered search_applicants handler
11-09-2022 14:00:41: expert_menu.py: DEBUG - Search_applicant function shows that expert 865995606 have 37 suitable applicants
11-09-2022 14:00:43: expert_menu.py: DEBUG - Search_applicant function shows that expert 865995606 have 37 suitable applicants
11-09-2022 14:00:51: expert_menu.py: DEBUG - Expert 865995606 entered expert_menu handler
11-09-2022 14:00:53: expert_menu.py: DEBUG - Expert 865995606 entered update_timetable handler
11-09-2022 14:00:58: expert_menu.py: DEBUG - Expert 865995606 entered expert_menu handler
11-09-2022 14:01:01: expert_menu.py: DEBUG - Expert 865995606 entered exert_meetings handler and got 1 his meetings
11-09-2022 14:01:03: expert_menu.py: DEBUG - Expert 865995606 entered check_meeting handler with meeting 37
11-09-2022 17:56:23: start.py: DEBUG - User 961693112 start bot
11-09-2022 17:56:27: applicant_form.py: DEBUG - Applicant 961693112 entered applicant_start handler
11-09-2022 17:56:32: applicant_form.py: DEBUG - Applicant 961693112 entered applicant_1 handler
11-09-2022 17:56:37: applicant_form.py: DEBUG - Applicant 961693112 entered applicant_2 handler
11-09-2022 17:56:57: applicant_form.py: DEBUG - Applicant 961693112 entered applicant_3 handler
11-09-2022 17:57:20: applicant_form.py: DEBUG - Applicant 961693112 entered applicant_4 handler
11-09-2022 17:57:57: applicant_form.py: DEBUG - Applicant 961693112 entered applicant_5 handler
11-09-2022 17:58:11: applicant_form.py: DEBUG - Applicant 961693112 entered applicant_6 handler
11-09-2022 17:58:17: applicant_form.py: DEBUG - Applicant 961693112 entered applicant_7 handler
11-09-2022 18:02:19: applicant_form.py: DEBUG - Applicant 961693112 entered applicant_8 handler
11-09-2022 18:02:31: applicant_form.py: DEBUG - Applicant 961693112 entered applicant_8_1 handler with cd 1 and sd {'list': [1]}
11-09-2022 18:02:33: applicant_form.py: DEBUG - Applicant 961693112 entered applicant_8_1 handler with cd 8 and sd {'list': [1, 8]}
11-09-2022 18:02:51: applicant_form.py: DEBUG - Applicant 961693112 entered applicant_8_1 handler with cd 2 and sd {'list': [1, 8, 2]}
11-09-2022 18:02:52: applicant_form.py: DEBUG - Applicant 961693112 entered applicant_8_1 handler with cd done and sd {'list': [1, 8, 2]}
11-09-2022 18:04:08: applicant_form.py: DEBUG - Applicant 961693112 entered applicant_9 handler
11-09-2022 18:04:43: applicant_menu.py: DEBUG - Applicant 961693112 entered search_experts handler
11-09-2022 18:04:43: applicant_menu.py: DEBUG - Search_expert function shows that expert 961693112 have 4 suitable experts
11-09-2022 18:04:53: applicant_menu.py: DEBUG - Search_expert function shows that expert 961693112 have 4 suitable experts
11-09-2022 18:04:53: applicant_menu.py: DEBUG - Applicant 961693112 entered page_click_applicant handler with page 2
11-09-2022 18:04:57: applicant_menu.py: DEBUG - Search_expert function shows that expert 961693112 have 4 suitable experts
11-09-2022 18:04:58: applicant_menu.py: DEBUG - Applicant 961693112 entered page_click_applicant handler with page 3
12-09-2022 10:49:02: applicant_menu.py: DEBUG - Applicant 1083031420 entered search_experts handler
12-09-2022 10:49:03: applicant_menu.py: DEBUG - Applicant 1083031420 entered search_experts handler
12-09-2022 10:49:04: applicant_menu.py: DEBUG - Applicant 1083031420 entered search_experts handler
12-09-2022 10:49:08: applicant_menu.py: DEBUG - Applicant 1083031420 entered add_photo handler
12-09-2022 10:49:14: applicant_menu.py: DEBUG - Applicant 1083031420 entered applicant_menu handler
12-09-2022 10:49:18: applicant_menu.py: DEBUG - Applicant 1083031420 entered search_experts handler
12-09-2022 11:49:04: applicant_profile.py: DEBUG - Applicant 1616775026 entered check_profile_a handler
12-09-2022 11:49:08: applicant_profile.py: DEBUG - Applicant 1616775026 entered change_profile_a handler
12-09-2022 11:49:17: applicant_profile.py: DEBUG - Applicant 1616775026 entered cha_direction handler
12-09-2022 11:49:40: applicant_profile.py: DEBUG - Applicant 1616775026 entered cha_direction2 handler
12-09-2022 11:49:47: applicant_profile.py: DEBUG - Applicant 1616775026 entered cha_profile handler
12-09-2022 11:53:41: applicant_profile.py: DEBUG - Applicant 1616775026 entered cha_profile2 handler
12-09-2022 11:54:04: applicant_menu.py: DEBUG - Applicant 1616775026 entered search_experts handler
12-09-2022 11:54:04: applicant_menu.py: DEBUG - Search_expert function shows that expert 1616775026 have 4 suitable experts
12-09-2022 11:54:44: applicant_menu.py: DEBUG - Search_expert function shows that expert 1616775026 have 4 suitable experts
12-09-2022 11:54:45: applicant_menu.py: DEBUG - Applicant 1616775026 entered page_click_applicant handler with page 2
12-09-2022 11:55:13: applicant_menu.py: DEBUG - Search_expert function shows that expert 1616775026 have 4 suitable experts
12-09-2022 11:55:13: applicant_menu.py: DEBUG - Applicant 1616775026 entered page_click_applicant handler with page 3
12-09-2022 11:55:31: applicant_menu.py: DEBUG - Search_expert function shows that expert 1616775026 have 4 suitable experts
12-09-2022 11:55:31: applicant_menu.py: DEBUG - Applicant 1616775026 entered page_click_applicant handler with page 4
13-09-2022 06:00:48: start.py: DEBUG - User 1229596007 start bot
13-09-2022 06:00:54: applicant_form.py: DEBUG - Applicant 1229596007 entered applicant_start handler
13-09-2022 06:01:00: applicant_form.py: DEBUG - Applicant 1229596007 entered applicant_1 handler
13-09-2022 06:01:06: applicant_form.py: DEBUG - Applicant 1229596007 entered applicant_2 handler
13-09-2022 06:01:24: applicant_form.py: DEBUG - Applicant 1229596007 entered applicant_3 handler
13-09-2022 06:01:35: applicant_form.py: DEBUG - Applicant 1229596007 entered applicant_4 handler
13-09-2022 06:01:58: applicant_form.py: DEBUG - Applicant 1229596007 entered applicant_5 handler
13-09-2022 06:02:07: applicant_form.py: DEBUG - Applicant 1229596007 entered applicant_6 handler
13-09-2022 06:02:50: applicant_form.py: DEBUG - Applicant 1229596007 entered applicant_7 handler
13-09-2022 19:28:10: expert_menu.py: DEBUG - Job 946d5770559a41e38498683c840cd29b was removed from job storage
13-09-2022 19:28:10: expert_menu.py: DEBUG - Job 456e3c2e4a474b418ad67c4800e5bb23 was removed from job storage
13-09-2022 19:28:10: notifications.py: DEBUG - Applicant 722133631 got notif_cancel_to_applicant notification of 18.09.2022 17:00 meeting
13-09-2022 19:28:10: expert_menu.py: DEBUG - Expert 865995606 entered meeting_cancelation handler with meeting 37
13-09-2022 19:28:13: start.py: DEBUG - Expert 865995606 use /menu command
13-09-2022 19:28:15: expert_menu.py: DEBUG - Expert 865995606 entered update_timetable handler
13-09-2022 19:28:17: expert_menu.py: DEBUG - Expert 865995606 entered update_timetable2 handler
13-09-2022 19:29:24: start.py: DEBUG - Applicant 722133631 use /menu command
13-09-2022 19:29:26: applicant_menu.py: DEBUG - Applicant 722133631 entered search_experts handler
13-09-2022 19:29:26: applicant_menu.py: DEBUG - Search_expert function shows that expert 722133631 have 2 suitable experts
13-09-2022 19:29:34: applicant_menu.py: DEBUG - Search_expert function shows that expert 722133631 have 2 suitable experts
13-09-2022 19:29:34: applicant_menu.py: DEBUG - Applicant 722133631 entered page_click_applicant handler with page 2
13-09-2022 19:29:40: applicant_menu.py: DEBUG - Search_expert function shows that expert 722133631 have 2 suitable experts
13-09-2022 19:29:40: applicant_menu.py: DEBUG - Applicant 722133631 entered page_click_applicant handler with page 1
13-09-2022 19:29:50: expert_menu.py: DEBUG - Expert 865995606 entered expert_changing_tt but write incorrect slot: 18.09.22 16.00
13-09-2022 19:29:56: applicant_menu.py: DEBUG - Applicant 722133631 entered expert_chosen handler with applicant 173355084 and 2 free slots
13-09-2022 19:30:02: notifications.py: DEBUG - Expert 173355084 got notif_init_expert notification about meeting 38
13-09-2022 19:30:02: applicant_menu.py: DEBUG - Applicant 722133631 entered choosing_time handler with expert 173355084 and 18.09.2022 18:00 slot
13-09-2022 19:30:46: expert_menu.py: DEBUG - Search_applicant function shows that expert 173355084 have 43 suitable applicants
13-09-2022 19:30:53: start.py: DEBUG - Expert 173355084 use /menu command
13-09-2022 19:30:56: expert_menu.py: DEBUG - Expert 173355084 entered search_applicants handler
13-09-2022 19:30:56: expert_menu.py: DEBUG - Search_applicant function shows that expert 173355084 have 43 suitable applicants
13-09-2022 19:30:59: expert_menu.py: DEBUG - Search_applicant function shows that expert 173355084 have 43 suitable applicants
13-09-2022 19:31:13: expert_menu.py: DEBUG - Expert 865995606 entered expert_changing_tt but write incorrect slot: 18.09.22 16:00
13-09-2022 19:31:21: expert_menu.py: DEBUG - Search_applicant function shows that expert 173355084 have 43 suitable applicants
13-09-2022 19:31:27: start.py: DEBUG - Expert 173355084 use /menu command
13-09-2022 19:31:33: expert_menu.py: DEBUG - Expert 173355084 entered search_applicants handler
13-09-2022 19:31:33: expert_menu.py: DEBUG - Search_applicant function shows that expert 173355084 have 43 suitable applicants
13-09-2022 19:31:36: expert_menu.py: DEBUG - Search_applicant function shows that expert 173355084 have 43 suitable applicants
13-09-2022 19:31:36: expert_menu.py: DEBUG - Expert 865995606 entered expert_changing_tt and changed timetable
13-09-2022 19:31:39: expert_menu.py: DEBUG - Expert 865995606 entered expert_menu handler
15-09-2022 07:35:26: start.py: DEBUG - User 902491212 start bot
15-09-2022 07:35:34: start.py: DEBUG - Applicant 902491212 use /menu command
15-09-2022 07:36:06: applicant_menu.py: DEBUG - Applicant 902491212 entered search_experts handler
15-09-2022 07:36:19: applicant_form.py: DEBUG - Applicant 902491212 entered applicant_start handler
15-09-2022 07:36:28: applicant_form.py: DEBUG - Applicant 902491212 entered applicant_1 handler
15-09-2022 07:36:32: applicant_form.py: DEBUG - Applicant 902491212 entered applicant_2 handler
