08-06-2022 21:21:48: app.py: INFO - table applicants already exists
08-06-2022 21:21:48: app.py: INFO - table experts already exists
08-06-2022 21:21:48: app.py: INFO - table meetings already exists
08-06-2022 21:21:48: app.py: INFO - table admins already exists
08-06-2022 21:21:48: app.py: INFO - Bot is running
08-06-2022 21:21:55: start.py: DEBUG - Applicant 259733823 use /menu command
08-06-2022 21:22:18: start.py: DEBUG - Applicant 259733823 use /menu command
08-06-2022 21:24:22: start.py: DEBUG - User 259733823 start the bot as an applicant
08-06-2022 21:24:23: applicant_form.py: DEBUG - Applicant 259733823 entered applicant_start handler
08-06-2022 21:24:26: applicant_form.py: DEBUG - Applicant 259733823 entered applicant_1 handler
08-06-2022 21:24:29: applicant_form.py: DEBUG - Applicant 259733823 entered applicant_2 handler
08-06-2022 21:24:31: applicant_form.py: DEBUG - Applicant 259733823 entered applicant_3 handler
08-06-2022 21:24:39: applicant_form.py: DEBUG - Applicant 259733823 entered applicant_4 handler
08-06-2022 21:24:48: applicant_form.py: DEBUG - Applicant 259733823 entered applicant_5 handler
08-06-2022 21:24:50: applicant_form.py: DEBUG - Applicant 259733823 entered applicant_6 handler
08-06-2022 21:24:54: applicant_form.py: DEBUG - Applicant 259733823 entered applicant_7 handler
08-06-2022 21:25:03: applicant_form.py: DEBUG - Applicant 259733823 entered applicant_8 handler
08-06-2022 21:25:05: applicant_form.py: DEBUG - Applicant 259733823 entered applicant_8_1 handler with cd 3 and sd {'list': [3]}
08-06-2022 21:25:05: applicant_form.py: DEBUG - Applicant 259733823 entered applicant_8_1 handler with cd 4 and sd {'list': [3, 4]}
08-06-2022 21:25:07: applicant_form.py: DEBUG - Applicant 259733823 entered applicant_8_1 handler with cd done and sd {'list': [3, 4]}
08-06-2022 21:31:40: app.py: INFO - table applicants already exists
08-06-2022 21:31:40: app.py: INFO - table experts already exists
08-06-2022 21:31:40: app.py: INFO - table meetings already exists
08-06-2022 21:31:40: app.py: INFO - table admins already exists
08-06-2022 21:31:40: app.py: INFO - Bot is running
08-06-2022 21:31:42: start.py: DEBUG - User 259733823 start the bot as an applicant
08-06-2022 21:35:23: app.py: INFO - table applicants already exists
08-06-2022 21:35:23: app.py: INFO - table experts already exists
08-06-2022 21:35:23: app.py: INFO - table meetings already exists
08-06-2022 21:35:23: app.py: INFO - table admins already exists
08-06-2022 21:35:23: app.py: INFO - Bot is running
08-06-2022 21:35:38: applicant_form.py: DEBUG - Applicant 259733823 entered applicant_start handler
08-06-2022 21:36:34: app.py: INFO - Table "applicants" is created
08-06-2022 21:36:34: app.py: INFO - Table "experts" is created
08-06-2022 21:36:34: app.py: INFO - Table "meetings" is created
08-06-2022 21:36:34: app.py: INFO - Table "admins" is created
08-06-2022 21:36:34: app.py: INFO - Bot is running
08-06-2022 21:36:38: start.py: DEBUG - User 259733823 start the bot as an applicant
08-06-2022 21:37:15: start.py: DEBUG - User 259733823 start the bot as an applicant
08-06-2022 21:37:16: applicant_form.py: DEBUG - Applicant 259733823 entered applicant_start handler
08-06-2022 21:37:20: applicant_form.py: DEBUG - Applicant 259733823 entered applicant_1 handler
08-06-2022 21:37:22: applicant_form.py: DEBUG - Applicant 259733823 entered applicant_2 handler
08-06-2022 21:37:24: applicant_form.py: DEBUG - Applicant 259733823 entered applicant_3 handler
08-06-2022 21:37:36: applicant_form.py: DEBUG - Applicant 259733823 entered applicant_4 handler
08-06-2022 21:37:40: applicant_form.py: DEBUG - Applicant 259733823 entered applicant_5 handler
08-06-2022 21:37:42: applicant_form.py: DEBUG - Applicant 259733823 entered applicant_6 handler
08-06-2022 21:37:44: applicant_form.py: DEBUG - Applicant 259733823 entered applicant_7 handler
08-06-2022 21:37:48: applicant_form.py: DEBUG - Applicant 259733823 entered applicant_8 handler
08-06-2022 21:37:50: applicant_form.py: DEBUG - Applicant 259733823 entered applicant_8_1 handler with cd 9 and sd {'list': [9]}
08-06-2022 21:37:51: applicant_form.py: DEBUG - Applicant 259733823 entered applicant_8_1 handler with cd done and sd {'list': [9]}
08-06-2022 21:37:55: applicant_form.py: DEBUG - Applicant 259733823 entered applicant_9 handler
08-06-2022 21:38:00: applicant_profile.py: DEBUG - Applicant 259733823 entered check_profile_a handler
08-06-2022 21:38:03: applicant_menu.py: DEBUG - Applicant 259733823 entered applicant_menu handler
08-06-2022 21:38:05: applicant_menu.py: DEBUG - Applicant 259733823 entered applicant_meetings handler but he doesn't have meetings yet
08-06-2022 21:38:06: applicant_menu.py: DEBUG - Applicant 259733823 entered applicant_menu handler
08-06-2022 21:38:08: applicant_menu.py: DEBUG - Search_expert function shows that expert 259733823 have 0 suitable applicants
08-06-2022 21:38:08: applicant_menu.py: DEBUG - Applicant 259733823 entered search_experts handler but don't have any suitable applicants
08-06-2022 21:38:09: applicant_menu.py: DEBUG - Applicant 259733823 entered applicant_menu handler
08-06-2022 22:04:29: start.py: DEBUG - Applicant 1083031420 use /menu command
08-06-2022 22:05:03: applicant_menu.py: DEBUG - Applicant 1083031420 entered applicant_meetings handler but he doesn't have meetings yet
08-06-2022 22:05:06: applicant_menu.py: DEBUG - Applicant 1083031420 entered applicant_menu handler
08-06-2022 22:05:57: start.py: DEBUG - Applicant 1083031420 use /menu command
08-06-2022 22:06:01: start.py: DEBUG - Applicant 1083031420 use /menu command
10-06-2022 13:27:36: applicant_menu.py: DEBUG - Search_expert function shows that expert 259733823 have 0 suitable applicants
10-06-2022 13:27:37: applicant_menu.py: DEBUG - Applicant 259733823 entered search_experts handler but don't have any suitable applicants
10-06-2022 13:27:38: applicant_menu.py: DEBUG - Applicant 259733823 entered applicant_menu handler
10-06-2022 13:28:06: start.py: DEBUG - Applicant 567213956 use /menu command
10-06-2022 13:28:10: applicant_menu.py: DEBUG - Applicant 259733823 entered applicant_meetings handler but he doesn't have meetings yet
10-06-2022 13:28:11: applicant_menu.py: DEBUG - Applicant 259733823 entered applicant_menu handler
10-06-2022 13:29:37: applicant_menu.py: DEBUG - Applicant 567213956 entered applicant_meetings handler but he doesn't have meetings yet
10-06-2022 13:29:44: applicant_menu.py: DEBUG - Applicant 567213956 entered applicant_menu handler
10-06-2022 23:56:33: start.py: DEBUG - User 300590325 start the bot as an applicant
10-06-2022 23:56:37: applicant_form.py: DEBUG - Applicant 300590325 entered applicant_start handler
10-06-2022 23:56:41: applicant_form.py: DEBUG - Applicant 300590325 entered applicant_1 handler
10-06-2022 23:56:45: applicant_form.py: DEBUG - Applicant 300590325 entered applicant_2 handler
10-06-2022 23:56:49: applicant_form.py: DEBUG - Applicant 300590325 entered applicant_3 handler
10-06-2022 23:57:01: applicant_form.py: DEBUG - Applicant 300590325 entered applicant_4 handler
10-06-2022 23:57:09: applicant_form.py: DEBUG - Applicant 300590325 entered applicant_5 handler
10-06-2022 23:57:15: applicant_form.py: DEBUG - Applicant 300590325 entered applicant_6 handler
10-06-2022 23:57:23: applicant_form.py: DEBUG - Applicant 300590325 entered applicant_7 handler
10-06-2022 23:57:35: applicant_form.py: DEBUG - Applicant 300590325 entered applicant_8 handler
10-06-2022 23:57:39: applicant_form.py: DEBUG - Applicant 300590325 entered applicant_8_1 handler with cd 8 and sd {'list': [8]}
10-06-2022 23:57:41: applicant_form.py: DEBUG - Applicant 300590325 entered applicant_8_1 handler with cd done and sd {'list': [8]}
10-06-2022 23:57:48: applicant_form.py: DEBUG - Applicant 300590325 entered applicant_9 handler
10-06-2022 23:57:51: applicant_menu.py: DEBUG - Search_expert function shows that expert 300590325 have 0 suitable applicants
10-06-2022 23:57:51: applicant_menu.py: DEBUG - Applicant 300590325 entered search_experts handler but don't have any suitable applicants
10-06-2022 23:57:58: applicant_menu.py: DEBUG - Applicant 300590325 entered applicant_menu handler
11-06-2022 20:34:22: applicant_menu.py: DEBUG - Applicant 259733823 entered applicant_meetings handler but he doesn't have meetings yet
11-06-2022 20:34:23: applicant_menu.py: DEBUG - Applicant 259733823 entered applicant_menu handler
11-06-2022 20:34:24: applicant_profile.py: DEBUG - Applicant 259733823 entered check_profile_a handler
11-06-2022 20:34:25: applicant_menu.py: DEBUG - Applicant 259733823 entered applicant_menu handler
11-06-2022 20:34:26: applicant_menu.py: DEBUG - Search_expert function shows that expert 259733823 have 0 suitable applicants
11-06-2022 20:34:26: applicant_menu.py: DEBUG - Applicant 259733823 entered search_experts handler but don't have any suitable applicants
11-06-2022 20:34:28: applicant_menu.py: DEBUG - Applicant 259733823 entered applicant_menu handler
12-06-2022 10:22:32: start.py: DEBUG - User 416212056 start the bot as an applicant
12-06-2022 10:22:38: applicant_form.py: DEBUG - Applicant 416212056 entered applicant_start handler
12-06-2022 10:22:47: applicant_form.py: DEBUG - Applicant 416212056 entered applicant_1 handler
12-06-2022 10:22:54: applicant_form.py: DEBUG - Applicant 416212056 entered applicant_2 handler
12-06-2022 10:23:07: applicant_form.py: DEBUG - Applicant 416212056 entered applicant_3 handler
14-06-2022 09:44:59: start.py: DEBUG - Applicant 567213956 use /menu command
14-06-2022 09:46:04: start.py: DEBUG - User 567213956 start the bot as an applicant
14-06-2022 09:46:07: applicant_form.py: DEBUG - Applicant 567213956 entered applicant_start handler
15-06-2022 10:10:06: start.py: DEBUG - User 655469564 start the bot as an expert
15-06-2022 10:10:12: expert_form.py: DEBUG - Expert 655469564 entered expert_start handler
15-06-2022 10:10:22: expert_form.py: DEBUG - Expert 655469564 entered expert_1 handler
15-06-2022 10:10:28: expert_form.py: DEBUG - Expert 655469564 entered expert_2 handler
15-06-2022 10:10:33: expert_form.py: DEBUG - Expert 655469564 entered expert_2_1 handler with cd 12
15-06-2022 10:10:38: expert_form.py: DEBUG - Expert 655469564 entered expert_4 handler
15-06-2022 10:10:53: expert_form.py: DEBUG - Expert 655469564 entered expert_5 handler
15-06-2022 10:12:04: expert_form.py: DEBUG - Expert 655469564 entered expert_6 handler
15-06-2022 10:12:11: expert_form.py: DEBUG - Expert 655469564 entered expert_6_1 handler with cd 4 and sd {'list': [4]}
15-06-2022 10:12:12: expert_form.py: DEBUG - Expert 655469564 entered expert_6_1 handler with cd 1 and sd {'list': [4, 1]}
15-06-2022 10:12:14: expert_form.py: DEBUG - Expert 655469564 entered expert_6_1 handler with cd 7 and sd {'list': [4, 1, 7]}
15-06-2022 10:12:18: expert_form.py: DEBUG - Expert 655469564 entered expert_6_1 handler with cd done and sd {'list': [4, 1, 7]}
15-06-2022 10:12:39: start.py: DEBUG - Expert 655469564 use /menu command
15-06-2022 10:12:45: start.py: DEBUG - Expert 655469564 use /menu command
16-06-2022 11:34:00: applicant_form.py: DEBUG - Applicant 567213956 entered applicant_1 handler
16-06-2022 11:34:02: applicant_form.py: DEBUG - Applicant 567213956 entered applicant_2 handler
16-06-2022 11:48:28: start.py: DEBUG - Applicant 360694993 use /menu command
16-06-2022 11:48:34: applicant_menu.py: DEBUG - Applicant 360694993 entered applicant_meetings handler but he doesn't have meetings yet
16-06-2022 11:48:55: start.py: DEBUG - Applicant 360694993 use /menu command
