19-06-2022 19:56:09: app.py: INFO - table applicants already exists
19-06-2022 19:56:09: app.py: INFO - table experts already exists
19-06-2022 19:56:09: app.py: INFO - table meetings already exists
19-06-2022 19:56:09: app.py: INFO - table admins already exists
19-06-2022 19:56:09: app.py: INFO - Bot is running
19-06-2022 19:57:07: start.py: DEBUG - User 259733823 start the bot as an expert
19-06-2022 19:57:09: expert_form.py: DEBUG - Expert 259733823 entered expert_start handler
19-06-2022 19:57:12: expert_form.py: DEBUG - Expert 259733823 entered expert_1 handler
19-06-2022 19:57:14: expert_form.py: DEBUG - Expert 259733823 entered expert_2 handler
19-06-2022 19:57:16: expert_form.py: DEBUG - Expert 259733823 entered expert_2_1 handler with cd 10
19-06-2022 19:57:20: expert_form.py: DEBUG - Expert 259733823 entered expert_5 handler
19-06-2022 19:57:43: expert_form.py: DEBUG - Expert 259733823 entered expert_6 handler
19-06-2022 19:57:45: expert_form.py: DEBUG - Expert 259733823 entered expert_6_1 handler with cd 6 and sd {'list': [6]}
19-06-2022 19:57:46: expert_form.py: DEBUG - Expert 259733823 entered expert_6_1 handler with cd 7 and sd {'list': [6, 7]}
19-06-2022 19:57:46: expert_form.py: DEBUG - Expert 259733823 entered expert_6_1 handler with cd 8 and sd {'list': [6, 7, 8]}
19-06-2022 19:57:47: expert_form.py: DEBUG - Expert 259733823 entered expert_6_1 handler with cd done and sd {'list': [6, 7, 8]}
19-06-2022 19:58:04: start.py: DEBUG - Expert 259733823 use /menu command
19-06-2022 19:58:06: expert_menu.py: DEBUG - Expert 259733823 entered exert_meetings handler but he doesn't have meetings yet
19-06-2022 19:58:09: expert_menu.py: DEBUG - Expert 259733823 entered expert_menu handler
19-06-2022 19:58:10: expert_menu.py: DEBUG - Expert 259733823 entered update_timetable handler
19-06-2022 19:58:12: expert_menu.py: DEBUG - Expert 259733823 entered expert_menu handler
19-06-2022 19:58:13: expert_profile.py: DEBUG - Expert 259733823 entered check_profile_e handler
19-06-2022 19:58:18: expert_profile.py: DEBUG - Expert 259733823 entered change_profile_e handler
19-06-2022 19:58:24: expert_profile.py: DEBUG - Expert 259733823 entered check_profile_e handler
19-06-2022 19:58:25: expert_menu.py: DEBUG - Expert 259733823 entered expert_menu handler
19-06-2022 20:03:25: app.py: INFO - table applicants already exists
19-06-2022 20:03:25: app.py: INFO - table experts already exists
19-06-2022 20:03:25: app.py: INFO - table meetings already exists
19-06-2022 20:03:25: app.py: INFO - table admins already exists
19-06-2022 20:03:25: app.py: INFO - Bot is running
19-06-2022 20:03:28: start.py: DEBUG - Expert 259733823 use /menu command
19-06-2022 20:03:31: expert_menu.py: DEBUG - Search_applicant function shows that expert 259733823 have 3 suitable applicants
19-06-2022 20:03:31: expert_menu.py: DEBUG - Expert 259733823 entered search_applicants handler
19-06-2022 20:03:35: expert_menu.py: DEBUG - Expert 259733823 entered expert_menu handler
19-06-2022 20:03:37: expert_profile.py: DEBUG - Expert 259733823 entered check_profile_e handler
19-06-2022 20:03:38: expert_profile.py: DEBUG - Expert 259733823 entered change_profile_e handler
19-06-2022 20:03:40: expert_profile.py: DEBUG - Expert 259733823 entered check_profile_e handler
19-06-2022 20:03:41: expert_menu.py: DEBUG - Expert 259733823 entered expert_menu handler
19-06-2022 20:04:45: start.py: DEBUG - User 259733823 start the bot as an applicant
19-06-2022 20:04:47: applicant_form.py: DEBUG - Applicant 259733823 entered applicant_start handler
19-06-2022 20:04:50: applicant_form.py: DEBUG - Applicant 259733823 entered applicant_1 handler
19-06-2022 20:04:52: applicant_form.py: DEBUG - Applicant 259733823 entered applicant_2 handler
19-06-2022 20:04:54: applicant_form.py: DEBUG - Applicant 259733823 entered applicant_3 handler
19-06-2022 20:04:56: applicant_form.py: DEBUG - Applicant 259733823 entered applicant_4 handler
19-06-2022 20:04:58: applicant_form.py: DEBUG - Applicant 259733823 entered applicant_5 handler
19-06-2022 20:04:59: applicant_form.py: DEBUG - Applicant 259733823 entered applicant_6 handler
19-06-2022 20:05:00: applicant_form.py: DEBUG - Applicant 259733823 entered applicant_7 handler
19-06-2022 20:05:01: applicant_form.py: DEBUG - Applicant 259733823 entered applicant_8 handler
19-06-2022 20:05:02: applicant_form.py: DEBUG - Applicant 259733823 entered applicant_8_1 handler with cd 9 and sd {'list': [9]}
19-06-2022 20:05:03: applicant_form.py: DEBUG - Applicant 259733823 entered applicant_8_1 handler with cd done and sd {'list': [9]}
19-06-2022 20:05:05: applicant_form.py: DEBUG - Applicant 259733823 entered applicant_9 handler
19-06-2022 20:05:07: applicant_menu.py: DEBUG - Applicant 259733823 entered applicant_meetings handler but he doesn't have meetings yet
19-06-2022 20:05:08: applicant_menu.py: DEBUG - Applicant 259733823 entered applicant_menu handler
19-06-2022 20:05:10: applicant_menu.py: DEBUG - Search_expert function shows that expert 259733823 have 0 suitable applicants
19-06-2022 20:05:10: applicant_menu.py: DEBUG - Applicant 259733823 entered search_experts handler but don't have any suitable applicants
19-06-2022 20:05:11: applicant_menu.py: DEBUG - Applicant 259733823 entered applicant_menu handler
19-06-2022 20:05:12: applicant_profile.py: DEBUG - Applicant 259733823 entered check_profile_a handler
19-06-2022 20:05:13: applicant_profile.py: DEBUG - Applicant 259733823 entered change_profile_a handler
19-06-2022 20:05:15: applicant_profile.py: DEBUG - Applicant 259733823 entered check_profile_a handler
19-06-2022 20:05:15: applicant_menu.py: DEBUG - Applicant 259733823 entered applicant_menu handler
19-06-2022 23:41:58: applicant_menu.py: DEBUG - Applicant 259733823 entered applicant_meetings handler but he doesn't have meetings yet
19-06-2022 23:42:00: applicant_menu.py: DEBUG - Applicant 259733823 entered applicant_menu handler
19-06-2022 23:42:01: applicant_profile.py: DEBUG - Applicant 259733823 entered check_profile_a handler
19-06-2022 23:42:04: applicant_menu.py: DEBUG - Applicant 259733823 entered applicant_menu handler
27-06-2022 10:02:22: applicant_menu.py: DEBUG - Search_expert function shows that expert 655469564 have 0 suitable applicants
27-06-2022 10:02:22: applicant_menu.py: DEBUG - Applicant 655469564 entered search_experts handler but don't have any suitable applicants
27-06-2022 10:03:01: start.py: DEBUG - Applicant 655469564 use /menu command
27-06-2022 10:03:02: applicant_menu.py: DEBUG - Search_expert function shows that expert 655469564 have 0 suitable applicants
27-06-2022 10:03:02: applicant_menu.py: DEBUG - Applicant 655469564 entered search_experts handler but don't have any suitable applicants
27-06-2022 10:03:05: applicant_menu.py: DEBUG - Applicant 655469564 entered applicant_menu handler
27-06-2022 10:03:14: applicant_profile.py: DEBUG - Applicant 655469564 entered check_profile_a handler
27-06-2022 10:03:16: applicant_profile.py: DEBUG - Applicant 655469564 entered change_profile_a handler
27-06-2022 10:03:19: applicant_profile.py: DEBUG - Applicant 655469564 entered cha_profile handler
27-06-2022 10:03:35: applicant_profile.py: DEBUG - Applicant 655469564 entered cha_profile2 handler
27-06-2022 10:04:16: applicant_profile.py: DEBUG - Applicant 567213956 entered check_profile_a handler
27-06-2022 10:14:51: start.py: DEBUG - User 767028281 start the bot as an applicant
27-06-2022 10:14:58: applicant_form.py: DEBUG - Applicant 767028281 entered applicant_start handler
27-06-2022 10:15:01: applicant_form.py: DEBUG - Applicant 767028281 entered applicant_1 handler
27-06-2022 10:15:05: applicant_form.py: DEBUG - Applicant 767028281 entered applicant_2 handler
27-06-2022 10:15:37: start.py: DEBUG - Applicant 2558025 use /menu command
27-06-2022 10:15:45: applicant_menu.py: DEBUG - Applicant 2558025 entered applicant_meetings handler but he doesn't have meetings yet
27-06-2022 10:15:51: applicant_menu.py: DEBUG - Applicant 2558025 entered applicant_menu handler
27-06-2022 10:15:51: applicant_form.py: DEBUG - Applicant 767028281 entered applicant_3 handler
27-06-2022 10:15:53: applicant_menu.py: DEBUG - Applicant 2558025 entered applicant_meetings handler but he doesn't have meetings yet
27-06-2022 10:15:55: applicant_menu.py: DEBUG - Applicant 2558025 entered applicant_menu handler
27-06-2022 10:15:59: applicant_form.py: DEBUG - Applicant 767028281 entered applicant_4 handler
27-06-2022 10:16:03: start.py: DEBUG - Applicant 2558025 use /menu command
27-06-2022 10:16:09: applicant_form.py: DEBUG - Applicant 767028281 entered applicant_5 handler
27-06-2022 10:16:14: applicant_form.py: DEBUG - Applicant 767028281 entered applicant_6 handler
27-06-2022 10:16:18: applicant_form.py: DEBUG - Applicant 767028281 entered applicant_7 handler
27-06-2022 10:16:21: applicant_form.py: DEBUG - Applicant 767028281 entered applicant_8 handler
27-06-2022 10:16:26: applicant_form.py: DEBUG - Applicant 767028281 entered applicant_8_1 handler with cd 1 and sd {'list': [1]}
27-06-2022 10:16:28: applicant_form.py: DEBUG - Applicant 767028281 entered applicant_8_1 handler with cd 4 and sd {'list': [1, 4]}
27-06-2022 10:16:29: applicant_form.py: DEBUG - Applicant 767028281 entered applicant_8_1 handler with cd 5 and sd {'list': [1, 4, 5]}
27-06-2022 10:16:30: applicant_form.py: DEBUG - Applicant 767028281 entered applicant_8_1 handler with cd done and sd {'list': [1, 4, 5]}
27-06-2022 10:16:44: applicant_form.py: DEBUG - Applicant 767028281 entered applicant_9 handler
27-06-2022 10:16:51: applicant_menu.py: DEBUG - Search_expert function shows that expert 767028281 have 0 suitable applicants
27-06-2022 10:16:52: applicant_menu.py: DEBUG - Applicant 767028281 entered search_experts handler but don't have any suitable applicants
27-06-2022 10:19:17: start.py: DEBUG - Applicant 767028281 use /menu command
27-06-2022 10:19:19: applicant_profile.py: DEBUG - Applicant 767028281 entered check_profile_a handler
27-06-2022 10:19:21: applicant_profile.py: DEBUG - Applicant 767028281 entered change_profile_a handler
27-06-2022 10:19:25: applicant_profile.py: DEBUG - Applicant 767028281 entered cha_profile handler
27-06-2022 10:19:35: applicant_profile.py: DEBUG - Applicant 767028281 entered cha_profile2 handler
27-06-2022 10:19:39: applicant_profile.py: DEBUG - Applicant 767028281 entered check_profile_a handler
27-06-2022 10:19:47: applicant_menu.py: DEBUG - Applicant 767028281 entered applicant_menu handler
27-06-2022 10:19:50: applicant_menu.py: DEBUG - Applicant 767028281 entered applicant_meetings handler but he doesn't have meetings yet
27-06-2022 10:19:52: applicant_menu.py: DEBUG - Applicant 767028281 entered applicant_menu handler
27-06-2022 10:19:53: applicant_menu.py: DEBUG - Search_expert function shows that expert 767028281 have 0 suitable applicants
27-06-2022 10:19:53: applicant_menu.py: DEBUG - Applicant 767028281 entered search_experts handler but don't have any suitable applicants
27-06-2022 10:21:11: start.py: DEBUG - User 360694993 start the bot as an applicant
27-06-2022 10:21:13: start.py: DEBUG - Applicant 360694993 use /menu command
27-06-2022 10:21:32: applicant_menu.py: DEBUG - Applicant 360694993 entered applicant_meetings handler but he doesn't have meetings yet
27-06-2022 10:21:34: applicant_menu.py: DEBUG - Applicant 360694993 entered applicant_menu handler
27-06-2022 10:22:54: start.py: DEBUG - Applicant 360694993 use /menu command
01-07-2022 06:36:06: start.py: DEBUG - Applicant 348591684 use /menu command
01-07-2022 06:36:38: applicant_menu.py: DEBUG - Applicant 348591684 entered applicant_meetings handler but he doesn't have meetings yet
01-07-2022 06:36:40: applicant_menu.py: DEBUG - Applicant 348591684 entered applicant_menu handler
01-07-2022 06:38:09: start.py: DEBUG - Applicant 348591684 use /menu command
01-07-2022 06:38:30: start.py: DEBUG - Applicant 348591684 use /menu command
