22-05-2022 12:16:25: bot_commands.py: INFO - Команды установлены
22-05-2022 12:16:25: app.py: INFO - Table "applicants" is created
22-05-2022 12:16:25: app.py: INFO - Table "experts" is created
22-05-2022 12:16:25: app.py: INFO - table applicants already exists
22-05-2022 12:16:25: app.py: INFO - Bot is running
22-05-2022 12:25:50: app.py: INFO - Bot stopped
22-05-2022 12:25:54: bot_commands.py: INFO - Команды установлены
22-05-2022 12:25:54: app.py: INFO - table applicants already exists
22-05-2022 12:25:54: app.py: INFO - table experts already exists
22-05-2022 12:25:54: app.py: INFO - table applicants already exists
22-05-2022 12:25:54: app.py: INFO - Bot is running
22-05-2022 13:06:30: app.py: INFO - Bot stopped
22-05-2022 13:06:32: bot_commands.py: INFO - Команды установлены
22-05-2022 13:06:32: app.py: INFO - table applicants already exists
22-05-2022 13:06:32: app.py: INFO - table experts already exists
22-05-2022 13:06:32: app.py: INFO - table applicants already exists
22-05-2022 13:06:32: app.py: INFO - Bot is running
22-05-2022 13:07:17: app.py: INFO - Bot stopped
22-05-2022 13:07:19: bot_commands.py: INFO - Команды установлены
22-05-2022 13:07:19: app.py: INFO - table applicants already exists
22-05-2022 13:07:19: app.py: INFO - table experts already exists
22-05-2022 13:07:19: app.py: INFO - table applicants already exists
22-05-2022 13:07:19: app.py: INFO - Bot is running
22-05-2022 13:09:15: app.py: INFO - Bot stopped
22-05-2022 13:09:18: bot_commands.py: INFO - Команды установлены
22-05-2022 13:09:18: app.py: INFO - table applicants already exists
22-05-2022 13:09:18: app.py: INFO - table experts already exists
22-05-2022 13:09:18: app.py: INFO - table applicants already exists
22-05-2022 13:09:18: app.py: INFO - Bot is running
22-05-2022 13:09:26: start.py: ERROR - User entered bot with unknown start args: ZXhwZXJ0s, and got exception: Invalid base64-encoded string: number of data characters (9) cannot be 1 more than a multiple of 4
22-05-2022 13:09:45: start.py: DEBUG - User 259733823 tried to use /start command again: UNIQUE constraint failed: applicants.id
22-05-2022 13:13:08: app.py: INFO - Bot stopped
22-05-2022 13:41:17: bot_commands.py: INFO - Команды установлены
22-05-2022 13:41:17: app.py: INFO - table applicants already exists
22-05-2022 13:41:17: app.py: INFO - table experts already exists
22-05-2022 13:41:17: app.py: INFO - table applicants already exists
22-05-2022 13:41:17: app.py: INFO - Bot is running
22-05-2022 13:43:39: app.py: INFO - Bot stopped
22-05-2022 13:43:42: bot_commands.py: INFO - Команды установлены
22-05-2022 13:43:42: app.py: INFO - table applicants already exists
22-05-2022 13:43:42: app.py: INFO - table experts already exists
22-05-2022 13:43:42: app.py: INFO - table applicants already exists
22-05-2022 13:43:42: app.py: INFO - Bot is running
22-05-2022 13:46:52: app.py: INFO - Bot stopped
22-05-2022 13:46:54: bot_commands.py: INFO - Команды установлены
22-05-2022 13:46:54: app.py: INFO - table applicants already exists
22-05-2022 13:46:54: app.py: INFO - table experts already exists
22-05-2022 13:46:54: app.py: INFO - table applicants already exists
22-05-2022 13:46:54: app.py: INFO - Bot is running
22-05-2022 13:48:28: app.py: INFO - Bot stopped
22-05-2022 13:48:30: bot_commands.py: INFO - Команды установлены
22-05-2022 13:48:30: app.py: INFO - table applicants already exists
22-05-2022 13:48:30: app.py: INFO - table experts already exists
22-05-2022 13:48:30: app.py: INFO - table applicants already exists
22-05-2022 13:48:30: app.py: INFO - Bot is running
22-05-2022 13:50:54: app.py: INFO - Bot stopped
22-05-2022 13:50:56: bot_commands.py: INFO - Команды установлены
22-05-2022 13:50:56: app.py: INFO - table applicants already exists
22-05-2022 13:50:56: app.py: INFO - table experts already exists
22-05-2022 13:50:56: app.py: INFO - table applicants already exists
22-05-2022 13:50:56: app.py: INFO - Bot is running
22-05-2022 13:52:10: app.py: INFO - Bot stopped
22-05-2022 13:52:12: bot_commands.py: INFO - Команды установлены
22-05-2022 13:52:12: app.py: INFO - table applicants already exists
22-05-2022 13:52:12: app.py: INFO - table experts already exists
22-05-2022 13:52:12: app.py: INFO - table applicants already exists
22-05-2022 13:52:12: app.py: INFO - Bot is running
22-05-2022 13:52:26: start.py: ERROR - User entered bot with unknown start args: ZXhwZXJ0, and got exception: database is locked
22-05-2022 13:52:33: start.py: ERROR - User entered bot with unknown start args: ZXhwZXJ0, and got exception: database is locked
22-05-2022 13:55:25: app.py: INFO - Bot stopped
22-05-2022 13:55:27: bot_commands.py: INFO - Команды установлены
22-05-2022 13:55:27: app.py: INFO - table applicants already exists
22-05-2022 13:55:27: app.py: INFO - table experts already exists
22-05-2022 13:55:27: app.py: INFO - table applicants already exists
22-05-2022 13:55:27: app.py: INFO - Bot is running
22-05-2022 13:58:17: app.py: INFO - Bot stopped
22-05-2022 13:58:19: bot_commands.py: INFO - Команды установлены
22-05-2022 13:58:19: app.py: INFO - table applicants already exists
22-05-2022 13:58:19: app.py: INFO - table experts already exists
22-05-2022 13:58:19: app.py: INFO - table applicants already exists
22-05-2022 13:58:19: app.py: INFO - Bot is running
22-05-2022 14:10:21: app.py: INFO - Bot stopped
22-05-2022 14:10:23: bot_commands.py: INFO - Команды установлены
22-05-2022 14:10:23: app.py: INFO - table applicants already exists
22-05-2022 14:10:23: app.py: INFO - table experts already exists
22-05-2022 14:10:23: app.py: INFO - table applicants already exists
22-05-2022 14:10:23: app.py: INFO - Bot is running
22-05-2022 14:11:47: app.py: INFO - Bot stopped
22-05-2022 14:11:49: bot_commands.py: INFO - Команды установлены
22-05-2022 14:11:49: app.py: INFO - table applicants already exists
22-05-2022 14:11:49: app.py: INFO - table experts already exists
22-05-2022 14:11:49: app.py: INFO - table applicants already exists
22-05-2022 14:11:49: app.py: INFO - Bot is running
22-05-2022 14:13:06: app.py: INFO - Bot stopped
22-05-2022 14:13:09: bot_commands.py: INFO - Команды установлены
22-05-2022 14:13:09: app.py: INFO - table applicants already exists
22-05-2022 14:13:09: app.py: INFO - table experts already exists
22-05-2022 14:13:09: app.py: INFO - table applicants already exists
22-05-2022 14:13:09: app.py: INFO - Bot is running
22-05-2022 14:14:31: app.py: INFO - Bot stopped
22-05-2022 14:14:33: bot_commands.py: INFO - Команды установлены
22-05-2022 14:14:33: app.py: INFO - table applicants already exists
22-05-2022 14:14:33: app.py: INFO - table experts already exists
22-05-2022 14:14:33: app.py: INFO - table applicants already exists
22-05-2022 14:14:33: app.py: INFO - Bot is running
22-05-2022 15:07:33: app.py: INFO - Bot stopped
22-05-2022 19:22:20: bot_commands.py: INFO - Команды установлены
22-05-2022 19:22:20: app.py: INFO - table applicants already exists
22-05-2022 19:22:20: app.py: INFO - table experts already exists
22-05-2022 19:22:20: app.py: INFO - table applicants already exists
22-05-2022 19:22:20: app.py: INFO - Bot is running
22-05-2022 19:25:59: app.py: INFO - Bot stopped
22-05-2022 19:26:02: bot_commands.py: INFO - Команды установлены
22-05-2022 19:26:03: app.py: INFO - Table "applicants" is created
22-05-2022 19:26:03: app.py: INFO - Table "experts" is created
22-05-2022 19:26:03: app.py: INFO - Table "meetings" is created
22-05-2022 19:26:03: app.py: INFO - Bot is running
22-05-2022 19:26:42: app.py: INFO - Bot stopped
22-05-2022 19:26:45: bot_commands.py: INFO - Команды установлены
22-05-2022 19:26:45: app.py: INFO - table applicants already exists
22-05-2022 19:26:45: app.py: INFO - table experts already exists
22-05-2022 19:26:45: app.py: INFO - table meetings already exists
22-05-2022 19:26:45: app.py: INFO - Bot is running
22-05-2022 19:27:05: app.py: INFO - Bot stopped
22-05-2022 19:27:09: bot_commands.py: INFO - Команды установлены
22-05-2022 19:27:09: app.py: INFO - table applicants already exists
22-05-2022 19:27:09: app.py: INFO - table experts already exists
22-05-2022 19:27:09: app.py: INFO - table meetings already exists
22-05-2022 19:27:09: app.py: INFO - Bot is running
22-05-2022 19:27:13: start.py: DEBUG - User 259733823 tried to use /start command again: UNIQUE constraint failed: applicants.user_id
22-05-2022 19:29:06: app.py: INFO - Bot stopped
22-05-2022 19:29:09: bot_commands.py: INFO - Команды установлены
22-05-2022 19:29:09: app.py: INFO - Table "applicants" is created
22-05-2022 19:29:09: app.py: INFO - Table "experts" is created
22-05-2022 19:29:09: app.py: INFO - Table "meetings" is created
22-05-2022 19:29:09: app.py: INFO - Bot is running
22-05-2022 20:01:51: app.py: INFO - Bot stopped
22-05-2022 20:48:16: bot_commands.py: INFO - Команды установлены
22-05-2022 20:48:16: app.py: INFO - table applicants already exists
22-05-2022 20:48:16: app.py: INFO - table experts already exists
22-05-2022 20:48:16: app.py: INFO - table meetings already exists
22-05-2022 20:48:16: app.py: INFO - Bot is running
22-05-2022 21:27:31: app.py: INFO - Bot stopped
22-05-2022 21:27:33: bot_commands.py: INFO - Команды установлены
22-05-2022 21:27:33: app.py: INFO - table applicants already exists
22-05-2022 21:27:33: app.py: INFO - table experts already exists
22-05-2022 21:27:33: app.py: INFO - table meetings already exists
22-05-2022 21:27:33: app.py: INFO - Bot is running
22-05-2022 21:28:41: app.py: INFO - Bot stopped
22-05-2022 21:28:43: bot_commands.py: INFO - Команды установлены
22-05-2022 21:28:43: app.py: INFO - Table "applicants" is created
22-05-2022 21:28:43: app.py: INFO - Table "experts" is created
22-05-2022 21:28:43: app.py: INFO - Table "meetings" is created
22-05-2022 21:28:43: app.py: INFO - Bot is running
22-05-2022 21:30:18: app.py: INFO - Bot stopped
22-05-2022 21:30:21: bot_commands.py: INFO - Команды установлены
22-05-2022 21:30:21: app.py: INFO - table applicants already exists
22-05-2022 21:30:21: app.py: INFO - table experts already exists
22-05-2022 21:30:21: app.py: INFO - table meetings already exists
22-05-2022 21:30:21: app.py: INFO - Bot is running
22-05-2022 21:31:19: app.py: INFO - Bot stopped
22-05-2022 21:31:22: bot_commands.py: INFO - Команды установлены
22-05-2022 21:31:22: app.py: INFO - table applicants already exists
22-05-2022 21:31:22: app.py: INFO - table experts already exists
22-05-2022 21:31:22: app.py: INFO - table meetings already exists
22-05-2022 21:31:22: app.py: INFO - Bot is running
22-05-2022 21:32:33: app.py: INFO - Bot stopped
22-05-2022 21:32:35: bot_commands.py: INFO - Команды установлены
22-05-2022 21:32:35: app.py: INFO - table applicants already exists
22-05-2022 21:32:35: app.py: INFO - table experts already exists
22-05-2022 21:32:35: app.py: INFO - table meetings already exists
22-05-2022 21:32:35: app.py: INFO - Bot is running
22-05-2022 21:33:45: app.py: INFO - Bot stopped
22-05-2022 21:33:47: bot_commands.py: INFO - Команды установлены
22-05-2022 21:33:47: app.py: INFO - table applicants already exists
22-05-2022 21:33:47: app.py: INFO - table experts already exists
22-05-2022 21:33:47: app.py: INFO - table meetings already exists
22-05-2022 21:33:47: app.py: INFO - Bot is running
22-05-2022 21:33:58: app.py: INFO - Bot stopped
22-05-2022 21:34:00: bot_commands.py: INFO - Команды установлены
22-05-2022 21:34:00: app.py: INFO - table applicants already exists
22-05-2022 21:34:00: app.py: INFO - table experts already exists
22-05-2022 21:34:00: app.py: INFO - table meetings already exists
22-05-2022 21:34:00: app.py: INFO - Bot is running
22-05-2022 21:34:12: app.py: INFO - Bot stopped
22-05-2022 21:34:14: bot_commands.py: INFO - Команды установлены
22-05-2022 21:34:14: app.py: INFO - table applicants already exists
22-05-2022 21:34:14: app.py: INFO - table experts already exists
22-05-2022 21:34:14: app.py: INFO - table meetings already exists
22-05-2022 21:34:14: app.py: INFO - Bot is running
22-05-2022 21:35:42: app.py: INFO - Bot stopped
22-05-2022 21:35:44: bot_commands.py: INFO - Команды установлены
22-05-2022 21:35:44: app.py: INFO - table applicants already exists
22-05-2022 21:35:44: app.py: INFO - table experts already exists
22-05-2022 21:35:44: app.py: INFO - table meetings already exists
22-05-2022 21:35:44: app.py: INFO - Bot is running
22-05-2022 21:46:02: app.py: INFO - Bot stopped
22-05-2022 21:46:04: bot_commands.py: INFO - Команды установлены
22-05-2022 21:46:04: app.py: INFO - table applicants already exists
22-05-2022 21:46:04: app.py: INFO - table experts already exists
22-05-2022 21:46:04: app.py: INFO - table meetings already exists
22-05-2022 21:46:04: app.py: INFO - Bot is running
22-05-2022 21:49:43: app.py: INFO - Bot stopped
22-05-2022 21:49:45: bot_commands.py: INFO - Команды установлены
22-05-2022 21:49:45: app.py: INFO - table applicants already exists
22-05-2022 21:49:45: app.py: INFO - table experts already exists
22-05-2022 21:49:45: app.py: INFO - table meetings already exists
22-05-2022 21:49:45: app.py: INFO - Bot is running
22-05-2022 21:51:31: app.py: INFO - Bot stopped
22-05-2022 21:51:33: bot_commands.py: INFO - Команды установлены
22-05-2022 21:51:33: app.py: INFO - table applicants already exists
22-05-2022 21:51:33: app.py: INFO - table experts already exists
22-05-2022 21:51:33: app.py: INFO - table meetings already exists
22-05-2022 21:51:33: app.py: INFO - Bot is running
22-05-2022 21:51:59: app.py: INFO - Bot stopped
22-05-2022 21:52:01: bot_commands.py: INFO - Команды установлены
22-05-2022 21:52:01: app.py: INFO - table applicants already exists
22-05-2022 21:52:01: app.py: INFO - table experts already exists
22-05-2022 21:52:01: app.py: INFO - table meetings already exists
22-05-2022 21:52:01: app.py: INFO - Bot is running
22-05-2022 21:53:11: app.py: INFO - Bot stopped
22-05-2022 21:53:13: bot_commands.py: INFO - Команды установлены
22-05-2022 21:53:13: app.py: INFO - table applicants already exists
22-05-2022 21:53:13: app.py: INFO - table experts already exists
22-05-2022 21:53:13: app.py: INFO - table meetings already exists
22-05-2022 21:53:13: app.py: INFO - Bot is running
22-05-2022 21:54:22: app.py: INFO - Bot stopped
22-05-2022 21:54:24: bot_commands.py: INFO - Команды установлены
22-05-2022 21:54:24: app.py: INFO - table applicants already exists
22-05-2022 21:54:24: app.py: INFO - table experts already exists
22-05-2022 21:54:24: app.py: INFO - table meetings already exists
22-05-2022 21:54:24: app.py: INFO - Bot is running
22-05-2022 21:55:32: app.py: INFO - Bot stopped
22-05-2022 21:55:34: bot_commands.py: INFO - Команды установлены
22-05-2022 21:55:34: app.py: INFO - table applicants already exists
22-05-2022 21:55:34: app.py: INFO - table experts already exists
22-05-2022 21:55:34: app.py: INFO - table meetings already exists
22-05-2022 21:55:34: app.py: INFO - Bot is running
22-05-2022 22:13:11: app.py: INFO - Bot stopped
22-05-2022 22:13:13: bot_commands.py: INFO - Команды установлены
22-05-2022 22:13:13: app.py: INFO - table applicants already exists
22-05-2022 22:13:13: app.py: INFO - table experts already exists
22-05-2022 22:13:13: app.py: INFO - table meetings already exists
22-05-2022 22:13:13: app.py: INFO - Bot is running
22-05-2022 22:13:37: app.py: INFO - Bot stopped
22-05-2022 22:13:40: bot_commands.py: INFO - Команды установлены
22-05-2022 22:13:40: app.py: INFO - table applicants already exists
22-05-2022 22:13:40: app.py: INFO - table experts already exists
22-05-2022 22:13:40: app.py: INFO - table meetings already exists
22-05-2022 22:13:40: app.py: INFO - Bot is running
22-05-2022 22:15:05: app.py: INFO - Bot stopped
22-05-2022 22:15:07: bot_commands.py: INFO - Команды установлены
22-05-2022 22:15:07: app.py: INFO - table applicants already exists
22-05-2022 22:15:07: app.py: INFO - table experts already exists
22-05-2022 22:15:07: app.py: INFO - table meetings already exists
22-05-2022 22:15:07: app.py: INFO - Bot is running
22-05-2022 22:38:38: app.py: INFO - Bot stopped
22-05-2022 22:38:41: bot_commands.py: INFO - Команды установлены
22-05-2022 22:38:41: app.py: INFO - table applicants already exists
22-05-2022 22:38:41: app.py: INFO - table experts already exists
22-05-2022 22:38:41: app.py: INFO - table meetings already exists
22-05-2022 22:38:41: app.py: INFO - Bot is running
22-05-2022 22:44:01: app.py: INFO - Bot stopped
22-05-2022 22:44:26: bot_commands.py: INFO - Команды установлены
22-05-2022 22:44:26: app.py: INFO - table applicants already exists
22-05-2022 22:44:26: app.py: INFO - table experts already exists
22-05-2022 22:44:26: app.py: INFO - table meetings already exists
22-05-2022 22:44:26: app.py: INFO - Bot is running
22-05-2022 22:49:08: app.py: INFO - Bot stopped
22-05-2022 22:49:10: bot_commands.py: INFO - Команды установлены
22-05-2022 22:49:10: app.py: INFO - table applicants already exists
22-05-2022 22:49:10: app.py: INFO - table experts already exists
22-05-2022 22:49:10: app.py: INFO - table meetings already exists
22-05-2022 22:49:10: app.py: INFO - Bot is running
22-05-2022 22:49:32: app.py: INFO - Bot stopped
22-05-2022 22:49:34: bot_commands.py: INFO - Команды установлены
22-05-2022 22:49:34: app.py: INFO - table applicants already exists
22-05-2022 22:49:34: app.py: INFO - table experts already exists
22-05-2022 22:49:34: app.py: INFO - table meetings already exists
22-05-2022 22:49:34: app.py: INFO - Bot is running
22-05-2022 22:52:49: app.py: INFO - Bot stopped
22-05-2022 22:52:52: bot_commands.py: INFO - Команды установлены
22-05-2022 22:52:52: app.py: INFO - table applicants already exists
22-05-2022 22:52:52: app.py: INFO - table experts already exists
22-05-2022 22:52:52: app.py: INFO - table meetings already exists
22-05-2022 22:52:52: app.py: INFO - Bot is running
22-05-2022 22:53:23: app.py: INFO - Bot stopped
22-05-2022 22:59:20: bot_commands.py: INFO - Команды установлены
22-05-2022 22:59:20: app.py: INFO - table applicants already exists
22-05-2022 22:59:20: app.py: INFO - table experts already exists
22-05-2022 22:59:20: app.py: INFO - table meetings already exists
22-05-2022 22:59:20: app.py: INFO - Bot is running
22-05-2022 23:00:00: app.py: INFO - Bot stopped
22-05-2022 23:00:02: bot_commands.py: INFO - Команды установлены
22-05-2022 23:00:02: app.py: INFO - table applicants already exists
22-05-2022 23:00:02: app.py: INFO - table experts already exists
22-05-2022 23:00:02: app.py: INFO - table meetings already exists
22-05-2022 23:00:02: app.py: INFO - Bot is running
22-05-2022 23:01:08: app.py: INFO - Bot stopped
22-05-2022 23:01:10: bot_commands.py: INFO - Команды установлены
22-05-2022 23:01:10: app.py: INFO - table applicants already exists
22-05-2022 23:01:10: app.py: INFO - table experts already exists
22-05-2022 23:01:10: app.py: INFO - table meetings already exists
22-05-2022 23:01:10: app.py: INFO - Bot is running
22-05-2022 23:02:23: app.py: INFO - Bot stopped
22-05-2022 23:02:26: bot_commands.py: INFO - Команды установлены
22-05-2022 23:02:26: app.py: INFO - table applicants already exists
22-05-2022 23:02:26: app.py: INFO - table experts already exists
22-05-2022 23:02:26: app.py: INFO - table meetings already exists
22-05-2022 23:02:26: app.py: INFO - Bot is running
22-05-2022 23:02:50: app.py: INFO - Bot stopped
22-05-2022 23:02:52: bot_commands.py: INFO - Команды установлены
22-05-2022 23:02:52: app.py: INFO - table applicants already exists
22-05-2022 23:02:52: app.py: INFO - table experts already exists
22-05-2022 23:02:52: app.py: INFO - table meetings already exists
22-05-2022 23:02:52: app.py: INFO - Bot is running
22-05-2022 23:03:45: app.py: INFO - Bot stopped
22-05-2022 23:03:47: bot_commands.py: INFO - Команды установлены
22-05-2022 23:03:47: app.py: INFO - table applicants already exists
22-05-2022 23:03:47: app.py: INFO - table experts already exists
22-05-2022 23:03:47: app.py: INFO - table meetings already exists
22-05-2022 23:03:47: app.py: INFO - Bot is running
22-05-2022 23:04:05: app.py: INFO - Bot stopped
22-05-2022 23:04:07: bot_commands.py: INFO - Команды установлены
22-05-2022 23:04:07: app.py: INFO - table applicants already exists
22-05-2022 23:04:07: app.py: INFO - table experts already exists
22-05-2022 23:04:07: app.py: INFO - table meetings already exists
22-05-2022 23:04:07: app.py: INFO - Bot is running
22-05-2022 23:05:32: app.py: INFO - Bot stopped
22-05-2022 23:05:34: bot_commands.py: INFO - Команды установлены
22-05-2022 23:05:34: app.py: INFO - table applicants already exists
22-05-2022 23:05:34: app.py: INFO - table experts already exists
22-05-2022 23:05:34: app.py: INFO - table meetings already exists
22-05-2022 23:05:34: app.py: INFO - Bot is running
22-05-2022 23:05:48: app.py: INFO - Bot stopped
22-05-2022 23:05:50: bot_commands.py: INFO - Команды установлены
22-05-2022 23:05:50: app.py: INFO - table applicants already exists
22-05-2022 23:05:50: app.py: INFO - table experts already exists
22-05-2022 23:05:50: app.py: INFO - table meetings already exists
22-05-2022 23:05:50: app.py: INFO - Bot is running
22-05-2022 23:06:04: app.py: INFO - Bot stopped
22-05-2022 23:06:06: bot_commands.py: INFO - Команды установлены
22-05-2022 23:06:06: app.py: INFO - table applicants already exists
22-05-2022 23:06:06: app.py: INFO - table experts already exists
22-05-2022 23:06:06: app.py: INFO - table meetings already exists
22-05-2022 23:06:06: app.py: INFO - Bot is running
22-05-2022 23:06:48: app.py: INFO - Bot stopped
22-05-2022 23:06:50: bot_commands.py: INFO - Команды установлены
22-05-2022 23:06:50: app.py: INFO - table applicants already exists
22-05-2022 23:06:50: app.py: INFO - table experts already exists
22-05-2022 23:06:50: app.py: INFO - table meetings already exists
22-05-2022 23:06:50: app.py: INFO - Bot is running
22-05-2022 23:09:48: app.py: INFO - Bot stopped
22-05-2022 23:09:50: bot_commands.py: INFO - Команды установлены
22-05-2022 23:09:50: app.py: INFO - table applicants already exists
22-05-2022 23:09:50: app.py: INFO - table experts already exists
22-05-2022 23:09:50: app.py: INFO - table meetings already exists
22-05-2022 23:09:50: app.py: INFO - Bot is running
22-05-2022 23:13:08: app.py: INFO - Bot stopped
22-05-2022 23:13:11: bot_commands.py: INFO - Команды установлены
22-05-2022 23:13:11: app.py: INFO - table applicants already exists
22-05-2022 23:13:11: app.py: INFO - table experts already exists
22-05-2022 23:13:11: app.py: INFO - table meetings already exists
22-05-2022 23:13:11: app.py: INFO - Bot is running
22-05-2022 23:16:04: app.py: INFO - Bot stopped
22-05-2022 23:16:07: bot_commands.py: INFO - Команды установлены
22-05-2022 23:16:07: app.py: INFO - table applicants already exists
22-05-2022 23:16:07: app.py: INFO - table experts already exists
22-05-2022 23:16:07: app.py: INFO - table meetings already exists
22-05-2022 23:16:07: app.py: INFO - Bot is running
22-05-2022 23:17:43: app.py: INFO - Bot stopped
22-05-2022 23:17:45: bot_commands.py: INFO - Команды установлены
22-05-2022 23:17:45: app.py: INFO - table applicants already exists
22-05-2022 23:17:45: app.py: INFO - table experts already exists
22-05-2022 23:17:45: app.py: INFO - table meetings already exists
22-05-2022 23:17:45: app.py: INFO - Bot is running
22-05-2022 23:18:29: app.py: INFO - Bot stopped
22-05-2022 23:18:31: bot_commands.py: INFO - Команды установлены
22-05-2022 23:18:31: app.py: INFO - table applicants already exists
22-05-2022 23:18:31: app.py: INFO - table experts already exists
22-05-2022 23:18:31: app.py: INFO - table meetings already exists
22-05-2022 23:18:31: app.py: INFO - Bot is running
22-05-2022 23:19:02: app.py: INFO - Bot stopped
22-05-2022 23:19:04: bot_commands.py: INFO - Команды установлены
22-05-2022 23:19:04: app.py: INFO - table applicants already exists
22-05-2022 23:19:04: app.py: INFO - table experts already exists
22-05-2022 23:19:04: app.py: INFO - table meetings already exists
22-05-2022 23:19:04: app.py: INFO - Bot is running
22-05-2022 23:19:50: app.py: INFO - Bot stopped
22-05-2022 23:19:52: bot_commands.py: INFO - Команды установлены
22-05-2022 23:19:52: app.py: INFO - table applicants already exists
22-05-2022 23:19:52: app.py: INFO - table experts already exists
22-05-2022 23:19:52: app.py: INFO - table meetings already exists
22-05-2022 23:19:52: app.py: INFO - Bot is running
22-05-2022 23:20:07: app.py: INFO - Bot stopped
22-05-2022 23:20:09: bot_commands.py: INFO - Команды установлены
22-05-2022 23:20:09: app.py: INFO - table applicants already exists
22-05-2022 23:20:09: app.py: INFO - table experts already exists
22-05-2022 23:20:09: app.py: INFO - table meetings already exists
22-05-2022 23:20:09: app.py: INFO - Bot is running
22-05-2022 23:20:24: app.py: INFO - Bot stopped
22-05-2022 23:20:27: bot_commands.py: INFO - Команды установлены
22-05-2022 23:20:27: app.py: INFO - table applicants already exists
22-05-2022 23:20:27: app.py: INFO - table experts already exists
22-05-2022 23:20:27: app.py: INFO - table meetings already exists
22-05-2022 23:20:27: app.py: INFO - Bot is running
22-05-2022 23:20:44: app.py: INFO - Bot stopped
22-05-2022 23:20:47: bot_commands.py: INFO - Команды установлены
22-05-2022 23:20:47: app.py: INFO - table applicants already exists
22-05-2022 23:20:47: app.py: INFO - table experts already exists
22-05-2022 23:20:47: app.py: INFO - table meetings already exists
22-05-2022 23:20:47: app.py: INFO - Bot is running
22-05-2022 23:21:13: app.py: INFO - Bot stopped
22-05-2022 23:21:15: bot_commands.py: INFO - Команды установлены
22-05-2022 23:21:15: app.py: INFO - table applicants already exists
22-05-2022 23:21:15: app.py: INFO - table experts already exists
22-05-2022 23:21:15: app.py: INFO - table meetings already exists
22-05-2022 23:21:15: app.py: INFO - Bot is running
22-05-2022 23:21:32: app.py: INFO - Bot stopped
22-05-2022 23:21:34: bot_commands.py: INFO - Команды установлены
22-05-2022 23:21:34: app.py: INFO - table applicants already exists
22-05-2022 23:21:34: app.py: INFO - table experts already exists
22-05-2022 23:21:34: app.py: INFO - table meetings already exists
22-05-2022 23:21:34: app.py: INFO - Bot is running
22-05-2022 23:21:58: app.py: INFO - Bot stopped
22-05-2022 23:22:00: bot_commands.py: INFO - Команды установлены
22-05-2022 23:22:00: app.py: INFO - table applicants already exists
22-05-2022 23:22:00: app.py: INFO - table experts already exists
22-05-2022 23:22:00: app.py: INFO - table meetings already exists
22-05-2022 23:22:00: app.py: INFO - Bot is running
22-05-2022 23:23:01: app.py: INFO - Bot stopped
22-05-2022 23:23:03: bot_commands.py: INFO - Команды установлены
22-05-2022 23:23:03: app.py: INFO - table applicants already exists
22-05-2022 23:23:03: app.py: INFO - table experts already exists
22-05-2022 23:23:03: app.py: INFO - table meetings already exists
22-05-2022 23:23:03: app.py: INFO - Bot is running
22-05-2022 23:23:58: app.py: INFO - Bot stopped
22-05-2022 23:24:00: bot_commands.py: INFO - Команды установлены
22-05-2022 23:24:00: app.py: INFO - table applicants already exists
22-05-2022 23:24:00: app.py: INFO - table experts already exists
22-05-2022 23:24:00: app.py: INFO - table meetings already exists
22-05-2022 23:24:00: app.py: INFO - Bot is running
22-05-2022 23:25:39: app.py: INFO - Bot stopped
22-05-2022 23:25:41: bot_commands.py: INFO - Команды установлены
22-05-2022 23:25:41: app.py: INFO - table applicants already exists
22-05-2022 23:25:41: app.py: INFO - table experts already exists
22-05-2022 23:25:41: app.py: INFO - table meetings already exists
22-05-2022 23:25:41: app.py: INFO - Bot is running
22-05-2022 23:27:03: app.py: INFO - Bot stopped
22-05-2022 23:27:06: bot_commands.py: INFO - Команды установлены
22-05-2022 23:27:06: app.py: INFO - table applicants already exists
22-05-2022 23:27:06: app.py: INFO - table experts already exists
22-05-2022 23:27:06: app.py: INFO - table meetings already exists
22-05-2022 23:27:06: app.py: INFO - Bot is running
22-05-2022 23:31:11: app.py: INFO - Bot stopped
22-05-2022 23:31:13: bot_commands.py: INFO - Команды установлены
22-05-2022 23:31:13: app.py: INFO - table applicants already exists
22-05-2022 23:31:13: app.py: INFO - table experts already exists
22-05-2022 23:31:13: app.py: INFO - table meetings already exists
22-05-2022 23:31:13: app.py: INFO - Bot is running
22-05-2022 23:35:31: app.py: INFO - Bot stopped
22-05-2022 23:35:33: bot_commands.py: INFO - Команды установлены
22-05-2022 23:35:33: app.py: INFO - table applicants already exists
22-05-2022 23:35:33: app.py: INFO - table experts already exists
22-05-2022 23:35:33: app.py: INFO - table meetings already exists
22-05-2022 23:35:33: app.py: INFO - Bot is running
22-05-2022 23:35:48: app.py: INFO - Bot stopped
22-05-2022 23:35:50: bot_commands.py: INFO - Команды установлены
22-05-2022 23:35:50: app.py: INFO - table applicants already exists
22-05-2022 23:35:50: app.py: INFO - table experts already exists
22-05-2022 23:35:50: app.py: INFO - table meetings already exists
22-05-2022 23:35:50: app.py: INFO - Bot is running
22-05-2022 23:37:09: app.py: INFO - Bot stopped
22-05-2022 23:37:11: bot_commands.py: INFO - Команды установлены
22-05-2022 23:37:11: app.py: INFO - table applicants already exists
22-05-2022 23:37:11: app.py: INFO - table experts already exists
22-05-2022 23:37:11: app.py: INFO - table meetings already exists
22-05-2022 23:37:11: app.py: INFO - Bot is running
23-05-2022 00:13:55: app.py: INFO - Bot stopped
