23-05-2022 00:13:58: bot_commands.py: INFO - Команды установлены
23-05-2022 00:13:58: app.py: INFO - table applicants already exists
23-05-2022 00:13:58: app.py: INFO - table experts already exists
23-05-2022 00:13:58: app.py: INFO - table meetings already exists
23-05-2022 00:13:58: app.py: INFO - Bot is running
23-05-2022 00:15:25: app.py: INFO - Bot stopped
23-05-2022 00:15:27: bot_commands.py: INFO - Команды установлены
23-05-2022 00:15:27: app.py: INFO - table applicants already exists
23-05-2022 00:15:27: app.py: INFO - table experts already exists
23-05-2022 00:15:27: app.py: INFO - table meetings already exists
23-05-2022 00:15:27: app.py: INFO - Bot is running
23-05-2022 00:15:43: app.py: INFO - Bot stopped
23-05-2022 00:15:45: bot_commands.py: INFO - Команды установлены
23-05-2022 00:15:45: app.py: INFO - table applicants already exists
23-05-2022 00:15:45: app.py: INFO - table experts already exists
23-05-2022 00:15:45: app.py: INFO - table meetings already exists
23-05-2022 00:15:45: app.py: INFO - Bot is running
23-05-2022 00:18:20: app.py: INFO - Bot stopped
23-05-2022 00:18:22: bot_commands.py: INFO - Команды установлены
23-05-2022 00:18:22: app.py: INFO - table applicants already exists
23-05-2022 00:18:22: app.py: INFO - table experts already exists
23-05-2022 00:18:22: app.py: INFO - table meetings already exists
23-05-2022 00:18:22: app.py: INFO - Bot is running
23-05-2022 00:18:49: app.py: INFO - Bot stopped
23-05-2022 00:18:51: bot_commands.py: INFO - Команды установлены
23-05-2022 00:18:51: app.py: INFO - table applicants already exists
23-05-2022 00:18:51: app.py: INFO - table experts already exists
23-05-2022 00:18:51: app.py: INFO - table meetings already exists
23-05-2022 00:18:51: app.py: INFO - Bot is running
23-05-2022 00:31:39: app.py: INFO - Bot stopped
23-05-2022 00:31:41: bot_commands.py: INFO - Команды установлены
23-05-2022 00:31:41: app.py: INFO - table applicants already exists
23-05-2022 00:31:41: app.py: INFO - table experts already exists
23-05-2022 00:31:41: app.py: INFO - table meetings already exists
23-05-2022 00:31:41: app.py: INFO - Bot is running
23-05-2022 00:32:53: app.py: INFO - Bot stopped
23-05-2022 00:32:55: bot_commands.py: INFO - Команды установлены
23-05-2022 00:32:55: app.py: INFO - table applicants already exists
23-05-2022 00:32:55: app.py: INFO - table experts already exists
23-05-2022 00:32:55: app.py: INFO - table meetings already exists
23-05-2022 00:32:55: app.py: INFO - Bot is running
23-05-2022 00:34:15: app.py: INFO - Bot stopped
23-05-2022 00:34:18: bot_commands.py: INFO - Команды установлены
23-05-2022 00:34:18: app.py: INFO - table applicants already exists
23-05-2022 00:34:18: app.py: INFO - table experts already exists
23-05-2022 00:34:18: app.py: INFO - table meetings already exists
23-05-2022 00:34:18: app.py: INFO - Bot is running
23-05-2022 15:19:42: app.py: INFO - Bot stopped
