25-05-2022 12:05:10: bot_commands.py: INFO - Команды установлены
25-05-2022 12:05:10: app.py: INFO - table applicants already exists
25-05-2022 12:05:10: app.py: INFO - table experts already exists
25-05-2022 12:05:10: app.py: INFO - table meetings already exists
25-05-2022 12:05:10: app.py: INFO - Bot is running
25-05-2022 12:05:18: start.py: DEBUG - User 259733823 tried to use /start command again
25-05-2022 13:19:53: app.py: INFO - Bot stopped
25-05-2022 13:19:56: bot_commands.py: INFO - Команды установлены
25-05-2022 13:19:56: app.py: INFO - table applicants already exists
25-05-2022 13:19:56: app.py: INFO - table experts already exists
25-05-2022 13:19:56: app.py: INFO - table meetings already exists
25-05-2022 13:19:56: app.py: INFO - Bot is running
25-05-2022 13:20:50: app.py: INFO - Bot stopped
25-05-2022 13:20:54: bot_commands.py: INFO - Команды установлены
25-05-2022 13:20:54: app.py: INFO - table applicants already exists
25-05-2022 13:20:54: app.py: INFO - table experts already exists
25-05-2022 13:20:54: app.py: INFO - table meetings already exists
25-05-2022 13:20:54: app.py: INFO - Bot is running
25-05-2022 13:22:59: app.py: INFO - Bot stopped
25-05-2022 13:23:03: bot_commands.py: INFO - Команды установлены
25-05-2022 13:23:03: app.py: INFO - table applicants already exists
25-05-2022 13:23:03: app.py: INFO - table experts already exists
25-05-2022 13:23:03: app.py: INFO - table meetings already exists
25-05-2022 13:23:03: app.py: INFO - Bot is running
25-05-2022 13:25:43: app.py: INFO - Bot stopped
25-05-2022 13:25:46: bot_commands.py: INFO - Команды установлены
25-05-2022 13:25:46: app.py: INFO - table applicants already exists
25-05-2022 13:25:46: app.py: INFO - table experts already exists
25-05-2022 13:25:46: app.py: INFO - table meetings already exists
25-05-2022 13:25:46: app.py: INFO - Bot is running
25-05-2022 13:26:14: app.py: INFO - Bot stopped
25-05-2022 13:26:18: bot_commands.py: INFO - Команды установлены
25-05-2022 13:26:18: app.py: INFO - table applicants already exists
25-05-2022 13:26:18: app.py: INFO - table experts already exists
25-05-2022 13:26:18: app.py: INFO - table meetings already exists
25-05-2022 13:26:18: app.py: INFO - Bot is running
25-05-2022 13:28:03: start.py: ERROR - User entered bot with unknown start args: ZXhwZXJ0, and got exception: UNIQUE constraint failed: experts.user_id
25-05-2022 13:31:08: app.py: INFO - Bot stopped
25-05-2022 13:31:12: bot_commands.py: INFO - Команды установлены
25-05-2022 13:31:12: app.py: INFO - table applicants already exists
25-05-2022 13:31:12: app.py: INFO - table experts already exists
25-05-2022 13:31:12: app.py: INFO - table meetings already exists
25-05-2022 13:31:12: app.py: INFO - Bot is running
25-05-2022 13:32:00: app.py: INFO - Bot stopped
25-05-2022 13:32:03: bot_commands.py: INFO - Команды установлены
25-05-2022 13:32:03: app.py: INFO - table applicants already exists
25-05-2022 13:32:03: app.py: INFO - table experts already exists
25-05-2022 13:32:03: app.py: INFO - table meetings already exists
25-05-2022 13:32:03: app.py: INFO - Bot is running
25-05-2022 13:32:55: app.py: INFO - Bot stopped
25-05-2022 13:32:58: bot_commands.py: INFO - Команды установлены
25-05-2022 13:32:58: app.py: INFO - table applicants already exists
25-05-2022 13:32:58: app.py: INFO - table experts already exists
25-05-2022 13:32:58: app.py: INFO - table meetings already exists
25-05-2022 13:32:58: app.py: INFO - Bot is running
25-05-2022 13:33:47: app.py: INFO - Bot stopped
25-05-2022 13:33:51: bot_commands.py: INFO - Команды установлены
25-05-2022 13:33:51: app.py: INFO - table applicants already exists
25-05-2022 13:33:51: app.py: INFO - table experts already exists
25-05-2022 13:33:51: app.py: INFO - table meetings already exists
25-05-2022 13:33:51: app.py: INFO - Bot is running
25-05-2022 13:34:27: app.py: INFO - Bot stopped
25-05-2022 13:34:31: bot_commands.py: INFO - Команды установлены
25-05-2022 13:34:31: app.py: INFO - table applicants already exists
25-05-2022 13:34:31: app.py: INFO - table experts already exists
25-05-2022 13:34:31: app.py: INFO - table meetings already exists
25-05-2022 13:34:31: app.py: INFO - Bot is running
25-05-2022 13:36:09: app.py: INFO - Bot stopped
25-05-2022 13:36:13: bot_commands.py: INFO - Команды установлены
25-05-2022 13:36:13: app.py: INFO - table applicants already exists
25-05-2022 13:36:13: app.py: INFO - table experts already exists
25-05-2022 13:36:13: app.py: INFO - table meetings already exists
25-05-2022 13:36:13: app.py: INFO - Bot is running
25-05-2022 13:37:39: app.py: INFO - Bot stopped
25-05-2022 13:37:43: bot_commands.py: INFO - Команды установлены
25-05-2022 13:37:43: app.py: INFO - table applicants already exists
25-05-2022 13:37:43: app.py: INFO - table experts already exists
25-05-2022 13:37:43: app.py: INFO - table meetings already exists
25-05-2022 13:37:43: app.py: INFO - Bot is running
25-05-2022 13:40:48: app.py: INFO - Bot stopped
25-05-2022 13:40:51: bot_commands.py: INFO - Команды установлены
25-05-2022 13:40:51: app.py: INFO - table applicants already exists
25-05-2022 13:40:51: app.py: INFO - table experts already exists
25-05-2022 13:40:51: app.py: INFO - table meetings already exists
25-05-2022 13:40:51: app.py: INFO - Bot is running
25-05-2022 13:42:16: app.py: INFO - Bot stopped
25-05-2022 13:42:19: bot_commands.py: INFO - Команды установлены
25-05-2022 13:42:19: app.py: INFO - table applicants already exists
25-05-2022 13:42:19: app.py: INFO - table experts already exists
25-05-2022 13:42:19: app.py: INFO - table meetings already exists
25-05-2022 13:42:19: app.py: INFO - Bot is running
25-05-2022 13:42:26: app.py: INFO - Bot stopped
25-05-2022 13:42:30: bot_commands.py: INFO - Команды установлены
25-05-2022 13:42:30: app.py: INFO - table applicants already exists
25-05-2022 13:42:30: app.py: INFO - table experts already exists
25-05-2022 13:42:30: app.py: INFO - table meetings already exists
25-05-2022 13:42:30: app.py: INFO - Bot is running
25-05-2022 13:45:58: app.py: INFO - Bot stopped
25-05-2022 13:46:01: bot_commands.py: INFO - Команды установлены
25-05-2022 13:46:01: app.py: INFO - table applicants already exists
25-05-2022 13:46:01: app.py: INFO - table experts already exists
25-05-2022 13:46:01: app.py: INFO - table meetings already exists
25-05-2022 13:46:01: app.py: INFO - Bot is running
25-05-2022 13:47:22: app.py: INFO - Bot stopped
25-05-2022 13:47:24: bot_commands.py: INFO - Команды установлены
25-05-2022 13:47:24: app.py: INFO - table applicants already exists
25-05-2022 13:47:24: app.py: INFO - table experts already exists
25-05-2022 13:47:24: app.py: INFO - table meetings already exists
25-05-2022 13:47:24: app.py: INFO - Bot is running
25-05-2022 13:50:30: app.py: INFO - Bot stopped
25-05-2022 13:50:33: bot_commands.py: INFO - Команды установлены
25-05-2022 13:50:33: app.py: INFO - table applicants already exists
25-05-2022 13:50:33: app.py: INFO - table experts already exists
25-05-2022 13:50:33: app.py: INFO - table meetings already exists
25-05-2022 13:50:33: app.py: INFO - Bot is running
25-05-2022 14:26:13: app.py: INFO - Bot stopped
25-05-2022 14:35:43: bot_commands.py: INFO - Команды установлены
25-05-2022 14:35:43: app.py: INFO - table applicants already exists
25-05-2022 14:35:43: app.py: INFO - table experts already exists
25-05-2022 14:35:43: app.py: INFO - table meetings already exists
25-05-2022 14:35:43: app.py: INFO - Bot is running
25-05-2022 14:44:47: app.py: INFO - Bot stopped
25-05-2022 14:44:50: bot_commands.py: INFO - Команды установлены
25-05-2022 14:44:50: app.py: INFO - table applicants already exists
25-05-2022 14:44:50: app.py: INFO - table experts already exists
25-05-2022 14:44:50: app.py: INFO - table meetings already exists
25-05-2022 14:44:50: app.py: INFO - Bot is running
25-05-2022 14:45:18: app.py: INFO - Bot stopped
25-05-2022 14:45:20: bot_commands.py: INFO - Команды установлены
25-05-2022 14:45:20: app.py: INFO - table applicants already exists
25-05-2022 14:45:20: app.py: INFO - table experts already exists
25-05-2022 14:45:20: app.py: INFO - table meetings already exists
25-05-2022 14:45:20: app.py: INFO - Bot is running
25-05-2022 16:14:28: app.py: INFO - Bot stopped
25-05-2022 22:08:04: bot_commands.py: INFO - Команды установлены
25-05-2022 22:08:04: app.py: INFO - table applicants already exists
25-05-2022 22:08:04: app.py: INFO - table experts already exists
25-05-2022 22:08:04: app.py: INFO - table meetings already exists
25-05-2022 22:08:04: app.py: INFO - Bot is running
25-05-2022 22:12:21: app.py: INFO - Bot stopped
25-05-2022 22:12:24: bot_commands.py: INFO - Команды установлены
25-05-2022 22:12:24: app.py: INFO - table applicants already exists
25-05-2022 22:12:24: app.py: INFO - table experts already exists
25-05-2022 22:12:24: app.py: INFO - table meetings already exists
25-05-2022 22:12:24: app.py: INFO - Bot is running
25-05-2022 22:14:43: start.py: DEBUG - User 1984327268 tried to use /start command again
25-05-2022 22:14:50: start.py: DEBUG - User 1984327268 tried to use /start command again
25-05-2022 22:16:22: app.py: INFO - Bot stopped
25-05-2022 22:16:26: bot_commands.py: INFO - Команды установлены
25-05-2022 22:16:26: app.py: INFO - table applicants already exists
25-05-2022 22:16:26: app.py: INFO - table experts already exists
25-05-2022 22:16:26: app.py: INFO - table meetings already exists
25-05-2022 22:16:26: app.py: INFO - Bot is running
25-05-2022 22:16:28: start.py: DEBUG - User 1984327268 tried to use /start command again
25-05-2022 22:17:26: app.py: INFO - Bot stopped
25-05-2022 22:17:30: bot_commands.py: INFO - Команды установлены
25-05-2022 22:17:30: app.py: INFO - table applicants already exists
25-05-2022 22:17:30: app.py: INFO - table experts already exists
25-05-2022 22:17:30: app.py: INFO - table meetings already exists
25-05-2022 22:17:30: app.py: INFO - Bot is running
25-05-2022 22:21:39: app.py: INFO - Bot stopped
25-05-2022 22:21:43: bot_commands.py: INFO - Команды установлены
25-05-2022 22:21:43: app.py: INFO - table applicants already exists
25-05-2022 22:21:43: app.py: INFO - table experts already exists
25-05-2022 22:21:43: app.py: INFO - table meetings already exists
25-05-2022 22:21:43: app.py: INFO - Bot is running
25-05-2022 22:22:16: app.py: INFO - Bot stopped
25-05-2022 22:22:20: bot_commands.py: INFO - Команды установлены
25-05-2022 22:22:20: app.py: INFO - table applicants already exists
25-05-2022 22:22:20: app.py: INFO - table experts already exists
25-05-2022 22:22:20: app.py: INFO - table meetings already exists
25-05-2022 22:22:20: app.py: INFO - Bot is running
25-05-2022 22:24:59: app.py: INFO - Bot stopped
25-05-2022 22:25:02: bot_commands.py: INFO - Команды установлены
25-05-2022 22:25:02: app.py: INFO - table applicants already exists
25-05-2022 22:25:02: app.py: INFO - table experts already exists
25-05-2022 22:25:02: app.py: INFO - table meetings already exists
25-05-2022 22:25:02: app.py: INFO - Bot is running
25-05-2022 22:25:45: app.py: INFO - Bot stopped
25-05-2022 22:25:48: bot_commands.py: INFO - Команды установлены
25-05-2022 22:25:48: app.py: INFO - table applicants already exists
25-05-2022 22:25:48: app.py: INFO - table experts already exists
25-05-2022 22:25:48: app.py: INFO - table meetings already exists
25-05-2022 22:25:48: app.py: INFO - Bot is running
25-05-2022 22:33:28: app.py: INFO - Bot stopped
25-05-2022 22:33:32: bot_commands.py: INFO - Команды установлены
25-05-2022 22:33:32: app.py: INFO - table applicants already exists
25-05-2022 22:33:32: app.py: INFO - table experts already exists
25-05-2022 22:33:32: app.py: INFO - table meetings already exists
25-05-2022 22:33:32: app.py: INFO - Bot is running
25-05-2022 22:36:43: app.py: INFO - Bot stopped
25-05-2022 22:36:46: bot_commands.py: INFO - Команды установлены
25-05-2022 22:36:46: app.py: INFO - table applicants already exists
25-05-2022 22:36:46: app.py: INFO - table experts already exists
25-05-2022 22:36:46: app.py: INFO - table meetings already exists
25-05-2022 22:36:46: app.py: INFO - Bot is running
25-05-2022 22:44:25: app.py: INFO - Bot stopped
25-05-2022 22:44:28: bot_commands.py: INFO - Команды установлены
25-05-2022 22:44:28: app.py: INFO - table applicants already exists
25-05-2022 22:44:28: app.py: INFO - table experts already exists
25-05-2022 22:44:28: app.py: INFO - table meetings already exists
25-05-2022 22:44:28: app.py: INFO - Bot is running
25-05-2022 22:45:10: app.py: INFO - Bot stopped
25-05-2022 22:45:13: bot_commands.py: INFO - Команды установлены
25-05-2022 22:45:13: app.py: INFO - table applicants already exists
25-05-2022 22:45:13: app.py: INFO - table experts already exists
25-05-2022 22:45:13: app.py: INFO - table meetings already exists
25-05-2022 22:45:13: app.py: INFO - Bot is running
25-05-2022 22:46:24: app.py: INFO - Bot stopped
25-05-2022 22:46:28: bot_commands.py: INFO - Команды установлены
25-05-2022 22:46:28: app.py: INFO - table applicants already exists
25-05-2022 22:46:28: app.py: INFO - table experts already exists
25-05-2022 22:46:28: app.py: INFO - table meetings already exists
25-05-2022 22:46:28: app.py: INFO - Bot is running
25-05-2022 22:48:50: app.py: INFO - Bot stopped
25-05-2022 22:48:53: bot_commands.py: INFO - Команды установлены
25-05-2022 22:48:53: app.py: INFO - table applicants already exists
25-05-2022 22:48:53: app.py: INFO - table experts already exists
25-05-2022 22:48:53: app.py: INFO - table meetings already exists
25-05-2022 22:48:53: app.py: INFO - Bot is running
25-05-2022 22:57:33: app.py: INFO - Bot stopped
25-05-2022 22:57:36: bot_commands.py: INFO - Команды установлены
25-05-2022 22:57:36: app.py: INFO - table applicants already exists
25-05-2022 22:57:36: app.py: INFO - table experts already exists
25-05-2022 22:57:36: app.py: INFO - table meetings already exists
25-05-2022 22:57:36: app.py: INFO - Bot is running
25-05-2022 22:58:55: app.py: INFO - Bot stopped
25-05-2022 22:58:59: bot_commands.py: INFO - Команды установлены
25-05-2022 22:58:59: app.py: INFO - table applicants already exists
25-05-2022 22:58:59: app.py: INFO - table experts already exists
25-05-2022 22:58:59: app.py: INFO - table meetings already exists
25-05-2022 22:58:59: app.py: INFO - Bot is running
25-05-2022 23:01:33: app.py: INFO - Bot stopped
25-05-2022 23:01:37: bot_commands.py: INFO - Команды установлены
25-05-2022 23:01:37: app.py: INFO - table applicants already exists
25-05-2022 23:01:37: app.py: INFO - table experts already exists
25-05-2022 23:01:37: app.py: INFO - table meetings already exists
25-05-2022 23:01:37: app.py: INFO - Bot is running
25-05-2022 23:06:32: app.py: INFO - Bot stopped
25-05-2022 23:06:35: bot_commands.py: INFO - Команды установлены
25-05-2022 23:06:35: app.py: INFO - table applicants already exists
25-05-2022 23:06:35: app.py: INFO - table experts already exists
25-05-2022 23:06:35: app.py: INFO - table meetings already exists
25-05-2022 23:06:35: app.py: INFO - Bot is running
25-05-2022 23:08:23: app.py: INFO - Bot stopped
25-05-2022 23:08:26: bot_commands.py: INFO - Команды установлены
25-05-2022 23:08:26: app.py: INFO - table applicants already exists
25-05-2022 23:08:26: app.py: INFO - table experts already exists
25-05-2022 23:08:26: app.py: INFO - table meetings already exists
25-05-2022 23:08:26: app.py: INFO - Bot is running
25-05-2022 23:09:06: app.py: INFO - Bot stopped
25-05-2022 23:09:09: bot_commands.py: INFO - Команды установлены
25-05-2022 23:09:09: app.py: INFO - table applicants already exists
25-05-2022 23:09:09: app.py: INFO - table experts already exists
25-05-2022 23:09:09: app.py: INFO - table meetings already exists
25-05-2022 23:09:09: app.py: INFO - Bot is running
25-05-2022 23:11:54: app.py: INFO - Bot stopped
25-05-2022 23:11:58: bot_commands.py: INFO - Команды установлены
25-05-2022 23:11:58: app.py: INFO - table applicants already exists
25-05-2022 23:11:58: app.py: INFO - table experts already exists
25-05-2022 23:11:58: app.py: INFO - table meetings already exists
25-05-2022 23:11:58: app.py: INFO - Bot is running
25-05-2022 23:14:42: app.py: INFO - Bot stopped
25-05-2022 23:14:46: bot_commands.py: INFO - Команды установлены
25-05-2022 23:14:46: app.py: INFO - table applicants already exists
25-05-2022 23:14:46: app.py: INFO - table experts already exists
25-05-2022 23:14:46: app.py: INFO - table meetings already exists
25-05-2022 23:14:46: app.py: INFO - Bot is running
25-05-2022 23:29:36: app.py: INFO - Bot stopped
25-05-2022 23:29:40: bot_commands.py: INFO - Команды установлены
25-05-2022 23:29:40: app.py: INFO - table applicants already exists
25-05-2022 23:29:40: app.py: INFO - table experts already exists
25-05-2022 23:29:40: app.py: INFO - table meetings already exists
25-05-2022 23:29:40: app.py: INFO - Bot is running
25-05-2022 23:35:40: app.py: INFO - Bot stopped
25-05-2022 23:35:43: bot_commands.py: INFO - Команды установлены
25-05-2022 23:35:43: app.py: INFO - table applicants already exists
25-05-2022 23:35:43: app.py: INFO - table experts already exists
25-05-2022 23:35:43: app.py: INFO - table meetings already exists
25-05-2022 23:35:43: app.py: INFO - Bot is running
25-05-2022 23:47:14: app.py: INFO - Bot stopped
25-05-2022 23:47:18: bot_commands.py: INFO - Команды установлены
25-05-2022 23:47:18: app.py: INFO - table applicants already exists
25-05-2022 23:47:18: app.py: INFO - table experts already exists
25-05-2022 23:47:18: app.py: INFO - table meetings already exists
25-05-2022 23:47:18: app.py: INFO - Bot is running
25-05-2022 23:49:19: app.py: INFO - Bot stopped
25-05-2022 23:49:22: bot_commands.py: INFO - Команды установлены
25-05-2022 23:49:22: app.py: INFO - table applicants already exists
25-05-2022 23:49:22: app.py: INFO - table experts already exists
25-05-2022 23:49:22: app.py: INFO - table meetings already exists
25-05-2022 23:49:22: app.py: INFO - Bot is running
26-05-2022 00:37:19: app.py: INFO - Bot stopped
