26-05-2022 00:45:53: bot_commands.py: INFO - Команды установлены
26-05-2022 00:45:53: app.py: INFO - table applicants already exists
26-05-2022 00:45:53: app.py: INFO - table experts already exists
26-05-2022 00:45:53: app.py: INFO - table meetings already exists
26-05-2022 00:45:53: app.py: INFO - Bot is running
26-05-2022 00:46:43: app.py: INFO - Bot stopped
26-05-2022 00:46:45: bot_commands.py: INFO - Команды установлены
26-05-2022 00:46:45: app.py: INFO - table applicants already exists
26-05-2022 00:46:45: app.py: INFO - table experts already exists
26-05-2022 00:46:45: app.py: INFO - table meetings already exists
26-05-2022 00:46:45: app.py: INFO - Bot is running
26-05-2022 00:47:26: app.py: INFO - Bot stopped
26-05-2022 00:47:28: bot_commands.py: INFO - Команды установлены
26-05-2022 00:47:28: app.py: INFO - table applicants already exists
26-05-2022 00:47:28: app.py: INFO - table experts already exists
26-05-2022 00:47:28: app.py: INFO - table meetings already exists
26-05-2022 00:47:28: app.py: INFO - Bot is running
26-05-2022 00:47:46: app.py: INFO - Bot stopped
26-05-2022 00:47:48: bot_commands.py: INFO - Команды установлены
26-05-2022 00:47:48: app.py: INFO - table applicants already exists
26-05-2022 00:47:48: app.py: INFO - table experts already exists
26-05-2022 00:47:48: app.py: INFO - table meetings already exists
26-05-2022 00:47:48: app.py: INFO - Bot is running
26-05-2022 00:47:57: app.py: INFO - Bot stopped
26-05-2022 00:47:59: bot_commands.py: INFO - Команды установлены
26-05-2022 00:47:59: app.py: INFO - table applicants already exists
26-05-2022 00:47:59: app.py: INFO - table experts already exists
26-05-2022 00:47:59: app.py: INFO - table meetings already exists
26-05-2022 00:47:59: app.py: INFO - Bot is running
26-05-2022 00:51:21: app.py: INFO - Bot stopped
26-05-2022 00:51:23: bot_commands.py: INFO - Команды установлены
26-05-2022 00:51:23: app.py: INFO - table applicants already exists
26-05-2022 00:51:23: app.py: INFO - table experts already exists
26-05-2022 00:51:23: app.py: INFO - table meetings already exists
26-05-2022 00:51:23: app.py: INFO - Bot is running
26-05-2022 00:51:27: app.py: INFO - Bot stopped
26-05-2022 00:54:01: bot_commands.py: INFO - Команды установлены
26-05-2022 00:54:01: app.py: INFO - table applicants already exists
26-05-2022 00:54:01: app.py: INFO - table experts already exists
26-05-2022 00:54:01: app.py: INFO - table meetings already exists
26-05-2022 00:54:01: app.py: INFO - Bot is running
26-05-2022 00:54:10: app.py: INFO - Bot stopped
26-05-2022 00:54:12: bot_commands.py: INFO - Команды установлены
26-05-2022 00:54:12: app.py: INFO - table applicants already exists
26-05-2022 00:54:12: app.py: INFO - table experts already exists
26-05-2022 00:54:12: app.py: INFO - table meetings already exists
26-05-2022 00:54:12: app.py: INFO - Bot is running
26-05-2022 01:00:12: app.py: INFO - Bot stopped
26-05-2022 01:00:15: bot_commands.py: INFO - Команды установлены
26-05-2022 01:00:15: app.py: INFO - table applicants already exists
26-05-2022 01:00:15: app.py: INFO - table experts already exists
26-05-2022 01:00:15: app.py: INFO - table meetings already exists
26-05-2022 01:00:15: app.py: INFO - Bot is running
26-05-2022 01:14:18: app.py: INFO - Bot stopped
26-05-2022 01:14:21: bot_commands.py: INFO - Команды установлены
26-05-2022 01:14:21: app.py: INFO - table applicants already exists
26-05-2022 01:14:21: app.py: INFO - table experts already exists
26-05-2022 01:14:21: app.py: INFO - table meetings already exists
26-05-2022 01:14:21: app.py: INFO - Bot is running
26-05-2022 01:15:02: app.py: INFO - Bot stopped
26-05-2022 01:15:05: bot_commands.py: INFO - Команды установлены
26-05-2022 01:15:05: app.py: INFO - table applicants already exists
26-05-2022 01:15:05: app.py: INFO - table experts already exists
26-05-2022 01:15:05: app.py: INFO - table meetings already exists
26-05-2022 01:15:05: app.py: INFO - Bot is running
26-05-2022 01:25:02: app.py: INFO - Bot stopped
26-05-2022 01:25:05: bot_commands.py: INFO - Команды установлены
26-05-2022 01:25:05: app.py: INFO - table applicants already exists
26-05-2022 01:25:05: app.py: INFO - table experts already exists
26-05-2022 01:25:05: app.py: INFO - table meetings already exists
26-05-2022 01:25:05: app.py: INFO - Bot is running
26-05-2022 01:32:51: app.py: INFO - Bot stopped
26-05-2022 01:32:54: bot_commands.py: INFO - Команды установлены
26-05-2022 01:32:54: app.py: INFO - table applicants already exists
26-05-2022 01:32:54: app.py: INFO - table experts already exists
26-05-2022 01:32:54: app.py: INFO - table meetings already exists
26-05-2022 01:32:54: app.py: INFO - Bot is running
26-05-2022 01:49:16: app.py: INFO - Bot stopped
26-05-2022 02:06:54: bot_commands.py: INFO - Команды установлены
26-05-2022 02:06:54: app.py: INFO - table applicants already exists
26-05-2022 02:06:54: app.py: INFO - table experts already exists
26-05-2022 02:06:54: app.py: INFO - table meetings already exists
26-05-2022 02:06:54: app.py: INFO - Bot is running
26-05-2022 02:15:44: app.py: INFO - Bot stopped
26-05-2022 02:16:29: bot_commands.py: INFO - Команды установлены
26-05-2022 02:16:29: app.py: INFO - table applicants already exists
26-05-2022 02:16:29: app.py: INFO - table experts already exists
26-05-2022 02:16:29: app.py: INFO - table meetings already exists
26-05-2022 02:16:29: app.py: INFO - Bot is running
26-05-2022 02:28:12: app.py: INFO - Bot stopped
26-05-2022 02:28:15: app.py: INFO - table applicants already exists
26-05-2022 02:28:15: app.py: INFO - table experts already exists
26-05-2022 02:28:15: app.py: INFO - table meetings already exists
26-05-2022 02:28:15: app.py: INFO - Bot is running
26-05-2022 02:28:38: app.py: INFO - Bot stopped
26-05-2022 02:28:41: bot_commands.py: INFO - Команды установлены
26-05-2022 02:28:41: app.py: INFO - table applicants already exists
26-05-2022 02:28:41: app.py: INFO - table experts already exists
26-05-2022 02:28:41: app.py: INFO - table meetings already exists
26-05-2022 02:28:41: app.py: INFO - Bot is running
26-05-2022 02:28:53: app.py: INFO - Bot stopped
26-05-2022 02:28:56: bot_commands.py: INFO - Команды установлены
26-05-2022 02:28:56: app.py: INFO - table applicants already exists
26-05-2022 02:28:56: app.py: INFO - table experts already exists
26-05-2022 02:28:56: app.py: INFO - table meetings already exists
26-05-2022 02:28:56: app.py: INFO - Bot is running
26-05-2022 02:29:14: app.py: INFO - Bot stopped
26-05-2022 02:29:17: app.py: INFO - table applicants already exists
26-05-2022 02:29:17: app.py: INFO - table experts already exists
26-05-2022 02:29:17: app.py: INFO - table meetings already exists
26-05-2022 02:29:17: app.py: INFO - Bot is running
26-05-2022 02:30:14: app.py: INFO - Bot stopped
26-05-2022 14:35:34: app.py: INFO - table applicants already exists
26-05-2022 14:35:34: app.py: INFO - table experts already exists
26-05-2022 14:35:34: app.py: INFO - table meetings already exists
26-05-2022 14:35:34: app.py: INFO - Bot is running
26-05-2022 14:35:43: app.py: INFO - Bot stopped
26-05-2022 14:35:47: app.py: INFO - table applicants already exists
26-05-2022 14:35:47: app.py: INFO - table experts already exists
26-05-2022 14:35:47: app.py: INFO - table meetings already exists
26-05-2022 14:35:47: app.py: INFO - Bot is running
26-05-2022 14:36:04: app.py: INFO - Bot stopped
26-05-2022 14:36:08: app.py: INFO - table applicants already exists
26-05-2022 14:36:08: app.py: INFO - table experts already exists
26-05-2022 14:36:08: app.py: INFO - table meetings already exists
26-05-2022 14:36:08: app.py: INFO - Bot is running
26-05-2022 14:36:26: admin_interface.py: DEBUG - 259733823 entered /notify command
26-05-2022 14:37:02: app.py: INFO - Bot stopped
26-05-2022 14:38:54: app.py: INFO - table applicants already exists
26-05-2022 14:38:54: app.py: INFO - table experts already exists
26-05-2022 14:38:54: app.py: INFO - table meetings already exists
26-05-2022 14:38:54: app.py: INFO - Bot is running
26-05-2022 14:39:06: admin_interface.py: DEBUG - 259733823 entered /notify command
26-05-2022 14:39:38: app.py: INFO - Bot stopped
26-05-2022 14:39:42: app.py: INFO - table applicants already exists
26-05-2022 14:39:42: app.py: INFO - table experts already exists
26-05-2022 14:39:42: app.py: INFO - table meetings already exists
26-05-2022 14:39:42: app.py: INFO - Bot is running
26-05-2022 14:39:47: admin_interface.py: DEBUG - 259733823 entered /notify command
26-05-2022 14:39:53: admin_interface.py: DEBUG - 259733823 entered /notify command
26-05-2022 14:40:27: admin_interface.py: DEBUG - 259733823 entered /notify command
26-05-2022 14:40:38: app.py: INFO - Bot stopped
26-05-2022 14:40:41: app.py: INFO - table applicants already exists
26-05-2022 14:40:41: app.py: INFO - table experts already exists
26-05-2022 14:40:41: app.py: INFO - table meetings already exists
26-05-2022 14:40:41: app.py: INFO - Bot is running
26-05-2022 14:40:44: admin_interface.py: DEBUG - 259733823 entered /notify command
26-05-2022 14:41:09: app.py: INFO - Bot stopped
26-05-2022 14:41:13: app.py: INFO - table applicants already exists
26-05-2022 14:41:13: app.py: INFO - table experts already exists
26-05-2022 14:41:13: app.py: INFO - table meetings already exists
26-05-2022 14:41:13: app.py: INFO - Bot is running
26-05-2022 14:41:16: admin_interface.py: DEBUG - 259733823 entered /notify command
26-05-2022 14:42:08: app.py: INFO - Bot stopped
26-05-2022 14:42:12: app.py: INFO - table applicants already exists
26-05-2022 14:42:12: app.py: INFO - table experts already exists
26-05-2022 14:42:12: app.py: INFO - table meetings already exists
26-05-2022 14:42:12: app.py: INFO - Bot is running
26-05-2022 14:42:18: admin_interface.py: DEBUG - 259733823 entered /notify command
26-05-2022 14:42:27: admin_interface.py: DEBUG - Chat not found
26-05-2022 14:42:27: admin_interface.py: DEBUG - Chat not found
26-05-2022 14:42:27: admin_interface.py: DEBUG - Chat not found
26-05-2022 14:42:27: admin_interface.py: DEBUG - Chat not found
26-05-2022 14:42:27: admin_interface.py: DEBUG - Chat not found
26-05-2022 14:42:27: admin_interface.py: DEBUG - Chat not found
26-05-2022 14:42:27: admin_interface.py: DEBUG - Chat not found
26-05-2022 14:42:27: admin_interface.py: DEBUG - Chat not found
26-05-2022 14:42:27: admin_interface.py: DEBUG - Chat not found
26-05-2022 14:42:27: admin_interface.py: DEBUG - Chat not found
26-05-2022 14:42:28: admin_interface.py: DEBUG - Chat not found
26-05-2022 14:42:28: admin_interface.py: DEBUG - Chat not found
26-05-2022 14:42:28: admin_interface.py: DEBUG - Chat not found
26-05-2022 14:43:38: app.py: INFO - Bot stopped
26-05-2022 14:43:42: app.py: INFO - table applicants already exists
26-05-2022 14:43:42: app.py: INFO - table experts already exists
26-05-2022 14:43:42: app.py: INFO - table meetings already exists
26-05-2022 14:43:42: app.py: INFO - Bot is running
26-05-2022 14:43:46: admin_interface.py: DEBUG - 259733823 entered /notify command
26-05-2022 14:43:49: admin_interface.py: DEBUG - Chat not found
26-05-2022 14:43:49: admin_interface.py: DEBUG - Chat not found
26-05-2022 14:43:49: admin_interface.py: DEBUG - Chat not found
26-05-2022 14:43:49: admin_interface.py: DEBUG - Chat not found
26-05-2022 14:43:49: admin_interface.py: DEBUG - Chat not found
26-05-2022 14:43:49: admin_interface.py: DEBUG - Chat not found
26-05-2022 14:43:49: admin_interface.py: DEBUG - Chat not found
26-05-2022 14:43:50: admin_interface.py: DEBUG - Chat not found
26-05-2022 14:43:50: admin_interface.py: DEBUG - Chat not found
26-05-2022 14:43:50: admin_interface.py: DEBUG - Chat not found
26-05-2022 14:43:50: admin_interface.py: DEBUG - Chat not found
26-05-2022 14:43:50: admin_interface.py: DEBUG - Chat not found
26-05-2022 14:43:50: admin_interface.py: DEBUG - Chat not found
26-05-2022 14:44:19: app.py: INFO - Bot stopped
26-05-2022 14:44:23: app.py: INFO - table applicants already exists
26-05-2022 14:44:23: app.py: INFO - table experts already exists
26-05-2022 14:44:23: app.py: INFO - table meetings already exists
26-05-2022 14:44:23: app.py: INFO - Bot is running
26-05-2022 14:44:25: admin_interface.py: DEBUG - 259733823 entered /notify command
26-05-2022 14:44:29: admin_interface.py: DEBUG - Chat not found
26-05-2022 14:44:29: admin_interface.py: DEBUG - Chat not found
26-05-2022 14:44:29: admin_interface.py: DEBUG - Chat not found
26-05-2022 14:44:30: admin_interface.py: DEBUG - Chat not found
26-05-2022 14:44:30: admin_interface.py: DEBUG - Chat not found
26-05-2022 14:44:30: admin_interface.py: DEBUG - Chat not found
26-05-2022 14:44:31: admin_interface.py: DEBUG - Chat not found
26-05-2022 14:44:31: admin_interface.py: DEBUG - Chat not found
26-05-2022 14:44:31: admin_interface.py: DEBUG - Chat not found
26-05-2022 14:44:31: admin_interface.py: DEBUG - Chat not found
26-05-2022 14:44:32: admin_interface.py: DEBUG - Chat not found
26-05-2022 14:44:32: admin_interface.py: DEBUG - Chat not found
26-05-2022 14:45:05: app.py: INFO - Bot stopped
26-05-2022 15:04:27: app.py: INFO - table applicants already exists
26-05-2022 15:04:27: app.py: INFO - table experts already exists
26-05-2022 15:04:27: app.py: INFO - table meetings already exists
26-05-2022 15:04:27: app.py: INFO - Bot is running
26-05-2022 15:06:42: start.py: ERROR - User entered bot with unknown start args: ZXhwZXJ0, and got exception: UNIQUE constraint failed: experts.user_id
26-05-2022 15:21:06: admin_interface.py: DEBUG - 259733823 entered /notify command
26-05-2022 15:21:59: admin_interface.py: DEBUG - 1984327268 entered /notify command
26-05-2022 15:22:14: admin_interface.py: DEBUG - 259733823 entered /notify command
26-05-2022 15:22:37: admin_interface.py: DEBUG - Chat not found
26-05-2022 15:22:37: admin_interface.py: DEBUG - Chat not found
26-05-2022 15:22:37: admin_interface.py: DEBUG - Chat not found
26-05-2022 15:22:37: admin_interface.py: DEBUG - Chat not found
26-05-2022 15:22:37: admin_interface.py: DEBUG - Chat not found
26-05-2022 15:22:37: admin_interface.py: DEBUG - Chat not found
26-05-2022 15:22:37: admin_interface.py: DEBUG - Chat not found
26-05-2022 15:22:37: admin_interface.py: DEBUG - Chat not found
26-05-2022 15:22:38: admin_interface.py: DEBUG - Chat not found
26-05-2022 15:22:38: admin_interface.py: DEBUG - Chat not found
26-05-2022 15:22:38: admin_interface.py: DEBUG - Chat not found
26-05-2022 15:22:38: admin_interface.py: DEBUG - Chat not found
26-05-2022 15:44:29: app.py: INFO - Bot stopped
