27-07-2022 08:59:20: app.py: INFO - table applicants already exists
27-07-2022 08:59:20: app.py: INFO - table experts already exists
27-07-2022 08:59:20: app.py: INFO - table meetings already exists
27-07-2022 08:59:20: app.py: INFO - table admins already exists
27-07-2022 08:59:20: app.py: INFO - Bot is running
27-07-2022 11:13:34: start.py: DEBUG - User 937030282 start the bot as an expert
27-07-2022 11:13:44: expert_form.py: DEBUG - Expert 937030282 entered expert_start handler
27-07-2022 11:13:49: expert_form.py: DEBUG - Expert 937030282 entered expert_1 handler
27-07-2022 11:14:17: expert_form.py: DEBUG - Expert 937030282 entered expert_2 handler
27-07-2022 11:14:23: expert_form.py: DEBUG - Expert 937030282 entered expert_2_1 handler with cd 9
27-07-2022 11:14:39: expert_form.py: DEBUG - Expert 937030282 entered expert_5 handler
28-07-2022 20:56:20: start.py: DEBUG - User 360694993 start the bot as an applicant
28-07-2022 20:56:26: applicant_form.py: DEBUG - Applicant 360694993 entered applicant_start handler
28-07-2022 20:56:53: applicant_form.py: DEBUG - Applicant 360694993 entered applicant_1 handler
28-07-2022 20:56:58: applicant_form.py: DEBUG - Applicant 360694993 entered applicant_2 handler
28-07-2022 20:57:03: applicant_form.py: DEBUG - Applicant 360694993 entered applicant_3 handler
28-07-2022 20:57:15: applicant_form.py: DEBUG - Applicant 360694993 entered applicant_4 handler
28-07-2022 20:57:19: applicant_form.py: DEBUG - Applicant 360694993 entered applicant_5 handler
28-07-2022 20:57:23: applicant_form.py: DEBUG - Applicant 360694993 entered applicant_6 handler
28-07-2022 20:57:28: applicant_form.py: DEBUG - Applicant 360694993 entered applicant_7 handler
28-07-2022 20:57:30: applicant_form.py: DEBUG - Applicant 360694993 entered applicant_8 handler
28-07-2022 20:57:40: applicant_form.py: DEBUG - Applicant 360694993 entered applicant_8_1 handler with cd 8 and sd {'list': [8]}
28-07-2022 20:57:43: applicant_form.py: DEBUG - Applicant 360694993 entered applicant_8_1 handler with cd 4 and sd {'list': [8, 4]}
28-07-2022 20:57:44: applicant_form.py: DEBUG - Applicant 360694993 entered applicant_8_1 handler with cd done and sd {'list': [8, 4]}
28-07-2022 20:57:47: applicant_form.py: DEBUG - Applicant 360694993 entered applicant_9 handler
28-07-2022 20:57:50: applicant_menu.py: DEBUG - Applicant 360694993 entered search_experts handler
28-07-2022 20:57:50: applicant_menu.py: DEBUG - Search_expert function shows that expert 360694993 have 1 suitable experts
28-07-2022 20:58:01: applicant_menu.py: DEBUG - Applicant 360694993 entered expert_chosen handler with applicant 973575680 and 5 free slots
28-07-2022 20:58:03: notifications.py: DEBUG - Expert 973575680 got notif_init_expert notification about meeting 16
28-07-2022 20:58:03: applicant_menu.py: DEBUG - Applicant 360694993 entered choosing_time handler with expert 973575680 and 03.08.2022 18:30 slot
29-07-2022 03:18:57: expert_menu.py: DEBUG - Expert 973575680 entered notif_init_applicant_result with meeting 16 and cd approved_e_16
29-07-2022 07:52:20: applicant_menu.py: DEBUG - Applicant 567213956 entered applicant_menu handler
29-07-2022 08:03:50: start.py: DEBUG - User 1145617005 start the bot as an applicant
29-07-2022 08:06:00: start.py: DEBUG - User 5513172754 start the bot as an applicant
29-07-2022 08:06:04: applicant_form.py: DEBUG - Applicant 5513172754 entered applicant_start handler
29-07-2022 08:06:10: applicant_form.py: DEBUG - Applicant 5513172754 entered applicant_1 handler
29-07-2022 08:06:16: applicant_form.py: DEBUG - Applicant 5513172754 entered applicant_2 handler
29-07-2022 08:06:25: applicant_form.py: DEBUG - Applicant 5513172754 entered applicant_3 handler
29-07-2022 08:11:16: applicant_form.py: DEBUG - Applicant 5513172754 entered applicant_4 handler
29-07-2022 08:11:50: applicant_form.py: DEBUG - Applicant 5513172754 entered applicant_5 handler
29-07-2022 08:11:58: applicant_form.py: DEBUG - Applicant 5513172754 entered applicant_6 handler
29-07-2022 08:12:02: applicant_form.py: DEBUG - Applicant 5513172754 entered applicant_7 handler
29-07-2022 08:13:51: applicant_form.py: DEBUG - Applicant 5513172754 entered applicant_8 handler
29-07-2022 08:31:51: start.py: DEBUG - User 1325344305 start the bot as an applicant
29-07-2022 08:31:57: applicant_form.py: DEBUG - Applicant 1325344305 entered applicant_start handler
29-07-2022 08:32:07: applicant_form.py: DEBUG - Applicant 1325344305 entered applicant_1 handler
29-07-2022 08:32:08: applicant_form.py: DEBUG - Applicant 5513172754 entered applicant_8_1 handler with cd 1 and sd {'list': [1]}
29-07-2022 08:32:11: applicant_form.py: DEBUG - Applicant 5513172754 entered applicant_8_1 handler with cd 9 and sd {'list': [1, 9]}
29-07-2022 08:32:14: applicant_form.py: DEBUG - Applicant 1325344305 entered applicant_2 handler
29-07-2022 08:32:15: applicant_form.py: DEBUG - Applicant 5513172754 entered applicant_8_1 handler with cd 2 and sd {'list': [1, 9, 2]}
29-07-2022 08:32:18: applicant_form.py: DEBUG - Applicant 5513172754 entered applicant_8_1 handler with cd 2 and sd {'list': [1, 9]}
29-07-2022 08:32:20: applicant_form.py: DEBUG - Applicant 5513172754 entered applicant_8_1 handler with cd 2 and sd {'list': [1, 9, 2]}
29-07-2022 08:32:29: applicant_form.py: DEBUG - Applicant 1325344305 entered applicant_3 handler
29-07-2022 08:32:29: applicant_form.py: DEBUG - Applicant 5513172754 entered applicant_8_1 handler with cd done and sd {'list': [1, 9, 2]}
29-07-2022 08:33:27: applicant_form.py: DEBUG - Applicant 1325344305 entered applicant_4 handler
29-07-2022 08:34:21: applicant_form.py: DEBUG - Applicant 1325344305 entered applicant_5 handler
29-07-2022 08:34:32: applicant_form.py: DEBUG - Applicant 1325344305 entered applicant_6 handler
29-07-2022 08:35:03: applicant_form.py: DEBUG - Applicant 1325344305 entered applicant_7 handler
29-07-2022 08:35:28: applicant_form.py: DEBUG - Applicant 1325344305 entered applicant_8 handler
29-07-2022 08:35:48: applicant_form.py: DEBUG - Applicant 1325344305 entered applicant_8_1 handler with cd 9 and sd {'list': [9]}
29-07-2022 08:35:50: applicant_form.py: DEBUG - Applicant 5513172754 entered applicant_9 handler
29-07-2022 08:35:51: applicant_form.py: DEBUG - Applicant 1325344305 entered applicant_8_1 handler with cd 8 and sd {'list': [9, 8]}
29-07-2022 08:35:53: applicant_form.py: DEBUG - Applicant 1325344305 entered applicant_8_1 handler with cd 7 and sd {'list': [9, 8, 7]}
29-07-2022 08:36:06: applicant_form.py: DEBUG - Applicant 1325344305 entered applicant_8_1 handler with cd done and sd {'list': [9, 8, 7]}
29-07-2022 08:36:07: applicant_profile.py: DEBUG - Applicant 5513172754 entered check_profile_a handler
29-07-2022 08:36:16: applicant_profile.py: DEBUG - Applicant 5513172754 entered change_profile_a handler
29-07-2022 08:36:19: applicant_profile.py: DEBUG - Applicant 5513172754 entered cha_institution handler
29-07-2022 08:36:32: applicant_form.py: DEBUG - Applicant 1325344305 entered applicant_9 handler
29-07-2022 08:36:53: applicant_menu.py: DEBUG - Applicant 1325344305 entered search_experts handler
29-07-2022 08:36:53: applicant_menu.py: DEBUG - Search_expert function shows that expert 1325344305 have 1 suitable experts
29-07-2022 08:37:16: applicant_menu.py: DEBUG - Applicant 1325344305 entered applicant_menu handler
29-07-2022 08:37:25: applicant_menu.py: DEBUG - Applicant 1325344305 entered search_experts handler
29-07-2022 08:37:25: applicant_menu.py: DEBUG - Search_expert function shows that expert 1325344305 have 1 suitable experts
29-07-2022 08:37:30: applicant_menu.py: DEBUG - Applicant 1325344305 entered applicant_menu handler
29-07-2022 08:38:59: applicant_profile.py: DEBUG - Applicant 5513172754 entered cha_institution2 handler
29-07-2022 08:39:05: applicant_profile.py: DEBUG - Applicant 5513172754 entered check_profile_a handler
29-07-2022 08:40:22: applicant_menu.py: DEBUG - Applicant 5513172754 entered applicant_menu handler
29-07-2022 08:40:36: applicant_menu.py: DEBUG - Applicant 5513172754 entered search_experts handler
29-07-2022 08:40:36: applicant_menu.py: DEBUG - Search_expert function shows that expert 5513172754 have 1 suitable experts
29-07-2022 08:42:03: applicant_menu.py: DEBUG - Applicant 5513172754 entered applicant_menu handler
29-07-2022 08:42:05: applicant_menu.py: DEBUG - Applicant 5513172754 entered search_experts handler
29-07-2022 08:42:05: applicant_menu.py: DEBUG - Search_expert function shows that expert 5513172754 have 1 suitable experts
29-07-2022 08:42:08: applicant_menu.py: DEBUG - Applicant 5513172754 entered applicant_menu handler
29-07-2022 08:42:11: applicant_menu.py: DEBUG - Applicant 5513172754 entered applicant_meetings handler but he doesn't have meetings yet
29-07-2022 08:42:13: applicant_menu.py: DEBUG - Applicant 5513172754 entered applicant_menu handler
29-07-2022 08:42:55: applicant_menu.py: DEBUG - Applicant 5513172754 entered search_experts handler
29-07-2022 08:42:55: applicant_menu.py: DEBUG - Search_expert function shows that expert 5513172754 have 1 suitable experts
29-07-2022 08:44:06: applicant_menu.py: DEBUG - Applicant 5513172754 entered expert_chosen handler with applicant 973575680 and 5 free slots
29-07-2022 08:44:27: notifications.py: DEBUG - Expert 973575680 got notif_init_expert notification about meeting 17
29-07-2022 08:44:27: applicant_menu.py: DEBUG - Applicant 5513172754 entered choosing_time handler with expert 973575680 and 01.08.2022 18:30 slot
29-07-2022 08:44:32: applicant_menu.py: DEBUG - Applicant 5513172754 entered applicant_menu handler
29-07-2022 08:44:34: applicant_menu.py: DEBUG - Applicant 5513172754 entered applicant_meetings handler and got 1 his meetings
29-07-2022 08:44:34: applicant_menu.py: DEBUG - Applicant 5513172754 entered applicant_meetings handler but he doesn't have meetings yet
29-07-2022 08:44:37: applicant_menu.py: DEBUG - Applicant 5513172754 entered check_meeting handler with meeting 17
29-07-2022 08:44:39: applicant_menu.py: DEBUG - Applicant 5513172754 entered applicant_meetings handler and got 1 his meetings
29-07-2022 08:44:39: applicant_menu.py: DEBUG - Applicant 5513172754 entered applicant_meetings handler but he doesn't have meetings yet
29-07-2022 08:44:41: applicant_menu.py: DEBUG - Applicant 5513172754 entered applicant_menu handler
29-07-2022 08:44:45: expert_menu.py: DEBUG - Expert 973575680 entered notif_init_applicant_result with meeting 17 and cd approved_e_17
29-07-2022 08:44:49: applicant_menu.py: DEBUG - Applicant 5513172754 entered search_experts handler
29-07-2022 08:44:49: applicant_menu.py: DEBUG - Search_expert function shows that expert 5513172754 have 1 suitable experts
29-07-2022 08:44:51: applicant_menu.py: DEBUG - Applicant 5513172754 entered applicant_menu handler
29-07-2022 08:51:46: applicant_profile.py: DEBUG - Applicant 5513172754 entered check_profile_a handler
29-07-2022 08:51:48: applicant_profile.py: DEBUG - Applicant 5513172754 entered change_profile_a handler
29-07-2022 08:51:50: applicant_profile.py: DEBUG - Applicant 5513172754 entered cha_direction handler
29-07-2022 08:51:59: applicant_profile.py: DEBUG - Applicant 5513172754 entered cha_direction2 handler
29-07-2022 08:52:05: applicant_profile.py: DEBUG - Applicant 5513172754 entered check_profile_a handler
29-07-2022 08:52:09: applicant_menu.py: DEBUG - Applicant 5513172754 entered applicant_menu handler
29-07-2022 08:52:10: applicant_menu.py: DEBUG - Applicant 5513172754 entered search_experts handler
29-07-2022 08:52:10: applicant_menu.py: DEBUG - Search_expert function shows that expert 5513172754 have 1 suitable experts
29-07-2022 08:52:14: applicant_menu.py: DEBUG - Applicant 5513172754 entered applicant_menu handler
29-07-2022 08:52:16: applicant_profile.py: DEBUG - Applicant 5513172754 entered check_profile_a handler
29-07-2022 08:52:18: applicant_profile.py: DEBUG - Applicant 5513172754 entered change_profile_a handler
29-07-2022 08:52:21: applicant_profile.py: DEBUG - Applicant 5513172754 entered cha_direction handler
29-07-2022 08:52:23: applicant_profile.py: DEBUG - Applicant 5513172754 entered cha_direction2 handler
29-07-2022 08:52:28: applicant_profile.py: DEBUG - Applicant 5513172754 entered check_profile_a handler
29-07-2022 08:52:30: applicant_menu.py: DEBUG - Applicant 5513172754 entered applicant_menu handler
29-07-2022 08:52:32: applicant_menu.py: DEBUG - Applicant 5513172754 entered search_experts handler
29-07-2022 08:52:32: applicant_menu.py: DEBUG - Search_expert function shows that expert 5513172754 have 1 suitable experts
29-07-2022 08:52:34: applicant_menu.py: DEBUG - Applicant 5513172754 entered applicant_menu handler
29-07-2022 08:52:39: applicant_profile.py: DEBUG - Applicant 5513172754 entered check_profile_a handler
29-07-2022 08:52:42: applicant_profile.py: DEBUG - Applicant 5513172754 entered change_profile_a handler
29-07-2022 08:52:44: applicant_profile.py: DEBUG - Applicant 5513172754 entered cha_profile handler
29-07-2022 08:52:53: applicant_profile.py: DEBUG - Applicant 5513172754 entered cha_profile2 handler
29-07-2022 08:53:00: applicant_profile.py: DEBUG - Applicant 5513172754 entered check_profile_a handler
29-07-2022 08:53:26: applicant_profile.py: DEBUG - Applicant 5513172754 entered change_profile_a handler
29-07-2022 08:53:27: applicant_profile.py: DEBUG - Applicant 5513172754 entered cha_profile handler
29-07-2022 08:53:31: applicant_profile.py: DEBUG - Applicant 5513172754 entered cha_profile2 handler
29-07-2022 08:53:36: applicant_profile.py: DEBUG - Applicant 5513172754 entered cha_direction handler
29-07-2022 08:53:38: applicant_profile.py: DEBUG - Applicant 5513172754 entered cha_direction2 handler
29-07-2022 08:53:41: applicant_profile.py: DEBUG - Applicant 5513172754 entered check_profile_a handler
29-07-2022 08:53:51: applicant_menu.py: DEBUG - Applicant 5513172754 entered applicant_menu handler
29-07-2022 08:53:52: applicant_menu.py: DEBUG - Applicant 5513172754 entered search_experts handler
29-07-2022 08:53:52: applicant_menu.py: DEBUG - Search_expert function shows that expert 5513172754 have 1 suitable experts
29-07-2022 08:53:54: applicant_menu.py: DEBUG - Applicant 5513172754 entered applicant_menu handler
29-07-2022 08:53:57: applicant_profile.py: DEBUG - Applicant 5513172754 entered check_profile_a handler
29-07-2022 08:54:00: applicant_profile.py: DEBUG - Applicant 5513172754 entered change_profile_a handler
29-07-2022 08:54:05: applicant_profile.py: DEBUG - Applicant 5513172754 entered check_profile_a handler
29-07-2022 08:54:07: applicant_menu.py: DEBUG - Applicant 5513172754 entered applicant_menu handler
29-07-2022 08:54:18: applicant_profile.py: DEBUG - Applicant 5513172754 entered check_profile_a handler
29-07-2022 08:54:21: applicant_profile.py: DEBUG - Applicant 5513172754 entered change_profile_a handler
29-07-2022 08:54:24: applicant_profile.py: DEBUG - Applicant 5513172754 entered cha_direction handler
29-07-2022 08:54:29: applicant_profile.py: DEBUG - Applicant 5513172754 entered cha_direction2 handler
29-07-2022 08:54:33: applicant_profile.py: DEBUG - Applicant 5513172754 entered check_profile_a handler
29-07-2022 08:54:35: applicant_menu.py: DEBUG - Applicant 5513172754 entered applicant_menu handler
29-07-2022 08:54:44: applicant_menu.py: DEBUG - Applicant 5513172754 entered search_experts handler
29-07-2022 08:54:44: applicant_menu.py: DEBUG - Search_expert function shows that expert 5513172754 have 1 suitable experts
29-07-2022 08:54:46: applicant_menu.py: DEBUG - Applicant 5513172754 entered applicant_menu handler
29-07-2022 08:54:48: applicant_profile.py: DEBUG - Applicant 5513172754 entered check_profile_a handler
29-07-2022 08:54:51: applicant_profile.py: DEBUG - Applicant 5513172754 entered change_profile_a handler
29-07-2022 08:54:52: applicant_profile.py: DEBUG - Applicant 5513172754 entered cha_topics_details handler
29-07-2022 08:57:08: applicant_profile.py: DEBUG - Applicant 5513172754 entered cha_topics_details2 handler
29-07-2022 08:57:13: applicant_profile.py: DEBUG - Applicant 5513172754 entered check_profile_a handler
29-07-2022 08:57:23: applicant_menu.py: DEBUG - Applicant 5513172754 entered applicant_menu handler
29-07-2022 08:57:25: applicant_menu.py: DEBUG - Applicant 5513172754 entered applicant_meetings handler and got 1 his meetings
29-07-2022 08:57:25: applicant_menu.py: DEBUG - Applicant 5513172754 entered applicant_meetings handler but he doesn't have meetings yet
29-07-2022 08:57:28: applicant_menu.py: DEBUG - Applicant 5513172754 entered check_meeting handler with meeting 17
29-07-2022 08:57:30: applicant_menu.py: DEBUG - Applicant 5513172754 entered applicant_meetings handler and got 1 his meetings
29-07-2022 08:57:30: applicant_menu.py: DEBUG - Applicant 5513172754 entered applicant_meetings handler but he doesn't have meetings yet
29-07-2022 08:57:32: applicant_menu.py: DEBUG - Applicant 5513172754 entered applicant_menu handler
29-07-2022 09:43:00: start.py: DEBUG - User 661119992 start the bot as an applicant
29-07-2022 15:22:49: start.py: DEBUG - User 946470099 start the bot as an applicant
29-07-2022 15:22:53: applicant_form.py: DEBUG - Applicant 946470099 entered applicant_start handler
29-07-2022 15:22:59: applicant_form.py: DEBUG - Applicant 946470099 entered applicant_1 handler
29-07-2022 15:23:04: applicant_form.py: DEBUG - Applicant 946470099 entered applicant_2 handler
29-07-2022 15:23:08: applicant_form.py: DEBUG - Applicant 946470099 entered applicant_3 handler
29-07-2022 15:24:23: applicant_form.py: DEBUG - Applicant 946470099 entered applicant_4 handler
29-07-2022 15:24:36: applicant_form.py: DEBUG - Applicant 946470099 entered applicant_5 handler
29-07-2022 15:24:42: applicant_form.py: DEBUG - Applicant 946470099 entered applicant_6 handler
29-07-2022 15:24:46: applicant_form.py: DEBUG - Applicant 946470099 entered applicant_7 handler
29-07-2022 15:25:12: applicant_form.py: DEBUG - Applicant 946470099 entered applicant_8 handler
29-07-2022 15:25:22: applicant_form.py: DEBUG - Applicant 946470099 entered applicant_8_1 handler with cd done and sd {}
29-07-2022 15:25:29: applicant_form.py: DEBUG - Applicant 946470099 entered applicant_8_1 handler with cd 4 and sd {'list': [4]}
29-07-2022 15:25:31: applicant_form.py: DEBUG - Applicant 946470099 entered applicant_8_1 handler with cd done and sd {'list': [4]}
29-07-2022 15:25:39: applicant_form.py: DEBUG - Applicant 946470099 entered applicant_9 handler
29-07-2022 15:25:46: applicant_profile.py: DEBUG - Applicant 946470099 entered check_profile_a handler
29-07-2022 15:25:50: applicant_profile.py: DEBUG - Applicant 946470099 entered change_profile_a handler
29-07-2022 15:25:54: applicant_profile.py: DEBUG - Applicant 946470099 entered check_profile_a handler
29-07-2022 15:26:03: applicant_menu.py: DEBUG - Applicant 946470099 entered applicant_menu handler
30-07-2022 01:45:40: start.py: DEBUG - User 461928069 start the bot as an applicant
30-07-2022 01:45:45: applicant_form.py: DEBUG - Applicant 461928069 entered applicant_start handler
30-07-2022 01:45:50: applicant_form.py: DEBUG - Applicant 461928069 entered applicant_1 handler
30-07-2022 01:45:54: applicant_form.py: DEBUG - Applicant 461928069 entered applicant_2 handler
30-07-2022 01:46:03: applicant_form.py: DEBUG - Applicant 461928069 entered applicant_3 handler
30-07-2022 01:47:51: start.py: DEBUG - User 476159961 start the bot as an applicant
30-07-2022 01:47:59: applicant_form.py: DEBUG - Applicant 476159961 entered applicant_start handler
30-07-2022 01:48:05: applicant_form.py: DEBUG - Applicant 476159961 entered applicant_1 handler
30-07-2022 01:48:13: applicant_form.py: DEBUG - Applicant 476159961 entered applicant_2 handler
30-07-2022 02:06:40: applicant_form.py: DEBUG - Applicant 461928069 entered applicant_4 handler
30-07-2022 02:08:02: applicant_form.py: DEBUG - Applicant 461928069 entered applicant_5 handler
30-07-2022 02:08:07: applicant_form.py: DEBUG - Applicant 461928069 entered applicant_6 handler
30-07-2022 02:10:02: applicant_form.py: DEBUG - Applicant 461928069 entered applicant_7 handler
30-07-2022 02:12:53: applicant_form.py: DEBUG - Applicant 461928069 entered applicant_8 handler
30-07-2022 02:13:04: applicant_form.py: DEBUG - Applicant 461928069 entered applicant_8_1 handler with cd 1 and sd {'list': [1]}
30-07-2022 02:13:13: applicant_form.py: DEBUG - Applicant 461928069 entered applicant_8_1 handler with cd 3 and sd {'list': [1, 3]}
30-07-2022 02:13:22: applicant_form.py: DEBUG - Applicant 461928069 entered applicant_8_1 handler with cd 8 and sd {'list': [1, 3, 8]}
30-07-2022 02:13:23: applicant_form.py: DEBUG - Applicant 461928069 entered applicant_8_1 handler with cd 9 and sd {'list': [1, 3, 8, 9]}
30-07-2022 02:13:28: applicant_form.py: DEBUG - Applicant 461928069 entered applicant_8_1 handler with cd 4 and sd {'list': [1, 3, 8, 9, 4]}
30-07-2022 02:13:33: applicant_form.py: DEBUG - Applicant 461928069 entered applicant_8_1 handler with cd 1 and sd {'list': [3, 8, 9, 4]}
30-07-2022 02:13:34: applicant_form.py: DEBUG - Applicant 461928069 entered applicant_8_1 handler with cd 1 and sd {'list': [3, 8, 9, 4, 1]}
30-07-2022 02:13:35: applicant_form.py: DEBUG - Applicant 461928069 entered applicant_8_1 handler with cd 2 and sd {'list': [3, 8, 9, 4, 1, 2]}
30-07-2022 02:13:39: applicant_form.py: DEBUG - Applicant 461928069 entered applicant_8_1 handler with cd 3 and sd {'list': [8, 9, 4, 1, 2]}
30-07-2022 02:13:40: applicant_form.py: DEBUG - Applicant 461928069 entered applicant_8_1 handler with cd 3 and sd {'list': [8, 9, 4, 1, 2, 3]}
30-07-2022 02:13:41: applicant_form.py: DEBUG - Applicant 461928069 entered applicant_8_1 handler with cd 3 and sd {'list': [8, 9, 4, 1, 2]}
30-07-2022 02:13:42: applicant_form.py: DEBUG - Applicant 461928069 entered applicant_8_1 handler with cd 3 and sd {'list': [8, 9, 4, 1, 2, 3]}
30-07-2022 02:13:47: applicant_form.py: DEBUG - Applicant 461928069 entered applicant_8_1 handler with cd 6 and sd {'list': [8, 9, 4, 1, 2, 3, 6]}
30-07-2022 02:13:49: applicant_form.py: DEBUG - Applicant 461928069 entered applicant_8_1 handler with cd 7 and sd {'list': [8, 9, 4, 1, 2, 3, 6, 7]}
30-07-2022 02:13:51: applicant_form.py: DEBUG - Applicant 461928069 entered applicant_8_1 handler with cd 5 and sd {'list': [8, 9, 4, 1, 2, 3, 6, 7, 5]}
30-07-2022 02:13:54: applicant_form.py: DEBUG - Applicant 461928069 entered applicant_8_1 handler with cd done and sd {'list': [8, 9, 4, 1, 2, 3, 6, 7, 5]}
30-07-2022 02:15:43: applicant_form.py: DEBUG - Applicant 461928069 entered applicant_9 handler
30-07-2022 02:16:04: applicant_profile.py: DEBUG - Applicant 461928069 entered check_profile_a handler
30-07-2022 02:16:14: applicant_profile.py: DEBUG - Applicant 461928069 entered change_profile_a handler
30-07-2022 02:16:17: applicant_profile.py: DEBUG - Applicant 461928069 entered cha_profile handler
30-07-2022 02:17:00: applicant_profile.py: DEBUG - Applicant 461928069 entered cha_profile2 handler
30-07-2022 02:17:05: applicant_profile.py: DEBUG - Applicant 461928069 entered check_profile_a handler
30-07-2022 02:17:08: applicant_menu.py: DEBUG - Applicant 461928069 entered applicant_menu handler
30-07-2022 02:17:13: applicant_menu.py: DEBUG - Applicant 461928069 entered add_photo handler
30-07-2022 02:17:16: applicant_menu.py: DEBUG - Applicant 461928069 entered update_photo handler
30-07-2022 02:18:03: applicant_menu.py: DEBUG - Applicant 461928069 entered uploading_photo handler
30-07-2022 05:01:10: applicant_profile.py: DEBUG - Applicant 946470099 entered check_profile_a handler
30-07-2022 05:01:11: start.py: DEBUG - User 338344749 start the bot as an expert
30-07-2022 05:01:12: applicant_profile.py: DEBUG - Applicant 946470099 entered change_profile_a handler
30-07-2022 05:01:16: expert_form.py: DEBUG - Expert 338344749 entered expert_start handler
30-07-2022 05:01:18: applicant_profile.py: DEBUG - Applicant 946470099 entered check_profile_a handler
30-07-2022 05:01:21: applicant_profile.py: DEBUG - Applicant 946470099 entered change_profile_a handler
30-07-2022 05:01:21: start.py: DEBUG - User 1321086876 start the bot as an expert
30-07-2022 05:01:22: start.py: DEBUG - User 946470099 start the bot as an expert
30-07-2022 05:01:22: expert_form.py: DEBUG - Expert 338344749 entered expert_1 handler
30-07-2022 05:01:24: start.py: DEBUG - User 733833846 start the bot as an expert
30-07-2022 05:01:24: expert_form.py: DEBUG - Expert 946470099 entered expert_start handler
30-07-2022 05:01:28: expert_form.py: DEBUG - Expert 733833846 entered expert_start handler
30-07-2022 05:01:28: expert_form.py: DEBUG - Expert 338344749 entered expert_2 handler
30-07-2022 05:01:30: expert_form.py: DEBUG - Expert 946470099 entered expert_1 handler
30-07-2022 05:01:33: expert_form.py: DEBUG - Expert 946470099 entered expert_2 handler
30-07-2022 05:01:34: expert_form.py: DEBUG - Expert 338344749 entered expert_2_1 handler with cd 12
30-07-2022 05:01:34: start.py: DEBUG - User 171178342 start the bot as an expert
30-07-2022 05:01:35: expert_form.py: DEBUG - Expert 733833846 entered expert_1 handler
30-07-2022 05:01:38: expert_form.py: DEBUG - Expert 733833846 entered expert_2 handler
30-07-2022 05:01:39: expert_form.py: DEBUG - Expert 1321086876 entered expert_start handler
30-07-2022 05:01:40: expert_form.py: DEBUG - Expert 171178342 entered expert_start handler
30-07-2022 05:01:44: expert_form.py: DEBUG - Expert 1321086876 entered expert_1 handler
30-07-2022 05:01:45: expert_form.py: DEBUG - Expert 171178342 entered expert_1 handler
30-07-2022 05:01:50: expert_form.py: DEBUG - Expert 1321086876 entered expert_2 handler
30-07-2022 05:01:55: expert_form.py: DEBUG - Expert 1321086876 entered expert_2_1 handler with cd 12
30-07-2022 05:02:05: expert_form.py: DEBUG - Expert 946470099 entered expert_2_1 handler with cd other
30-07-2022 05:02:11: expert_form.py: DEBUG - Expert 171178342 entered expert_2 handler
30-07-2022 05:02:12: expert_form.py: DEBUG - Expert 733833846 entered expert_2_1 handler with cd other
30-07-2022 05:02:22: expert_form.py: DEBUG - Expert 171178342 entered expert_2_1 handler with cd other
30-07-2022 05:02:25: expert_form.py: DEBUG - Expert 338344749 entered expert_5 handler
30-07-2022 05:02:29: expert_form.py: DEBUG - Expert 733833846 entered expert_3 handler
30-07-2022 05:02:55: expert_form.py: DEBUG - Expert 171178342 entered expert_3 handler
30-07-2022 05:03:10: expert_form.py: DEBUG - Expert 946470099 entered expert_3 handler
30-07-2022 05:03:11: expert_form.py: DEBUG - Expert 1321086876 entered expert_5 handler
30-07-2022 05:03:19: start.py: DEBUG - User 224677493 start the bot as an expert
30-07-2022 05:03:24: expert_form.py: DEBUG - Expert 224677493 entered expert_start handler
30-07-2022 05:03:42: expert_form.py: DEBUG - Expert 171178342 entered expert_5 handler
30-07-2022 05:03:48: expert_form.py: DEBUG - Expert 224677493 entered expert_1 handler
30-07-2022 05:04:03: expert_form.py: DEBUG - Expert 1321086876 entered expert_6 handler but write incorrect slot: /menu
30-07-2022 05:04:04: expert_form.py: DEBUG - Expert 224677493 entered expert_2 handler
30-07-2022 05:04:20: expert_form.py: DEBUG - Expert 224677493 entered expert_2_1 handler with cd 4
30-07-2022 05:04:59: expert_form.py: DEBUG - Expert 733833846 entered expert_5 handler
30-07-2022 05:05:13: expert_form.py: DEBUG - Expert 338344749 entered expert_6 handler
30-07-2022 05:05:21: expert_form.py: DEBUG - Expert 1321086876 entered expert_6 handler
30-07-2022 05:05:37: expert_form.py: DEBUG - Expert 171178342 entered expert_6 handler
30-07-2022 05:05:43: expert_form.py: DEBUG - Expert 171178342 entered expert_6_1 handler with cd 1 and sd {'list': [1]}
30-07-2022 05:05:46: expert_form.py: DEBUG - Expert 171178342 entered expert_6_1 handler with cd 2 and sd {'list': [1, 2]}
30-07-2022 05:05:47: expert_form.py: DEBUG - Expert 171178342 entered expert_6_1 handler with cd 3 and sd {'list': [1, 2, 3]}
30-07-2022 05:05:47: expert_form.py: DEBUG - Expert 171178342 entered expert_6_1 handler with cd 4 and sd {'list': [1, 2, 3, 4]}
30-07-2022 05:05:47: expert_form.py: DEBUG - Expert 1321086876 entered expert_6_1 handler with cd 1 and sd {'list': [1]}
30-07-2022 05:05:49: expert_form.py: DEBUG - Expert 171178342 entered expert_6_1 handler with cd 3 and sd {'list': [1, 2, 4]}
30-07-2022 05:05:50: expert_form.py: DEBUG - Expert 171178342 entered expert_6_1 handler with cd 3 and sd {'list': [1, 2, 4, 3]}
30-07-2022 05:05:51: expert_form.py: DEBUG - Expert 1321086876 entered expert_6_1 handler with cd 7 and sd {'list': [1, 7]}
30-07-2022 05:05:53: expert_form.py: DEBUG - Expert 171178342 entered expert_6_1 handler with cd 7 and sd {'list': [1, 2, 4, 3, 7]}
30-07-2022 05:05:55: expert_form.py: DEBUG - Expert 171178342 entered expert_6_1 handler with cd 8 and sd {'list': [1, 2, 4, 3, 7, 8]}
30-07-2022 05:05:58: expert_form.py: DEBUG - Expert 1321086876 entered expert_6_1 handler with cd 4 and sd {'list': [1, 7, 4]}
30-07-2022 05:06:02: expert_form.py: DEBUG - Expert 1321086876 entered expert_6_1 handler with cd 3 and sd {'list': [1, 7, 4, 3]}
30-07-2022 05:06:04: expert_form.py: DEBUG - Expert 1321086876 entered expert_6_1 handler with cd 5 and sd {'list': [1, 7, 4, 3, 5]}
30-07-2022 05:06:05: expert_form.py: DEBUG - Expert 171178342 entered expert_6_1 handler with cd 5 and sd {'list': [1, 2, 4, 3, 7, 8, 5]}
30-07-2022 05:06:08: expert_form.py: DEBUG - Expert 1321086876 entered expert_6_1 handler with cd done and sd {'list': [1, 7, 4, 3, 5]}
30-07-2022 05:06:09: expert_form.py: DEBUG - Expert 171178342 entered expert_6_1 handler with cd 9 and sd {'list': [1, 2, 4, 3, 7, 8, 5, 9]}
30-07-2022 05:06:09: expert_form.py: DEBUG - Expert 338344749 entered expert_6_1 handler with cd 1 and sd {'list': [1]}
30-07-2022 05:06:10: expert_form.py: DEBUG - Expert 171178342 entered expert_6_1 handler with cd done and sd {'list': [1, 2, 4, 3, 7, 8, 5, 9]}
30-07-2022 05:06:13: expert_form.py: DEBUG - Expert 338344749 entered expert_6_1 handler with cd 2 and sd {'list': [1, 2]}
30-07-2022 05:06:15: expert_form.py: DEBUG - Expert 338344749 entered expert_6_1 handler with cd 3 and sd {'list': [1, 2, 3]}
30-07-2022 05:06:17: expert_menu.py: DEBUG - Expert 171178342 entered search_applicants handler
30-07-2022 05:06:17: expert_menu.py: DEBUG - Search_applicant function shows that expert 171178342 have 11 suitable applicants
30-07-2022 05:06:20: expert_form.py: DEBUG - Expert 338344749 entered expert_6_1 handler with cd 8 and sd {'list': [1, 2, 3, 8]}
30-07-2022 05:06:22: expert_form.py: DEBUG - Expert 338344749 entered expert_6_1 handler with cd 9 and sd {'list': [1, 2, 3, 8, 9]}
30-07-2022 05:06:22: expert_form.py: DEBUG - Expert 946470099 entered expert_5 handler
30-07-2022 05:06:28: expert_form.py: DEBUG - Expert 338344749 entered expert_6_1 handler with cd 7 and sd {'list': [1, 2, 3, 8, 9, 7]}
30-07-2022 05:06:31: expert_menu.py: DEBUG - Search_applicant function shows that expert 171178342 have 11 suitable applicants
30-07-2022 05:06:31: expert_menu.py: DEBUG - Expert 171178342 entered page_click_expert handler with page 2
30-07-2022 05:06:32: expert_form.py: DEBUG - Expert 733833846 entered expert_6 handler but write incorrect slot: 03.08.2022 14:00
04.08.2022 14:00
05.08.2022 14:00
06.08.2022 14:00
07.08.2022 14:00
30-07-2022 05:06:33: expert_form.py: DEBUG - Expert 338344749 entered expert_6_1 handler with cd done and sd {'list': [1, 2, 3, 8, 9, 7]}
30-07-2022 05:06:42: expert_menu.py: DEBUG - Search_applicant function shows that expert 171178342 have 11 suitable applicants
30-07-2022 05:06:42: expert_menu.py: DEBUG - Expert 171178342 entered page_click_expert handler with page 3
30-07-2022 05:06:56: expert_menu.py: DEBUG - Search_applicant function shows that expert 171178342 have 11 suitable applicants
30-07-2022 05:06:56: expert_menu.py: DEBUG - Expert 171178342 entered page_click_expert handler with page 4
30-07-2022 05:07:03: expert_form.py: DEBUG - Expert 733833846 entered expert_6 handler
30-07-2022 05:07:11: expert_form.py: DEBUG - Expert 946470099 entered expert_6 handler but write incorrect slot: 11:00
30-07-2022 05:07:15: expert_form.py: DEBUG - Expert 733833846 entered expert_6_1 handler with cd 1 and sd {'list': [1]}
30-07-2022 05:07:17: expert_form.py: DEBUG - Expert 224677493 entered expert_5 handler
30-07-2022 05:07:18: expert_menu.py: DEBUG - Search_applicant function shows that expert 171178342 have 11 suitable applicants
30-07-2022 05:07:18: expert_menu.py: DEBUG - Expert 171178342 entered page_click_expert handler with page 5
30-07-2022 05:07:18: expert_form.py: DEBUG - Expert 733833846 entered expert_6_1 handler with cd 2 and sd {'list': [1, 2]}
30-07-2022 05:07:19: expert_form.py: DEBUG - Expert 946470099 entered expert_6 handler but write incorrect slot: 11:00
30-07-2022 05:07:20: expert_form.py: DEBUG - Expert 733833846 entered expert_6_1 handler with cd 3 and sd {'list': [1, 2, 3]}
30-07-2022 05:07:21: expert_menu.py: DEBUG - Search_applicant function shows that expert 171178342 have 11 suitable applicants
30-07-2022 05:07:21: expert_menu.py: DEBUG - Expert 171178342 entered page_click_expert handler with page 6
30-07-2022 05:07:23: expert_form.py: DEBUG - Expert 733833846 entered expert_6_1 handler with cd 4 and sd {'list': [1, 2, 3, 4]}
30-07-2022 05:07:24: expert_form.py: DEBUG - Expert 733833846 entered expert_6_1 handler with cd 6 and sd {'list': [1, 2, 3, 4, 6]}
30-07-2022 05:07:25: expert_menu.py: DEBUG - Search_applicant function shows that expert 171178342 have 11 suitable applicants
30-07-2022 05:07:25: expert_menu.py: DEBUG - Expert 171178342 entered page_click_expert handler with page 7
30-07-2022 05:07:28: expert_form.py: DEBUG - Expert 733833846 entered expert_6_1 handler with cd 9 and sd {'list': [1, 2, 3, 4, 6, 9]}
30-07-2022 05:07:30: expert_form.py: DEBUG - Expert 733833846 entered expert_6_1 handler with cd done and sd {'list': [1, 2, 3, 4, 6, 9]}
30-07-2022 05:07:37: expert_form.py: DEBUG - Expert 946470099 entered expert_6 handler but write incorrect slot: 12:30
30-07-2022 05:07:43: expert_menu.py: DEBUG - Expert 733833846 entered add_photo handler
30-07-2022 05:07:46: expert_menu.py: DEBUG - Expert 733833846 entered update_photo handler
30-07-2022 05:07:49: expert_form.py: DEBUG - Expert 946470099 entered expert_6 handler but write incorrect slot: 12:00
30-07-2022 05:07:53: expert_form.py: DEBUG - Expert 1321086876 entered expert_6 handler with message: /start ZXhwZXJ0
30-07-2022 05:08:00: expert_form.py: DEBUG - Expert 1321086876 entered expert_6 handler with message: @katerinalyubimova
30-07-2022 05:08:06: expert_profile.py: DEBUG - Expert 1321086876 entered check_profile_e handler
30-07-2022 05:08:07: expert_menu.py: DEBUG - Expert 733833846 entered uploading_photo handler
30-07-2022 05:08:12: expert_profile.py: DEBUG - Expert 1321086876 entered change_profile_e handler
30-07-2022 05:08:14: expert_profile.py: DEBUG - Expert 1321086876 entered che_profile handler
30-07-2022 05:08:41: expert_form.py: DEBUG - Expert 946470099 entered expert_6 handler but write incorrect slot: 14:00
30-07-2022 05:08:54: expert_form.py: DEBUG - Expert 338344749 entered expert_6 handler with message: @DemianovSergej
30-07-2022 05:08:54: expert_profile.py: DEBUG - Expert 1321086876 entered che_profile2 handler
30-07-2022 05:08:59: expert_menu.py: DEBUG - Expert 338344749 entered search_applicants handler
30-07-2022 05:08:59: expert_menu.py: DEBUG - Search_applicant function shows that expert 338344749 have 10 suitable applicants
30-07-2022 05:08:59: expert_profile.py: DEBUG - Expert 1321086876 entered check_profile_e handler
30-07-2022 05:09:03: expert_menu.py: DEBUG - Expert 1321086876 entered expert_menu handler
30-07-2022 05:09:04: expert_menu.py: DEBUG - Expert 733833846 entered update_timetable handler
30-07-2022 05:09:07: expert_menu.py: DEBUG - Expert 733833846 entered update_timetable2 handler
30-07-2022 05:09:14: expert_form.py: DEBUG - Expert 946470099 entered expert_6 handler but write incorrect slot: 30.08.2022
30-07-2022 05:09:34: expert_menu.py: DEBUG - Expert 1321086876 entered search_applicants handler
30-07-2022 05:09:35: expert_menu.py: DEBUG - Search_applicant function shows that expert 1321086876 have 8 suitable applicants
30-07-2022 05:09:54: expert_menu.py: DEBUG - Expert 1321086876 entered expert_menu handler
30-07-2022 05:10:13: expert_menu.py: DEBUG - Expert 1321086876 entered search_applicants handler
30-07-2022 05:10:13: expert_menu.py: DEBUG - Search_applicant function shows that expert 1321086876 have 8 suitable applicants
30-07-2022 05:10:17: expert_form.py: DEBUG - Expert 946470099 entered expert_6 handler
30-07-2022 05:10:21: expert_form.py: DEBUG - Expert 946470099 entered expert_6_1 handler with cd 1 and sd {'list': [1]}
30-07-2022 05:10:22: expert_menu.py: DEBUG - Expert 1321086876 entered applicant_chosen handler with applicant 360694993 and 4 free slots
30-07-2022 05:10:22: expert_form.py: DEBUG - Expert 946470099 entered expert_6_1 handler with cd 2 and sd {'list': [1, 2]}
30-07-2022 05:10:24: expert_form.py: DEBUG - Expert 946470099 entered expert_6_1 handler with cd 3 and sd {'list': [1, 2, 3]}
30-07-2022 05:10:24: expert_menu.py: DEBUG - Expert 733833846 entered expert_changing_tt and changed timetable
30-07-2022 05:10:26: expert_menu.py: DEBUG - Expert 733833846 entered expert_menu handler
30-07-2022 05:10:29: expert_form.py: DEBUG - Expert 946470099 entered expert_6_1 handler with cd 9 and sd {'list': [1, 2, 3, 9]}
30-07-2022 05:10:30: expert_form.py: DEBUG - Expert 946470099 entered expert_6_1 handler with cd 8 and sd {'list': [1, 2, 3, 9, 8]}
30-07-2022 05:10:32: expert_form.py: DEBUG - Expert 946470099 entered expert_6_1 handler with cd 4 and sd {'list': [1, 2, 3, 9, 8, 4]}
30-07-2022 05:10:33: expert_form.py: DEBUG - Expert 946470099 entered expert_6_1 handler with cd 6 and sd {'list': [1, 2, 3, 9, 8, 4, 6]}
30-07-2022 05:10:39: expert_form.py: DEBUG - Expert 946470099 entered expert_6_1 handler with cd 6 and sd {'list': [1, 2, 3, 9, 8, 4]}
30-07-2022 05:10:48: expert_form.py: DEBUG - Expert 946470099 entered expert_6_1 handler with cd 6 and sd {'list': [1, 2, 3, 9, 8, 4, 6]}
30-07-2022 05:10:52: expert_form.py: DEBUG - Expert 946470099 entered expert_6_1 handler with cd 6 and sd {'list': [1, 2, 3, 9, 8, 4]}
30-07-2022 05:10:56: expert_form.py: DEBUG - Expert 946470099 entered expert_6_1 handler with cd done and sd {'list': [1, 2, 3, 9, 8, 4]}
30-07-2022 05:11:01: expert_menu.py: DEBUG - Expert 946470099 entered add_photo handler
30-07-2022 05:11:03: expert_menu.py: DEBUG - Expert 946470099 entered update_photo handler
30-07-2022 05:11:39: expert_menu.py: DEBUG - Expert 1321086876 entered search_applicants handler
30-07-2022 05:11:39: expert_menu.py: DEBUG - Search_applicant function shows that expert 1321086876 have 8 suitable applicants
30-07-2022 05:12:31: expert_menu.py: DEBUG - Expert 946470099 entered uploading_photo handler
30-07-2022 05:12:45: start.py: DEBUG - Expert 338344749 use /menu command
30-07-2022 05:12:47: expert_profile.py: DEBUG - Expert 338344749 entered check_profile_e handler
30-07-2022 05:12:51: expert_form.py: DEBUG - Expert 224677493 entered expert_6 handler
30-07-2022 05:13:28: expert_form.py: DEBUG - Expert 224677493 entered expert_6_1 handler with cd 7 and sd {'list': [7]}
30-07-2022 05:13:47: expert_form.py: DEBUG - Expert 224677493 entered expert_6_1 handler with cd 2 and sd {'list': [7, 2]}
30-07-2022 05:13:49: expert_form.py: DEBUG - Expert 224677493 entered expert_6_1 handler with cd 2 and sd {'list': [7]}
30-07-2022 05:13:53: expert_form.py: DEBUG - Expert 224677493 entered expert_6_1 handler with cd 3 and sd {'list': [7, 3]}
30-07-2022 05:13:54: expert_form.py: DEBUG - Expert 224677493 entered expert_6_1 handler with cd 3 and sd {'list': [7]}
30-07-2022 05:13:55: expert_form.py: DEBUG - Expert 224677493 entered expert_6_1 handler with cd 3 and sd {'list': [7, 3]}
30-07-2022 05:13:56: expert_form.py: DEBUG - Expert 224677493 entered expert_6_1 handler with cd 4 and sd {'list': [7, 3, 4]}
30-07-2022 05:13:57: expert_form.py: DEBUG - Expert 224677493 entered expert_6_1 handler with cd 5 and sd {'list': [7, 3, 4, 5]}
30-07-2022 05:13:58: expert_form.py: DEBUG - Expert 224677493 entered expert_6_1 handler with cd 6 and sd {'list': [7, 3, 4, 5, 6]}
30-07-2022 05:14:01: expert_form.py: DEBUG - Expert 224677493 entered expert_6_1 handler with cd 8 and sd {'list': [7, 3, 4, 5, 6, 8]}
30-07-2022 05:14:02: expert_form.py: DEBUG - Expert 224677493 entered expert_6_1 handler with cd 9 and sd {'list': [7, 3, 4, 5, 6, 8, 9]}
30-07-2022 05:14:07: expert_form.py: DEBUG - Expert 224677493 entered expert_6_1 handler with cd 1 and sd {'list': [7, 3, 4, 5, 6, 8, 9, 1]}
30-07-2022 05:14:28: expert_form.py: DEBUG - Expert 224677493 entered expert_6_1 handler with cd 2 and sd {'list': [7, 3, 4, 5, 6, 8, 9, 1, 2]}
30-07-2022 05:14:31: expert_form.py: DEBUG - Expert 224677493 entered expert_6_1 handler with cd done and sd {'list': [7, 3, 4, 5, 6, 8, 9, 1, 2]}
30-07-2022 05:15:22: expert_menu.py: DEBUG - Expert 224677493 entered add_photo handler
30-07-2022 05:15:26: expert_menu.py: DEBUG - Expert 224677493 entered update_photo handler
30-07-2022 05:18:56: expert_menu.py: DEBUG - Expert 224677493 entered uploading_photo handler
30-07-2022 05:19:02: expert_profile.py: DEBUG - Expert 224677493 entered check_profile_e handler
30-07-2022 05:19:06: expert_menu.py: DEBUG - Expert 224677493 entered expert_menu handler
30-07-2022 05:19:09: expert_menu.py: DEBUG - Expert 224677493 entered exert_meetings handler but he doesn't have meetings yet
30-07-2022 05:19:12: start.py: DEBUG - Expert 224677493 use /menu command
30-07-2022 05:19:21: start.py: DEBUG - Expert 224677493 use /menu command
30-07-2022 05:23:35: expert_menu.py: DEBUG - Expert 946470099 entered search_applicants handler
30-07-2022 05:23:37: start.py: WARNING - User 946470099 entered bot with unknown start args: ZXhwZXJ0, and got exception: UNIQUE constraint failed: experts.user_id
30-07-2022 05:23:42: start.py: DEBUG - Expert 946470099 use /menu command
30-07-2022 05:23:44: expert_menu.py: DEBUG - Expert 946470099 entered search_applicants handler
30-07-2022 05:23:47: start.py: DEBUG - Expert 946470099 use /menu command
30-07-2022 05:23:49: expert_menu.py: DEBUG - Expert 946470099 entered update_timetable handler
30-07-2022 05:24:27: expert_menu.py: DEBUG - Expert 946470099 entered update_timetable2 handler
30-07-2022 05:24:56: expert_menu.py: DEBUG - Expert 946470099 entered expert_changing_tt and changed timetable
30-07-2022 05:24:59: expert_menu.py: DEBUG - Expert 946470099 entered expert_menu handler
30-07-2022 05:25:06: expert_menu.py: DEBUG - Expert 946470099 entered update_timetable handler
30-07-2022 05:25:28: expert_menu.py: DEBUG - Expert 946470099 entered update_timetable2 handler
30-07-2022 05:25:37: expert_menu.py: DEBUG - Expert 946470099 entered expert_changing_tt and changed timetable
30-07-2022 05:25:39: expert_menu.py: DEBUG - Expert 946470099 entered expert_menu handler
30-07-2022 05:25:45: expert_menu.py: DEBUG - Expert 946470099 entered exert_meetings handler but he doesn't have meetings yet
30-07-2022 05:25:48: expert_menu.py: DEBUG - Expert 946470099 entered expert_menu handler
30-07-2022 06:19:48: expert_menu.py: DEBUG - Expert 1321086876 entered expert_menu handler
30-07-2022 06:19:51: expert_menu.py: DEBUG - Expert 1321086876 entered search_applicants handler
30-07-2022 06:19:51: expert_menu.py: DEBUG - Search_applicant function shows that expert 1321086876 have 8 suitable applicants
30-07-2022 06:19:53: expert_menu.py: DEBUG - Expert 1321086876 entered expert_menu handler
30-07-2022 06:54:28: start.py: DEBUG - User 1629093970 start the bot as an applicant
30-07-2022 06:56:11: start.py: DEBUG - User 819154825 start the bot as an applicant
30-07-2022 06:57:33: start.py: DEBUG - Applicant 819154825 use /menu command
30-07-2022 06:57:55: start.py: DEBUG - User 5018364371 start the bot as an applicant
30-07-2022 06:58:00: start.py: DEBUG - User 572605181 start the bot as an applicant
30-07-2022 06:58:22: start.py: DEBUG - User 2081062073 start the bot as an applicant
30-07-2022 06:59:59: applicant_menu.py: DEBUG - Applicant 819154825 entered applicant_meetings handler but he doesn't have meetings yet
30-07-2022 07:04:22: start.py: DEBUG - Applicant 819154825 use /menu command
30-07-2022 07:04:29: applicant_menu.py: DEBUG - Applicant 819154825 entered search_experts handler
30-07-2022 07:04:30: applicant_menu.py: DEBUG - Applicant 819154825 entered search_experts handler
30-07-2022 07:04:31: applicant_menu.py: DEBUG - Applicant 819154825 entered search_experts handler
30-07-2022 07:04:52: applicant_menu.py: DEBUG - Applicant 819154825 entered search_experts handler
30-07-2022 07:05:01: applicant_menu.py: DEBUG - Applicant 819154825 entered applicant_meetings handler but he doesn't have meetings yet
30-07-2022 07:05:04: applicant_menu.py: DEBUG - Applicant 819154825 entered applicant_menu handler
30-07-2022 07:05:05: applicant_menu.py: DEBUG - Applicant 819154825 entered search_experts handler
30-07-2022 07:07:00: expert_menu.py: DEBUG - Expert 733833846 entered exert_meetings handler but he doesn't have meetings yet
30-07-2022 07:07:02: expert_menu.py: DEBUG - Expert 733833846 entered expert_menu handler
30-07-2022 07:07:07: expert_menu.py: DEBUG - Expert 733833846 entered add_photo handler
30-07-2022 07:07:10: expert_menu.py: DEBUG - Expert 733833846 entered expert_menu handler
30-07-2022 08:09:57: start.py: DEBUG - User 1794687150 start the bot as an applicant
30-07-2022 08:23:14: start.py: DEBUG - User 758159497 start the bot as an applicant
30-07-2022 09:21:19: start.py: DEBUG - User 366642004 start the bot as an applicant
30-07-2022 09:40:11: start.py: DEBUG - User 761508454 start the bot as an applicant
30-07-2022 10:00:39: expert_menu.py: DEBUG - Expert 224677493 entered exert_meetings handler but he doesn't have meetings yet
30-07-2022 10:01:11: expert_menu.py: DEBUG - Expert 946470099 entered search_applicants handler
30-07-2022 10:01:17: start.py: DEBUG - Expert 946470099 use /menu command
30-07-2022 10:01:22: expert_menu.py: DEBUG - Expert 946470099 entered search_applicants handler
30-07-2022 10:01:27: start.py: DEBUG - Expert 946470099 use /menu command
30-07-2022 10:01:33: expert_menu.py: DEBUG - Expert 946470099 entered exert_meetings handler but he doesn't have meetings yet
30-07-2022 10:01:36: expert_menu.py: DEBUG - Expert 946470099 entered expert_menu handler
30-07-2022 10:12:40: start.py: DEBUG - User 489514755 start the bot as an applicant
30-07-2022 11:54:09: expert_menu.py: DEBUG - Expert 946470099 entered search_applicants handler
30-07-2022 11:54:15: start.py: DEBUG - Expert 946470099 use /menu command
30-07-2022 11:54:17: expert_menu.py: DEBUG - Expert 946470099 entered search_applicants handler
30-07-2022 11:54:18: start.py: DEBUG - Expert 946470099 use /menu command
30-07-2022 11:54:20: expert_menu.py: DEBUG - Expert 946470099 entered exert_meetings handler but he doesn't have meetings yet
30-07-2022 11:54:22: expert_menu.py: DEBUG - Expert 946470099 entered expert_menu handler
30-07-2022 11:55:45: expert_menu.py: DEBUG - Expert 946470099 entered exert_meetings handler but he doesn't have meetings yet
30-07-2022 11:55:47: expert_menu.py: DEBUG - Expert 946470099 entered expert_menu handler
30-07-2022 12:48:59: expert_menu.py: DEBUG - Expert 946470099 entered search_applicants handler
30-07-2022 12:49:03: start.py: DEBUG - Expert 946470099 use /menu command
30-07-2022 12:49:05: expert_menu.py: DEBUG - Expert 946470099 entered exert_meetings handler but he doesn't have meetings yet
30-07-2022 13:20:31: applicant_form.py: DEBUG - Applicant 1794687150 entered applicant_start handler
30-07-2022 13:20:35: applicant_form.py: DEBUG - Applicant 1794687150 entered applicant_1 handler
30-07-2022 13:20:39: applicant_form.py: DEBUG - Applicant 1794687150 entered applicant_2 handler
30-07-2022 13:21:02: applicant_form.py: DEBUG - Applicant 1794687150 entered applicant_3 handler
31-07-2022 06:24:55: start.py: DEBUG - Expert 946470099 use /menu command
31-07-2022 06:24:57: expert_menu.py: DEBUG - Expert 946470099 entered exert_meetings handler but he doesn't have meetings yet
31-07-2022 06:24:59: expert_menu.py: DEBUG - Expert 946470099 entered expert_menu handler
31-07-2022 06:25:00: expert_menu.py: DEBUG - Expert 946470099 entered search_applicants handler
31-07-2022 06:25:10: start.py: DEBUG - User 436836661 start the bot as an expert
31-07-2022 06:25:15: expert_form.py: DEBUG - Expert 436836661 entered expert_start handler
31-07-2022 06:25:17: start.py: DEBUG - User 341491761 start the bot as an expert
31-07-2022 06:25:18: expert_form.py: DEBUG - Expert 436836661 entered expert_1 handler
31-07-2022 06:25:19: expert_form.py: DEBUG - Expert 341491761 entered expert_start handler
31-07-2022 06:25:26: expert_form.py: DEBUG - Expert 341491761 entered expert_1 handler
31-07-2022 06:25:29: expert_form.py: DEBUG - Expert 341491761 entered expert_2 handler
31-07-2022 06:25:29: expert_form.py: DEBUG - Expert 436836661 entered expert_2 handler
31-07-2022 06:25:33: expert_form.py: DEBUG - Expert 436836661 entered expert_2_1 handler with cd 12
31-07-2022 06:25:36: expert_form.py: DEBUG - Expert 341491761 entered expert_2_1 handler with cd 12
31-07-2022 06:25:59: expert_menu.py: DEBUG - Expert 733833846 entered exert_meetings handler but he doesn't have meetings yet
31-07-2022 06:26:33: expert_form.py: DEBUG - Expert 341491761 entered expert_5 handler
31-07-2022 06:26:42: expert_form.py: DEBUG - Expert 436836661 entered expert_5 handler
31-07-2022 06:27:02: expert_form.py: DEBUG - Expert 341491761 entered expert_6 handler
31-07-2022 06:27:16: expert_form.py: DEBUG - Expert 341491761 entered expert_6_1 handler with cd 2 and sd {'list': [2]}
31-07-2022 06:27:22: expert_form.py: DEBUG - Expert 436836661 entered expert_6 handler but write incorrect slot: 31.07
31-07-2022 06:27:24: expert_form.py: DEBUG - Expert 341491761 entered expert_6_1 handler with cd done and sd {'list': [2]}
31-07-2022 06:27:46: expert_form.py: DEBUG - Expert 436836661 entered expert_6 handler but write incorrect slot: 31.07.2022
31-07-2022 06:28:00: expert_form.py: DEBUG - Expert 436836661 entered expert_6 handler but write incorrect slot: 01.08.2022
31-07-2022 06:35:21: expert_profile.py: DEBUG - Expert 767028281 entered che_direction handler
31-07-2022 06:35:32: expert_profile.py: DEBUG - Expert 767028281 entered che_direction2 handler
31-07-2022 06:35:34: expert_profile.py: DEBUG - Expert 767028281 entered che_division handler
31-07-2022 06:59:14: start.py: DEBUG - User 1574747168 start the bot as an applicant
31-07-2022 07:07:43: start.py: DEBUG - User 769633732 start the bot as an applicant
31-07-2022 07:07:43: start.py: DEBUG - User 1401232241 start the bot as an applicant
31-07-2022 07:07:44: start.py: DEBUG - User 1969892175 start the bot as an applicant
31-07-2022 07:07:50: applicant_form.py: DEBUG - Applicant 1969892175 entered applicant_start handler
31-07-2022 07:07:51: applicant_form.py: DEBUG - Applicant 1401232241 entered applicant_start handler
31-07-2022 07:07:58: applicant_form.py: DEBUG - Applicant 1401232241 entered applicant_1 handler
31-07-2022 07:07:59: applicant_form.py: DEBUG - Applicant 1969892175 entered applicant_1 handler
31-07-2022 07:07:59: start.py: DEBUG - User 1137062656 start the bot as an applicant
31-07-2022 07:08:03: applicant_form.py: DEBUG - Applicant 1401232241 entered applicant_2 handler
31-07-2022 07:08:06: applicant_form.py: DEBUG - Applicant 1969892175 entered applicant_2 handler
31-07-2022 07:08:10: applicant_form.py: DEBUG - Applicant 1969892175 entered applicant_3 handler
31-07-2022 07:08:10: applicant_form.py: DEBUG - Applicant 1401232241 entered applicant_3 handler
31-07-2022 07:12:18: start.py: DEBUG - User 794386358 start the bot as an applicant
31-07-2022 15:30:00: notifications.py: DEBUG - Applicant 5513172754 got notif_1day notification
31-07-2022 20:40:33: applicant_menu.py: DEBUG - Applicant 5513172754 entered applicant_meetings handler and got 1 his meetings
31-07-2022 20:40:33: applicant_menu.py: DEBUG - Applicant 5513172754 entered applicant_meetings handler but he doesn't have meetings yet
31-07-2022 20:40:41: applicant_menu.py: DEBUG - Applicant 5513172754 entered check_meeting handler with meeting 17
31-07-2022 20:40:53: applicant_menu.py: DEBUG - Applicant 5513172754 entered applicant_meetings handler and got 1 his meetings
31-07-2022 20:40:53: applicant_menu.py: DEBUG - Applicant 5513172754 entered applicant_meetings handler but he doesn't have meetings yet
31-07-2022 20:40:55: applicant_menu.py: DEBUG - Applicant 5513172754 entered applicant_menu handler
31-07-2022 20:40:57: applicant_menu.py: DEBUG - Applicant 5513172754 entered search_experts handler
31-07-2022 20:40:57: applicant_menu.py: DEBUG - Search_expert function shows that expert 5513172754 have 7 suitable experts
31-07-2022 20:41:02: applicant_menu.py: DEBUG - Search_expert function shows that expert 5513172754 have 7 suitable experts
31-07-2022 20:41:03: applicant_menu.py: DEBUG - Applicant 5513172754 entered page_click_applicant handler with page 2
31-07-2022 20:41:11: applicant_menu.py: DEBUG - Search_expert function shows that expert 5513172754 have 7 suitable experts
31-07-2022 20:41:11: applicant_menu.py: DEBUG - Applicant 5513172754 entered page_click_applicant handler with page 3
31-07-2022 20:41:18: applicant_menu.py: DEBUG - Search_expert function shows that expert 5513172754 have 7 suitable experts
31-07-2022 20:41:18: applicant_menu.py: DEBUG - Applicant 5513172754 entered page_click_applicant handler with page 4
31-07-2022 20:41:25: applicant_menu.py: DEBUG - Search_expert function shows that expert 5513172754 have 7 suitable experts
31-07-2022 20:41:25: applicant_menu.py: DEBUG - Applicant 5513172754 entered page_click_applicant handler with page 5
31-07-2022 20:41:28: applicant_menu.py: DEBUG - Search_expert function shows that expert 5513172754 have 7 suitable experts
31-07-2022 20:41:28: applicant_menu.py: DEBUG - Applicant 5513172754 entered page_click_applicant handler with page 6
31-07-2022 20:41:33: applicant_menu.py: DEBUG - Search_expert function shows that expert 5513172754 have 7 suitable experts
31-07-2022 20:41:34: applicant_menu.py: DEBUG - Applicant 5513172754 entered page_click_applicant handler with page 7
31-07-2022 20:41:42: applicant_menu.py: DEBUG - Applicant 5513172754 entered expert_chosen handler with applicant 1321086876 and 2 free slots
31-07-2022 20:41:50: notifications.py: DEBUG - Expert 1321086876 got notif_init_expert notification about meeting 18
31-07-2022 20:41:50: applicant_menu.py: DEBUG - Applicant 5513172754 entered choosing_time handler with expert 1321086876 and 01.08.2022 10:00 slot
31-07-2022 20:41:58: applicant_menu.py: DEBUG - Applicant 5513172754 entered applicant_menu handler
31-07-2022 20:42:00: applicant_menu.py: DEBUG - Applicant 5513172754 entered applicant_meetings handler and got 2 his meetings
31-07-2022 20:42:00: applicant_menu.py: DEBUG - Applicant 5513172754 entered applicant_meetings handler but he doesn't have meetings yet
31-07-2022 20:42:04: applicant_menu.py: DEBUG - Applicant 5513172754 entered check_meeting handler with meeting 17
31-07-2022 20:42:06: notifications.py: DEBUG - Expert 973575680 got notif_cancel_to_expert notification about 01.08.2022 18:30 meeting
31-07-2022 20:42:06: applicant_menu.py: DEBUG - Job 97f00cd2e8fb4c3196d32e2b948963cb was removed from job storage
31-07-2022 20:42:06: applicant_menu.py: DEBUG - Job 3b4bdf7033184cb5b19859f9052d3d68 was removed from job storage
31-07-2022 20:42:06: applicant_menu.py: DEBUG - Applicant 5513172754 entered meeting_cancelation handler with meeting 17
31-07-2022 20:42:10: applicant_menu.py: DEBUG - Applicant 5513172754 entered applicant_menu handler
31-07-2022 20:42:14: applicant_menu.py: DEBUG - Applicant 5513172754 entered search_experts handler
31-07-2022 20:42:14: applicant_menu.py: DEBUG - Search_expert function shows that expert 5513172754 have 7 suitable experts
31-07-2022 20:42:19: applicant_menu.py: DEBUG - Search_expert function shows that expert 5513172754 have 7 suitable experts
31-07-2022 20:42:19: applicant_menu.py: DEBUG - Applicant 5513172754 entered page_click_applicant handler with page 2
31-07-2022 20:42:20: applicant_menu.py: DEBUG - Search_expert function shows that expert 5513172754 have 7 suitable experts
31-07-2022 20:42:20: applicant_menu.py: DEBUG - Applicant 5513172754 entered page_click_applicant handler with page 3
31-07-2022 20:42:22: applicant_menu.py: DEBUG - Search_expert function shows that expert 5513172754 have 7 suitable experts
31-07-2022 20:42:22: applicant_menu.py: DEBUG - Applicant 5513172754 entered page_click_applicant handler with page 4
31-07-2022 20:42:24: applicant_menu.py: DEBUG - Search_expert function shows that expert 5513172754 have 7 suitable experts
31-07-2022 20:42:25: applicant_menu.py: DEBUG - Applicant 5513172754 entered page_click_applicant handler with page 5
31-07-2022 20:42:32: applicant_menu.py: DEBUG - Search_expert function shows that expert 5513172754 have 7 suitable experts
31-07-2022 20:42:33: applicant_menu.py: DEBUG - Applicant 5513172754 entered page_click_applicant handler with page 6
31-07-2022 20:42:49: applicant_menu.py: DEBUG - Search_expert function shows that expert 5513172754 have 7 suitable experts
31-07-2022 20:42:49: applicant_menu.py: DEBUG - Applicant 5513172754 entered page_click_applicant handler with page 7
01-08-2022 02:12:23: expert_menu.py: DEBUG - Expert 1321086876 entered notif_init_applicant_result with meeting 18 and cd approved_e_18
01-08-2022 03:51:12: expert_menu.py: DEBUG - Expert 1321086876 entered search_applicants handler
01-08-2022 03:51:13: expert_menu.py: DEBUG - Search_applicant function shows that expert 1321086876 have 8 suitable applicants
01-08-2022 03:51:16: expert_menu.py: DEBUG - Expert 1321086876 entered expert_menu handler
01-08-2022 04:00:00: notifications.py: DEBUG - Applicant 5513172754 got notif_3hours notification about 18 meeting
01-08-2022 04:01:05: zoom.py: DEBUG - Script generated new zoom meeting link arranged at 2022-08-01T10:00:00
01-08-2022 04:01:06: notifications.py: DEBUG - Expert 1321086876 got notif_approved_3hours_to_expert notification
01-08-2022 04:01:06: applicant_menu.py: DEBUG - Applicant 5513172754 entered approved_3hours handler with meeting 18
01-08-2022 04:56:11: expert_menu.py: DEBUG - Expert 1321086876 entered exert_meetings handler but he doesn't have meetings yet
01-08-2022 04:56:16: expert_menu.py: DEBUG - Expert 1321086876 entered expert_menu handler
01-08-2022 05:10:33: expert_menu.py: DEBUG - Expert 1321086876 entered exert_meetings handler but he doesn't have meetings yet
01-08-2022 06:00:00: notifications.py: DEBUG - Applicant 5513172754 got notif_1hour notification
01-08-2022 06:55:00: notifications.py: DEBUG - Applicant 5513172754 got notif_5min notification
01-08-2022 07:17:44: start.py: DEBUG - Applicant 5513172754 use /menu command
01-08-2022 07:17:57: applicant_menu.py: DEBUG - Applicant 5513172754 entered search_experts handler
01-08-2022 07:17:57: applicant_menu.py: DEBUG - Search_expert function shows that expert 5513172754 have 7 suitable experts
01-08-2022 07:19:08: start.py: DEBUG - Applicant 5513172754 use /menu command
01-08-2022 07:19:11: applicant_menu.py: DEBUG - Applicant 5513172754 entered applicant_meetings handler but he doesn't have meetings yet
01-08-2022 07:21:36: start.py: DEBUG - Applicant 5513172754 use /menu command
01-08-2022 07:21:40: applicant_menu.py: DEBUG - Applicant 5513172754 entered search_experts handler
01-08-2022 07:21:40: applicant_menu.py: DEBUG - Search_expert function shows that expert 5513172754 have 7 suitable experts
01-08-2022 09:14:16: start.py: DEBUG - User 1009123730 start the bot as an applicant
01-08-2022 09:14:20: applicant_form.py: DEBUG - Applicant 1009123730 entered applicant_start handler
01-08-2022 09:14:25: applicant_form.py: DEBUG - Applicant 1009123730 entered applicant_1 handler
01-08-2022 09:14:33: applicant_form.py: DEBUG - Applicant 1009123730 entered applicant_2 handler
01-08-2022 09:14:39: applicant_form.py: DEBUG - Applicant 1009123730 entered applicant_3 handler
01-08-2022 12:17:27: applicant_menu.py: DEBUG - Applicant 5513172754 entered applicant_menu handler
01-08-2022 12:17:32: applicant_menu.py: DEBUG - Applicant 5513172754 entered search_experts handler
01-08-2022 12:17:32: applicant_menu.py: DEBUG - Search_expert function shows that expert 5513172754 have 7 suitable experts
01-08-2022 12:17:34: applicant_menu.py: DEBUG - Search_expert function shows that expert 5513172754 have 7 suitable experts
01-08-2022 12:17:34: applicant_menu.py: DEBUG - Applicant 5513172754 entered page_click_applicant handler with page 2
01-08-2022 12:17:37: applicant_menu.py: DEBUG - Search_expert function shows that expert 5513172754 have 7 suitable experts
01-08-2022 12:17:37: applicant_menu.py: DEBUG - Applicant 5513172754 entered page_click_applicant handler with page 3
01-08-2022 12:17:39: applicant_menu.py: DEBUG - Search_expert function shows that expert 5513172754 have 7 suitable experts
01-08-2022 12:17:40: applicant_menu.py: DEBUG - Applicant 5513172754 entered page_click_applicant handler with page 4
01-08-2022 12:17:48: applicant_menu.py: DEBUG - Search_expert function shows that expert 5513172754 have 7 suitable experts
01-08-2022 12:17:48: applicant_menu.py: DEBUG - Applicant 5513172754 entered page_click_applicant handler with page 5
01-08-2022 12:17:50: applicant_menu.py: DEBUG - Search_expert function shows that expert 5513172754 have 7 suitable experts
01-08-2022 12:17:50: applicant_menu.py: DEBUG - Applicant 5513172754 entered page_click_applicant handler with page 6
01-08-2022 12:17:54: applicant_menu.py: DEBUG - Search_expert function shows that expert 5513172754 have 7 suitable experts
01-08-2022 12:17:54: applicant_menu.py: DEBUG - Applicant 5513172754 entered page_click_applicant handler with page 7
01-08-2022 12:17:58: applicant_menu.py: DEBUG - Applicant 5513172754 entered applicant_menu handler
01-08-2022 15:43:46: applicant_profile.py: DEBUG - Applicant 567213956 entered check_profile_a handler
01-08-2022 15:43:48: applicant_profile.py: DEBUG - Applicant 567213956 entered change_profile_a handler
01-08-2022 15:43:53: applicant_profile.py: DEBUG - Applicant 567213956 entered cha_direction handler
01-08-2022 15:43:58: applicant_profile.py: DEBUG - Applicant 567213956 entered cha_direction2 handler
01-08-2022 15:44:03: applicant_profile.py: DEBUG - Applicant 567213956 entered cha_profile handler
01-08-2022 15:45:12: applicant_profile.py: DEBUG - Applicant 567213956 entered cha_profile2 handler
01-08-2022 15:45:15: applicant_profile.py: DEBUG - Applicant 567213956 entered cha_topics_details handler
01-08-2022 15:45:34: applicant_profile.py: DEBUG - Applicant 567213956 entered cha_topics_details2 handler
01-08-2022 15:45:39: applicant_profile.py: DEBUG - Applicant 567213956 entered cha_institution handler
01-08-2022 15:45:44: applicant_profile.py: DEBUG - Applicant 567213956 entered cha_institution2 handler
01-08-2022 15:45:48: applicant_profile.py: DEBUG - Applicant 567213956 entered check_profile_a handler
01-08-2022 15:45:52: applicant_profile.py: DEBUG - Applicant 567213956 entered change_profile_a handler
01-08-2022 15:45:53: applicant_profile.py: DEBUG - Applicant 567213956 entered cha_empl_region handler
01-08-2022 15:45:55: applicant_profile.py: DEBUG - Applicant 567213956 entered cha_empl_region2 handler
01-08-2022 15:46:01: applicant_profile.py: DEBUG - Applicant 567213956 entered cha_hobby handler
01-08-2022 15:46:09: applicant_profile.py: DEBUG - Applicant 567213956 entered cha_hobby2 handler
01-08-2022 15:46:10: applicant_profile.py: DEBUG - Applicant 567213956 entered check_profile_a handler
01-08-2022 15:46:30: applicant_profile.py: DEBUG - Applicant 567213956 entered change_profile_a handler
01-08-2022 15:46:32: applicant_profile.py: DEBUG - Applicant 567213956 entered check_profile_a handler
01-08-2022 15:46:33: applicant_menu.py: DEBUG - Applicant 567213956 entered applicant_menu handler
01-08-2022 15:46:35: applicant_menu.py: DEBUG - Applicant 567213956 entered add_photo handler
01-08-2022 15:46:44: applicant_menu.py: DEBUG - Applicant 567213956 entered update_photo handler
01-08-2022 15:48:12: applicant_menu.py: DEBUG - Applicant 567213956 entered uploading_photo handler
01-08-2022 15:48:17: start.py: DEBUG - Applicant 567213956 use /menu command
01-08-2022 15:48:20: applicant_profile.py: DEBUG - Applicant 567213956 entered check_profile_a handler
01-08-2022 15:48:24: applicant_menu.py: DEBUG - Applicant 567213956 entered applicant_menu handler
01-08-2022 16:12:45: start.py: DEBUG - User 947322199 start the bot as an applicant
01-08-2022 16:12:49: applicant_form.py: DEBUG - Applicant 947322199 entered applicant_start handler
01-08-2022 16:12:58: applicant_form.py: DEBUG - Applicant 947322199 entered applicant_1 handler
01-08-2022 16:13:04: applicant_form.py: DEBUG - Applicant 947322199 entered applicant_2 handler
01-08-2022 16:13:17: applicant_form.py: DEBUG - Applicant 947322199 entered applicant_3 handler
01-08-2022 16:14:10: applicant_form.py: DEBUG - Applicant 947322199 entered applicant_4 handler
01-08-2022 16:14:41: applicant_form.py: DEBUG - Applicant 947322199 entered applicant_5 handler
01-08-2022 16:14:47: applicant_form.py: DEBUG - Applicant 947322199 entered applicant_6 handler
01-08-2022 16:14:56: applicant_form.py: DEBUG - Applicant 947322199 entered applicant_7 handler
01-08-2022 16:15:50: applicant_form.py: DEBUG - Applicant 947322199 entered applicant_8 handler
01-08-2022 16:16:15: applicant_form.py: DEBUG - Applicant 947322199 entered applicant_8_1 handler with cd 1 and sd {'list': [1]}
01-08-2022 16:16:22: applicant_form.py: DEBUG - Applicant 947322199 entered applicant_8_1 handler with cd 4 and sd {'list': [1, 4]}
01-08-2022 16:16:24: applicant_form.py: DEBUG - Applicant 947322199 entered applicant_8_1 handler with cd 5 and sd {'list': [1, 4, 5]}
01-08-2022 16:16:28: applicant_form.py: DEBUG - Applicant 947322199 entered applicant_8_1 handler with cd done and sd {'list': [1, 4, 5]}
01-08-2022 20:21:57: applicant_menu.py: DEBUG - Applicant 5513172754 entered search_experts handler
01-08-2022 20:21:57: applicant_menu.py: DEBUG - Search_expert function shows that expert 5513172754 have 7 suitable experts
01-08-2022 20:21:59: applicant_menu.py: DEBUG - Search_expert function shows that expert 5513172754 have 7 suitable experts
01-08-2022 20:22:00: applicant_menu.py: DEBUG - Applicant 5513172754 entered page_click_applicant handler with page 2
01-08-2022 20:22:03: applicant_menu.py: DEBUG - Search_expert function shows that expert 5513172754 have 7 suitable experts
01-08-2022 20:22:03: applicant_menu.py: DEBUG - Applicant 5513172754 entered page_click_applicant handler with page 3
01-08-2022 20:22:06: applicant_menu.py: DEBUG - Search_expert function shows that expert 5513172754 have 7 suitable experts
01-08-2022 20:22:06: applicant_menu.py: DEBUG - Applicant 5513172754 entered page_click_applicant handler with page 4
01-08-2022 20:22:09: applicant_menu.py: DEBUG - Search_expert function shows that expert 5513172754 have 7 suitable experts
01-08-2022 20:22:09: applicant_menu.py: DEBUG - Applicant 5513172754 entered page_click_applicant handler with page 5
01-08-2022 20:22:11: applicant_menu.py: DEBUG - Search_expert function shows that expert 5513172754 have 7 suitable experts
01-08-2022 20:22:11: applicant_menu.py: DEBUG - Applicant 5513172754 entered page_click_applicant handler with page 6
01-08-2022 20:22:13: applicant_menu.py: DEBUG - Search_expert function shows that expert 5513172754 have 7 suitable experts
01-08-2022 20:22:13: applicant_menu.py: DEBUG - Applicant 5513172754 entered page_click_applicant handler with page 7
01-08-2022 20:22:18: start.py: DEBUG - Applicant 5513172754 use /menu command
02-08-2022 07:00:00: notifications.py: DEBUG - Applicant 5513172754 got feedback_notif_applicant notification about meeting 18
02-08-2022 07:00:00: notifications.py: DEBUG - Expert 1321086876 got feedback_notif_applicant notification about meeting 18
02-08-2022 07:09:05: start.py: DEBUG - User 815555088 start the bot as an applicant
02-08-2022 07:20:00: applicant_menu.py: DEBUG - Applicant 5513172754 entered applicant_fb_agree with meeting 18
02-08-2022 07:25:44: applicant_menu.py: DEBUG - Applicant 5513172754 entered applicant_writing_feedback with meeting 18
02-08-2022 14:24:51: applicant_menu.py: DEBUG - Applicant 567213956 entered search_experts handler
02-08-2022 14:24:51: applicant_menu.py: DEBUG - Search_expert function shows that expert 567213956 have 5 suitable experts
02-08-2022 14:25:13: applicant_menu.py: DEBUG - Search_expert function shows that expert 567213956 have 5 suitable experts
02-08-2022 14:25:13: applicant_menu.py: DEBUG - Applicant 567213956 entered page_click_applicant handler with page 2
02-08-2022 14:25:44: applicant_menu.py: DEBUG - Search_expert function shows that expert 567213956 have 5 suitable experts
02-08-2022 14:25:45: applicant_menu.py: DEBUG - Applicant 567213956 entered page_click_applicant handler with page 3
02-08-2022 14:25:46: applicant_menu.py: DEBUG - Search_expert function shows that expert 567213956 have 5 suitable experts
02-08-2022 14:25:46: applicant_menu.py: DEBUG - Applicant 567213956 entered page_click_applicant handler with page 4
02-08-2022 14:26:10: applicant_menu.py: DEBUG - Search_expert function shows that expert 567213956 have 5 suitable experts
02-08-2022 14:26:11: applicant_menu.py: DEBUG - Applicant 567213956 entered page_click_applicant handler with page 5
02-08-2022 14:26:19: applicant_menu.py: DEBUG - Search_expert function shows that expert 567213956 have 5 suitable experts
02-08-2022 14:26:19: applicant_menu.py: DEBUG - Applicant 567213956 entered page_click_applicant handler with page 4
02-08-2022 14:26:21: applicant_menu.py: DEBUG - Search_expert function shows that expert 567213956 have 5 suitable experts
02-08-2022 14:26:21: applicant_menu.py: DEBUG - Applicant 567213956 entered page_click_applicant handler with page 5
02-08-2022 14:31:26: start.py: DEBUG - User 567213956 start the bot as an expert
02-08-2022 14:31:29: expert_form.py: DEBUG - Expert 567213956 entered expert_start handler
02-08-2022 14:31:33: expert_form.py: DEBUG - Expert 567213956 entered expert_1 handler
02-08-2022 14:32:02: expert_form.py: DEBUG - Expert 567213956 entered expert_2 handler
02-08-2022 14:32:08: expert_form.py: DEBUG - Expert 567213956 entered expert_2_1 handler with cd other
02-08-2022 14:32:14: expert_form.py: DEBUG - Expert 567213956 entered expert_3 handler
02-08-2022 14:32:22: expert_form.py: DEBUG - Expert 567213956 entered expert_5 handler
02-08-2022 14:32:42: expert_form.py: DEBUG - Expert 567213956 entered expert_6 handler
02-08-2022 14:32:45: expert_form.py: DEBUG - Expert 567213956 entered expert_6_1 handler with cd 2 and sd {'list': [2]}
02-08-2022 14:32:46: expert_form.py: DEBUG - Expert 567213956 entered expert_6_1 handler with cd 3 and sd {'list': [2, 3]}
02-08-2022 14:32:47: expert_form.py: DEBUG - Expert 567213956 entered expert_6_1 handler with cd 4 and sd {'list': [2, 3, 4]}
02-08-2022 14:32:48: expert_form.py: DEBUG - Expert 567213956 entered expert_6_1 handler with cd 7 and sd {'list': [2, 3, 4, 7]}
02-08-2022 14:32:49: expert_form.py: DEBUG - Expert 567213956 entered expert_6_1 handler with cd 8 and sd {'list': [2, 3, 4, 7, 8]}
02-08-2022 14:32:51: expert_form.py: DEBUG - Expert 567213956 entered expert_6_1 handler with cd done and sd {'list': [2, 3, 4, 7, 8]}
02-08-2022 14:33:00: expert_menu.py: DEBUG - Expert 567213956 entered search_applicants handler
02-08-2022 14:33:00: expert_menu.py: DEBUG - Search_applicant function shows that expert 567213956 have 9 suitable applicants
02-08-2022 14:33:16: expert_menu.py: DEBUG - Search_applicant function shows that expert 567213956 have 9 suitable applicants
02-08-2022 14:33:17: expert_menu.py: DEBUG - Expert 567213956 entered page_click_expert handler with page 2
02-08-2022 14:33:26: expert_menu.py: DEBUG - Search_applicant function shows that expert 567213956 have 9 suitable applicants
02-08-2022 14:33:26: expert_menu.py: DEBUG - Expert 567213956 entered page_click_expert handler with page 3
02-08-2022 14:34:16: expert_menu.py: DEBUG - Search_applicant function shows that expert 567213956 have 9 suitable applicants
02-08-2022 14:34:16: expert_menu.py: DEBUG - Expert 567213956 entered page_click_expert handler with page 4
02-08-2022 14:34:18: expert_menu.py: DEBUG - Search_applicant function shows that expert 567213956 have 9 suitable applicants
02-08-2022 14:34:18: expert_menu.py: DEBUG - Expert 567213956 entered page_click_expert handler with page 5
02-08-2022 14:34:27: expert_menu.py: DEBUG - Search_applicant function shows that expert 567213956 have 9 suitable applicants
02-08-2022 14:34:28: expert_menu.py: DEBUG - Expert 567213956 entered page_click_expert handler with page 6
02-08-2022 14:34:32: expert_menu.py: DEBUG - Search_applicant function shows that expert 567213956 have 9 suitable applicants
02-08-2022 14:34:32: expert_menu.py: DEBUG - Expert 567213956 entered page_click_expert handler with page 7
02-08-2022 14:34:36: expert_menu.py: DEBUG - Search_applicant function shows that expert 567213956 have 9 suitable applicants
02-08-2022 14:34:36: expert_menu.py: DEBUG - Expert 567213956 entered page_click_expert handler with page 8
02-08-2022 14:34:53: expert_menu.py: DEBUG - Search_applicant function shows that expert 567213956 have 9 suitable applicants
02-08-2022 14:34:53: expert_menu.py: DEBUG - Expert 567213956 entered page_click_expert handler with page 7
02-08-2022 14:34:54: expert_menu.py: DEBUG - Search_applicant function shows that expert 567213956 have 9 suitable applicants
02-08-2022 14:34:54: expert_menu.py: DEBUG - Expert 567213956 entered page_click_expert handler with page 6
02-08-2022 14:34:56: expert_menu.py: DEBUG - Search_applicant function shows that expert 567213956 have 9 suitable applicants
02-08-2022 14:34:56: expert_menu.py: DEBUG - Expert 567213956 entered page_click_expert handler with page 5
02-08-2022 14:34:57: expert_menu.py: DEBUG - Search_applicant function shows that expert 567213956 have 9 suitable applicants
02-08-2022 14:34:57: expert_menu.py: DEBUG - Expert 567213956 entered page_click_expert handler with page 4
02-08-2022 14:34:59: expert_menu.py: DEBUG - Expert 567213956 entered applicant_chosen handler with applicant 767028281 and 5 free slots
02-08-2022 14:35:10: notifications.py: DEBUG - Applicant 767028281 got notif_init_applicant notification
02-08-2022 14:35:10: expert_menu.py: DEBUG - Expert 567213956 entered choosing_time handler with applicant 767028281 and 25.08.2022 17:00 slot
02-08-2022 14:35:33: expert_menu.py: DEBUG - Expert 567213956 entered expert_menu handler
02-08-2022 14:35:35: expert_menu.py: DEBUG - Expert 567213956 entered exert_meetings handler and got 1 his meetings
02-08-2022 14:39:23: expert_menu.py: DEBUG - Expert 567213956 entered check_meeting handler with meeting 19
02-08-2022 14:39:38: notifications.py: DEBUG - Applicant 767028281 got notif_cancel_to_applicant notification of 25.08.2022 17:00 meeting
02-08-2022 14:39:38: expert_menu.py: DEBUG - Expert 567213956 entered meeting_cancelation handler with meeting 19
02-08-2022 14:39:55: expert_menu.py: DEBUG - Expert 567213956 entered expert_menu handler
02-08-2022 14:40:13: expert_menu.py: DEBUG - Expert 567213956 entered add_photo handler
02-08-2022 14:40:38: expert_menu.py: DEBUG - Expert 567213956 entered update_photo handler
02-08-2022 14:40:55: expert_menu.py: DEBUG - Expert 567213956 entered uploading_photo handler
02-08-2022 15:30:00: notifications.py: DEBUG - Applicant 360694993 got notif_1day notification
02-08-2022 19:33:37: start.py: DEBUG - Expert 224677493 use /menu command
03-08-2022 09:14:26: applicant_menu.py: DEBUG - Applicant 5513172754 entered search_experts handler
03-08-2022 09:14:26: applicant_menu.py: DEBUG - Search_expert function shows that expert 5513172754 have 3 suitable experts
03-08-2022 09:14:28: applicant_menu.py: DEBUG - Search_expert function shows that expert 5513172754 have 3 suitable experts
03-08-2022 09:14:28: applicant_menu.py: DEBUG - Applicant 5513172754 entered page_click_applicant handler with page 2
03-08-2022 09:14:30: applicant_menu.py: DEBUG - Search_expert function shows that expert 5513172754 have 3 suitable experts
03-08-2022 09:14:30: applicant_menu.py: DEBUG - Applicant 5513172754 entered page_click_applicant handler with page 3
03-08-2022 12:30:00: notifications.py: DEBUG - Applicant 360694993 got notif_3hours notification about 16 meeting
03-08-2022 12:49:46: notifications.py: DEBUG - Expert 973575680 got notif_cancel_to_expert2 notification
03-08-2022 12:49:46: applicant_menu.py: DEBUG - Job c8a5d3c1c99d44a1aa4a41eca93a8dfe was removed from job storage
03-08-2022 12:49:46: applicant_menu.py: DEBUG - Job d0ac1954b38740e0867693de27eaf17f was removed from job storage
03-08-2022 12:49:46: applicant_menu.py: DEBUG - Applicant 360694993 entered canceled_3hours handler with meeting 16
04-08-2022 12:38:47: start.py: DEBUG - User 567213956 start the bot as an expert
04-08-2022 12:38:49: expert_form.py: DEBUG - Expert 567213956 entered expert_start handler
04-08-2022 12:38:53: expert_form.py: DEBUG - Expert 567213956 entered expert_1 handler
04-08-2022 12:39:21: expert_form.py: DEBUG - Expert 567213956 entered expert_2 handler
04-08-2022 12:39:28: expert_form.py: DEBUG - Expert 567213956 entered expert_2_1 handler with cd 9
04-08-2022 12:39:31: expert_form.py: DEBUG - Expert 567213956 entered expert_5 handler
04-08-2022 12:39:32: expert_form.py: DEBUG - Expert 567213956 entered expert_6 handler but write incorrect slot: 
04-08-2022 12:39:37: expert_form.py: DEBUG - Expert 567213956 entered expert_6 handler but write incorrect slot: 12.09.2022
04-08-2022 12:39:43: expert_form.py: DEBUG - Expert 567213956 entered expert_6 handler
04-08-2022 12:39:44: expert_form.py: DEBUG - Expert 567213956 entered expert_6_1 handler with cd 4 and sd {'list': [4]}
04-08-2022 12:39:45: expert_form.py: DEBUG - Expert 567213956 entered expert_6_1 handler with cd 8 and sd {'list': [4, 8]}
04-08-2022 12:39:46: expert_form.py: DEBUG - Expert 567213956 entered expert_6_1 handler with cd done and sd {'list': [4, 8]}
04-08-2022 20:16:03: start.py: DEBUG - User 5050409229 start the bot as an applicant
