30-05-2022 01:29:58: app.py: INFO - table applicants already exists
30-05-2022 01:29:58: app.py: INFO - table experts already exists
30-05-2022 01:29:58: app.py: INFO - table meetings already exists
30-05-2022 01:29:58: app.py: INFO - table admins already exists
30-05-2022 01:29:58: app.py: INFO - Bot is running
30-05-2022 01:30:23: start.py: DEBUG - User 259733823 tried to use /start command again
30-05-2022 01:31:22: app.py: INFO - Bot stopped
30-05-2022 01:31:25: app.py: INFO - table applicants already exists
30-05-2022 01:31:25: app.py: INFO - table experts already exists
30-05-2022 01:31:25: app.py: INFO - table meetings already exists
30-05-2022 01:31:25: app.py: INFO - table admins already exists
30-05-2022 01:31:25: app.py: INFO - Bot is running
30-05-2022 01:38:26: app.py: INFO - Bot stopped
30-05-2022 01:44:22: app.py: INFO - table applicants already exists
30-05-2022 01:44:22: app.py: INFO - table experts already exists
30-05-2022 01:44:22: app.py: INFO - table meetings already exists
30-05-2022 01:44:22: app.py: INFO - table admins already exists
30-05-2022 01:44:22: app.py: INFO - Bot is running
30-05-2022 01:45:06: app.py: INFO - Bot stopped
30-05-2022 01:45:08: app.py: INFO - table applicants already exists
30-05-2022 01:45:08: app.py: INFO - table experts already exists
30-05-2022 01:45:08: app.py: INFO - table meetings already exists
30-05-2022 01:45:08: app.py: INFO - table admins already exists
30-05-2022 01:45:08: app.py: INFO - Bot is running
30-05-2022 01:46:05: app.py: INFO - Bot stopped
30-05-2022 01:46:08: app.py: INFO - table applicants already exists
30-05-2022 01:46:08: app.py: INFO - table experts already exists
30-05-2022 01:46:08: app.py: INFO - table meetings already exists
30-05-2022 01:46:08: app.py: INFO - table admins already exists
30-05-2022 01:46:08: app.py: INFO - Bot is running
30-05-2022 01:46:57: app.py: INFO - Bot stopped
30-05-2022 01:47:00: app.py: INFO - table applicants already exists
30-05-2022 01:47:00: app.py: INFO - table experts already exists
30-05-2022 01:47:00: app.py: INFO - table meetings already exists
30-05-2022 01:47:00: app.py: INFO - table admins already exists
30-05-2022 01:47:00: app.py: INFO - Bot is running
30-05-2022 01:48:03: app.py: INFO - Bot stopped
30-05-2022 01:48:05: app.py: INFO - table applicants already exists
30-05-2022 01:48:05: app.py: INFO - table experts already exists
30-05-2022 01:48:05: app.py: INFO - table meetings already exists
30-05-2022 01:48:05: app.py: INFO - table admins already exists
30-05-2022 01:48:05: app.py: INFO - Bot is running
30-05-2022 01:52:10: app.py: INFO - Bot stopped
30-05-2022 01:52:12: app.py: INFO - table applicants already exists
30-05-2022 01:52:12: app.py: INFO - table experts already exists
30-05-2022 01:52:12: app.py: INFO - table meetings already exists
30-05-2022 01:52:12: app.py: INFO - table admins already exists
30-05-2022 01:52:12: app.py: INFO - Bot is running
30-05-2022 01:53:02: app.py: INFO - Bot stopped
30-05-2022 01:53:04: app.py: INFO - table applicants already exists
30-05-2022 01:53:04: app.py: INFO - table experts already exists
30-05-2022 01:53:04: app.py: INFO - table meetings already exists
30-05-2022 01:53:04: app.py: INFO - table admins already exists
30-05-2022 01:53:04: app.py: INFO - Bot is running
30-05-2022 01:53:38: app.py: INFO - Bot stopped
30-05-2022 01:53:41: app.py: INFO - table applicants already exists
30-05-2022 01:53:41: app.py: INFO - table experts already exists
30-05-2022 01:53:41: app.py: INFO - table meetings already exists
30-05-2022 01:53:41: app.py: INFO - table admins already exists
30-05-2022 01:53:41: app.py: INFO - Bot is running
30-05-2022 01:53:55: app.py: INFO - Bot stopped
30-05-2022 01:53:58: app.py: INFO - table applicants already exists
30-05-2022 01:53:58: app.py: INFO - table experts already exists
30-05-2022 01:53:58: app.py: INFO - table meetings already exists
30-05-2022 01:53:58: app.py: INFO - table admins already exists
30-05-2022 01:53:58: app.py: INFO - Bot is running
30-05-2022 01:56:50: app.py: INFO - Bot stopped
30-05-2022 01:57:02: app.py: INFO - table applicants already exists
30-05-2022 01:57:02: app.py: INFO - table experts already exists
30-05-2022 01:57:02: app.py: INFO - table meetings already exists
30-05-2022 01:57:02: app.py: INFO - table admins already exists
30-05-2022 01:57:02: app.py: INFO - Bot is running
30-05-2022 01:57:32: app.py: INFO - Bot stopped
30-05-2022 01:57:35: app.py: INFO - table applicants already exists
30-05-2022 01:57:35: app.py: INFO - table experts already exists
30-05-2022 01:57:35: app.py: INFO - table meetings already exists
30-05-2022 01:57:35: app.py: INFO - table admins already exists
30-05-2022 01:57:35: app.py: INFO - Bot is running
30-05-2022 02:01:19: start.py: DEBUG - User 259733823 tried to use /start command again
30-05-2022 02:01:49: app.py: INFO - Bot stopped
30-05-2022 02:01:53: app.py: INFO - table applicants already exists
30-05-2022 02:01:53: app.py: INFO - table experts already exists
30-05-2022 02:01:53: app.py: INFO - table meetings already exists
30-05-2022 02:01:53: app.py: INFO - table admins already exists
30-05-2022 02:01:53: app.py: INFO - Bot is running
30-05-2022 02:01:54: start.py: DEBUG - User 259733823 tried to use /start command again
30-05-2022 02:14:38: app.py: INFO - Bot stopped
30-05-2022 02:14:42: app.py: INFO - table applicants already exists
30-05-2022 02:14:42: app.py: INFO - table experts already exists
30-05-2022 02:14:42: app.py: INFO - table meetings already exists
30-05-2022 02:14:42: app.py: INFO - table admins already exists
30-05-2022 02:14:42: app.py: INFO - Bot is running
30-05-2022 02:16:33: app.py: INFO - Bot stopped
30-05-2022 02:16:37: app.py: INFO - table applicants already exists
30-05-2022 02:16:37: app.py: INFO - table experts already exists
30-05-2022 02:16:37: app.py: INFO - table meetings already exists
30-05-2022 02:16:37: app.py: INFO - table admins already exists
30-05-2022 02:16:37: app.py: INFO - Bot is running
30-05-2022 02:17:25: app.py: INFO - Bot stopped
30-05-2022 02:17:29: app.py: INFO - table applicants already exists
30-05-2022 02:17:29: app.py: INFO - table experts already exists
30-05-2022 02:17:29: app.py: INFO - table meetings already exists
30-05-2022 02:17:29: app.py: INFO - table admins already exists
30-05-2022 02:17:29: app.py: INFO - Bot is running
30-05-2022 02:18:12: app.py: INFO - Bot stopped
30-05-2022 02:18:15: app.py: INFO - table applicants already exists
30-05-2022 02:18:15: app.py: INFO - table experts already exists
30-05-2022 02:18:15: app.py: INFO - table meetings already exists
30-05-2022 02:18:15: app.py: INFO - table admins already exists
30-05-2022 02:18:15: app.py: INFO - Bot is running
30-05-2022 02:18:49: app.py: INFO - Bot stopped
30-05-2022 02:36:48: app.py: INFO - table applicants already exists
30-05-2022 02:36:48: app.py: INFO - table experts already exists
30-05-2022 02:36:48: app.py: INFO - table meetings already exists
30-05-2022 02:36:48: app.py: INFO - table admins already exists
30-05-2022 02:36:48: app.py: INFO - Bot is running
30-05-2022 02:53:07: app.py: INFO - Bot stopped
30-05-2022 02:53:35: app.py: INFO - table applicants already exists
30-05-2022 02:53:35: app.py: INFO - table experts already exists
30-05-2022 02:53:35: app.py: INFO - table meetings already exists
30-05-2022 02:53:35: app.py: INFO - table admins already exists
30-05-2022 02:53:35: app.py: INFO - Bot is running
30-05-2022 02:54:47: app.py: INFO - Bot stopped
30-05-2022 02:54:50: app.py: INFO - table applicants already exists
30-05-2022 02:54:50: app.py: INFO - table experts already exists
30-05-2022 02:54:50: app.py: INFO - table meetings already exists
30-05-2022 02:54:50: app.py: INFO - table admins already exists
30-05-2022 02:54:50: app.py: INFO - Bot is running
30-05-2022 02:55:49: app.py: INFO - Bot stopped
30-05-2022 02:55:53: app.py: INFO - table applicants already exists
30-05-2022 02:55:53: app.py: INFO - table experts already exists
30-05-2022 02:55:53: app.py: INFO - table meetings already exists
30-05-2022 02:55:53: app.py: INFO - table admins already exists
30-05-2022 02:55:53: app.py: INFO - Bot is running
30-05-2022 02:56:48: app.py: INFO - Bot stopped
30-05-2022 02:56:51: app.py: INFO - table applicants already exists
30-05-2022 02:56:51: app.py: INFO - table experts already exists
30-05-2022 02:56:51: app.py: INFO - table meetings already exists
30-05-2022 02:56:51: app.py: INFO - table admins already exists
30-05-2022 02:56:51: app.py: INFO - Bot is running
30-05-2022 03:09:05: app.py: INFO - Bot stopped
30-05-2022 03:09:09: app.py: INFO - table applicants already exists
30-05-2022 03:09:09: app.py: INFO - table experts already exists
30-05-2022 03:09:09: app.py: INFO - table meetings already exists
30-05-2022 03:09:09: app.py: INFO - table admins already exists
30-05-2022 03:09:09: app.py: INFO - Bot is running
30-05-2022 03:10:19: app.py: INFO - Bot stopped
30-05-2022 03:10:23: app.py: INFO - table applicants already exists
30-05-2022 03:10:23: app.py: INFO - table experts already exists
30-05-2022 03:10:23: app.py: INFO - table meetings already exists
30-05-2022 03:10:23: app.py: INFO - table admins already exists
30-05-2022 03:10:23: app.py: INFO - Bot is running
30-05-2022 03:11:49: app.py: INFO - Bot stopped
30-05-2022 03:11:53: app.py: INFO - table applicants already exists
30-05-2022 03:11:53: app.py: INFO - table experts already exists
30-05-2022 03:11:53: app.py: INFO - table meetings already exists
30-05-2022 03:11:53: app.py: INFO - table admins already exists
30-05-2022 03:11:53: app.py: INFO - Bot is running
30-05-2022 03:21:11: app.py: INFO - Bot stopped
30-05-2022 03:21:15: app.py: INFO - table applicants already exists
30-05-2022 03:21:15: app.py: INFO - table experts already exists
30-05-2022 03:21:15: app.py: INFO - table meetings already exists
30-05-2022 03:21:15: app.py: INFO - table admins already exists
30-05-2022 03:21:15: app.py: INFO - Bot is running
30-05-2022 03:26:36: app.py: INFO - Bot stopped
30-05-2022 03:26:40: app.py: INFO - table applicants already exists
30-05-2022 03:26:40: app.py: INFO - table experts already exists
30-05-2022 03:26:40: app.py: INFO - table meetings already exists
30-05-2022 03:26:40: app.py: INFO - table admins already exists
30-05-2022 03:26:40: app.py: INFO - Bot is running
30-05-2022 03:29:59: app.py: INFO - Bot stopped
30-05-2022 03:30:03: app.py: INFO - table applicants already exists
30-05-2022 03:30:03: app.py: INFO - table experts already exists
30-05-2022 03:30:03: app.py: INFO - table meetings already exists
30-05-2022 03:30:03: app.py: INFO - table admins already exists
30-05-2022 03:30:03: app.py: INFO - Bot is running
30-05-2022 07:42:26: app.py: INFO - Bot stopped
30-05-2022 07:42:31: app.py: INFO - table applicants already exists
30-05-2022 07:42:31: app.py: INFO - table experts already exists
30-05-2022 07:42:31: app.py: INFO - table meetings already exists
30-05-2022 07:42:31: app.py: INFO - table admins already exists
30-05-2022 07:42:31: app.py: INFO - Bot is running
30-05-2022 07:56:18: app.py: INFO - Bot stopped
30-05-2022 07:56:23: app.py: INFO - table applicants already exists
30-05-2022 07:56:23: app.py: INFO - table experts already exists
30-05-2022 07:56:23: app.py: INFO - Table "meetings" is created
30-05-2022 07:56:23: app.py: INFO - table admins already exists
30-05-2022 07:56:23: app.py: INFO - Bot is running
30-05-2022 08:01:01: app.py: INFO - Bot stopped
30-05-2022 08:07:10: app.py: INFO - table applicants already exists
30-05-2022 08:07:10: app.py: INFO - table experts already exists
30-05-2022 08:07:10: app.py: INFO - table meetings already exists
30-05-2022 08:07:10: app.py: INFO - table admins already exists
30-05-2022 08:07:10: app.py: INFO - Bot is running
30-05-2022 08:10:49: app.py: INFO - Bot stopped
30-05-2022 10:41:41: app.py: INFO - table applicants already exists
30-05-2022 10:41:41: app.py: INFO - table experts already exists
30-05-2022 10:41:41: app.py: INFO - table meetings already exists
30-05-2022 10:41:41: app.py: INFO - table admins already exists
30-05-2022 10:41:41: app.py: INFO - Bot is running
30-05-2022 10:41:46: applicant_menu.py: DEBUG - Applicant 1984327268 entered applicant_menu handler
30-05-2022 10:41:48: applicant_menu.py: DEBUG - Search_expert function shows that expert 1984327268 have 9 suitable applicants
30-05-2022 10:41:48: applicant_menu.py: DEBUG - Applicant 1984327268 entered search_experts handler
30-05-2022 10:41:49: applicant_menu.py: DEBUG - Applicant 1984327268 entered applicant_menu handler
30-05-2022 10:41:50: applicant_menu.py: DEBUG - Applicant 1984327268 entered applicant_meetings handler and got 3 his meetings
30-05-2022 10:41:50: applicant_menu.py: DEBUG - Applicant 1984327268 entered applicant_meetings handler but he doesn't have meetings yet
30-05-2022 10:41:52: applicant_menu.py: DEBUG - Applicant 1984327268 entered check_meeting handler with meeting 3
30-05-2022 10:41:54: applicant_menu.py: DEBUG - Applicant 1984327268 entered applicant_meetings handler and got 3 his meetings
30-05-2022 10:41:54: applicant_menu.py: DEBUG - Applicant 1984327268 entered applicant_meetings handler but he doesn't have meetings yet
30-05-2022 10:41:55: applicant_menu.py: DEBUG - Applicant 1984327268 entered check_meeting handler with meeting 3
30-05-2022 10:41:56: notifications.py: DEBUG - Expert 259733823 got notif_cancel_to_expert notification about 30.05.2022 11:08 meeting
30-05-2022 10:41:56: applicant_menu.py: DEBUG - Applicant 1984327268 entered meeting_cancelation handler with meeting 3
30-05-2022 10:41:57: applicant_menu.py: DEBUG - Applicant 1984327268 entered applicant_menu handler
30-05-2022 10:42:38: app.py: INFO - Bot stopped
